
          -------------------------------------------------------
          Amber 24 PMEMD                              2024
          -------------------------------------------------------

| PMEMD implementation of SANDER, Release 24

|  Compiled date/time: Thu Apr  3 14:55:38 2025
| Run on 05/16/2026 at 01:07:01

|   Executable path: pmemd.cuda
| Working directory: /home/anugraha/IDP/equilibrate
|          Hostname: sapphire-0

  [-O]verwriting output

File Assignments:
|   MDIN: equil_npt_polish.in                                                   
|  MDOUT: chunks/npt_20.out                                                     
| INPCRD: chunks/npt_19.rst7                                                    
|   PARM: /home/anugraha/IDP/build/complex.prmtop                               
| RESTRT: chunks/npt_20.rst7                                                    
|   REFC: chunks/npt_19.rst7                                                    
|  MDVEL: mdvel                                                                 
|   MDEN: mden                                                                  
|  MDCRD: chunks/npt_20.nc                                                      
| MDINFO: chunks/npt_20.mdinfo                                                  
|  MDFRC: mdfrc                                                                 


 Here is the input file:

NPT polish chunk: 250 ps, 300 K, 0.1 kcal backbone restraint, MC barostat      
 &cntrl                                                                        
  imin   = 0,                                                                  
  irest  = 1, ntx = 5,                                                         
  nstlim = 125000, dt = 0.002,                                                 
  ntc    = 2, ntf = 2,                                                         
  cut    = 10.0,                                                               
  ntb    = 2,                                                                  
  ntp    = 1, barostat = 2, pres0 = 1.0, mcbarint = 100,                       
  ntt    = 3, gamma_ln = 2.0, temp0 = 300.0,                                   
  ntr    = 1,                                                                  
  restraint_wt = 0.1,                                                          
  restraintmask = "(:1-140) & @N,CA,C,O",                                      
  ig     = -1,                                                                 
  ntpr   = 2500, ntwx = 2500, ntwr = 25000,                                    
  iwrap  = 1, ioutfm = 1,                                                      
 /                                                                             


Note: ig = -1. Setting random seed to   629645 based on wallclock time in 
      microseconds.
| irandom = 1, using AMBER's internal random number generator (default).
 
|--------------------- INFORMATION ----------------------
| GPU (CUDA) Version of PMEMD in use: NVIDIA GPU IN USE.
|                    Version 18.0.0
| 
|                      03/25/2018
| 
| Implementation by:
|                    Ross C. Walker     (SDSC)
|                    Scott Le Grand     (nVIDIA)
| 
| Version 18 performance extensions by:
|                    David Cerutti     (Rutgers)
| 
| Precision model in use:
|      [SPFP] - Single Precision Forces, 64-bit Fixed Point
|               Accumulation. (Default)
| 
|--------------------------------------------------------
 
|----------------- CITATION INFORMATION -----------------
|
|    When publishing work that utilized the CUDA version
|    of AMBER, please cite the following in addition to
|    the regular AMBER citations:
|
|  - Romelia Salomon-Ferrer; Andreas W. Goetz; Duncan
|    Poole; Scott Le Grand; Ross C. Walker "Routine
|    microsecond molecular dynamics simulations with
|    AMBER - Part II: Particle Mesh Ewald", J. Chem.
|    Theory Comput., 2013, 9 (9), pp3878-3888,
|    DOI: 10.1021/ct400314y.
|
|  - Andreas W. Goetz; Mark J. Williamson; Dong Xu;
|    Duncan Poole; Scott Le Grand; Ross C. Walker
|    "Routine microsecond molecular dynamics simulations
|    with AMBER - Part I: Generalized Born", J. Chem.
|    Theory Comput., 2012, 8 (5), pp1542-1555.
|
|  - Scott Le Grand; Andreas W. Goetz; Ross C. Walker
|    "SPFP: Speed without compromise - a mixed precision
|    model for GPU accelerated molecular dynamics
|    simulations.", Comp. Phys. Comm., 2013, 184
|    pp374-380, DOI: 10.1016/j.cpc.2012.09.022
|
|--------------------------------------------------------
 
|------------------- GPU DEVICE INFO --------------------
|
|            CUDA_VISIBLE_DEVICES: 0
|   CUDA Capable Devices Detected:      1
|           CUDA Device ID in use:      0
|                CUDA Device Name: NVIDIA A100-SXM4-80GB
|     CUDA Device Global Mem Size:  81152 MB
| CUDA Device Num Multiprocessors:    108
|           CUDA Device Core Freq:   1.41 GHz
|
|--------------------------------------------------------
 
 
| Conditional Compilation Defines Used:
| PUBFFT
| BINTRAJ
| CUDA
| EMIL

| Largest sphere to fit in unit cell has radius =    30.522

| New format PARM file being parsed.
| Version =    1.000 Date = 05/15/26 Time = 17:24:49

| Note: 1-4 EEL scale factors are being read from the topology file.

| Note: 1-4 VDW scale factors are being read from the topology file.
| INFO:    Virtual site frames will be inferred from bonding patterns.
| INFO: Off Diagonal (NBFIX) LJ terms found in prmtop file.
|       The prmtop file has been modified to support atom
|       type based pairwise Lennard-Jones terms.
| Duplicated    0 dihedrals

| Duplicated    0 dihedrals

--------------------------------------------------------------------------------
   1.  RESOURCE   USE: 
--------------------------------------------------------------------------------

 getting box info from netcdf restart file
 NATOM  =  108126 NTYPES =      32 NBONH =   80449 MBONA  =   27522
 NTHETH =   28829 MTHETA =    1412 NPHIH =    4993 MPHIA  =    4071
 NHPARM =       0 NPARM  =       0 NNB   =  196844 NRES   =   26785
 NBONA  =   27522 NTHETA =    1412 NPHIA =    4071 NUMBND =      74
 NUMANG =     152 NPTRA  =     108 NATYP =      51 NPHB   =       0
 IFBOX  =       1 NMXRS  =      38 IFCAP =       0 NEXTRA =   26476
 NCOPY  =       0

| Coordinate Index Table dimensions:    13   32   11
| Direct force subcell size =     5.7955    5.5342    5.5495

     BOX TYPE: RECTILINEAR

--------------------------------------------------------------------------------
   2.  CONTROL  DATA  FOR  THE  RUN
--------------------------------------------------------------------------------

default_name                                                                    

General flags:
     imin    =       0, nmropt  =       0

Nature and format of input:
     ntx     =       5, irest   =       1, ntrx    =       1

Nature and format of output:
     ntxo    =       2, ntpr    =    2500, ntrx    =       1, ntwr    =   25000
     iwrap   =       1, ntwx    =    2500, ntwv    =       0, ntwe    =       0
     ioutfm  =       1, ntwprt  =       0, idecomp =       0, rbornstat=      0

Potential function:
     ntf     =       2, ntb     =       2, igb     =       0, nsnb    =      25
     ipol    =       0, gbsa    =       0, iesp    =       0
     dielc   =   1.00000, cut     =  10.00000, intdiel =   1.00000

Frozen or restrained atoms:
     ibelly  =       0, ntr     =       1
     restraint_wt =   0.10000

Molecular dynamics:
     nstlim  =    125000, nscm    =         0, nrespa  =         1
     t       =   0.00000, dt      =   0.00200, vlimit  =  -1.00000

Langevin dynamics temperature regulation:
     ig      =  629645
     temp0   = 300.00000, tempi   =   0.00000, gamma_ln=   2.00000

Pressure regulation:
     ntp     =       1
     pres0   =   1.00000, comp    =  44.60000, taup    =   1.00000
     Monte-Carlo Barostat:
     mcbarint  =     100

SHAKE:
     ntc     =       2, jfastw  =       0
     tol     =   0.00001

| Intermolecular bonds treatment:
|     no_intermolecular_bonds =       1

| Energy averages sample interval:
|     ene_avg_sampling =    2500

Extra-points options:
     frameon =       1, chngmask=       1

Ewald parameters:
     verbose =       0, ew_type =       0, nbflag  =       1, use_pme =       1
     vdwmeth =       1, eedmeth =       1, netfrc  =       1
     Box X =   75.342   Box Y =  177.093   Box Z =   61.044
     Alpha =   90.000   Beta  =   90.000   Gamma =   90.000
     NFFT1 =   80       NFFT2 =  180       NFFT3 =   64
     Cutoff=   10.000   Tol   =0.100E-04
     Ewald Coefficient =  0.27511
     Interpolation order =    4

    LOADING THE CONSTRAINED ATOMS AS GROUPS


   5.  REFERENCE ATOM COORDINATES

  default_name                                                                    
     Mask (:1-140) & @N,CA,C,O; matches   560 atoms
|      EXTRA_PTS, trim_bonds: num bonds BEFORE trim = 80449     0
|      EXTRA_PTS, trim_bonds: num bonds AFTER  trim = 80449     0
|      EXTRA_PTS, trim_bonds: num bonds BEFORE trim = 27522     0
|      EXTRA_PTS, trim_bonds: num bonds AFTER  trim =  1046     0
|      EXTRA_PTS, trim_theta: num angle BEFORE trim = 28829     0
|      EXTRA_PTS, trim_theta: num angle AFTER  trim = 28829     0
|      EXTRA_PTS, trim_theta: num angle BEFORE trim =  1412     0
|      EXTRA_PTS, trim_theta: num angle AFTER  trim =  1412     0
|      EXTRA_PTS, trim_phi:  num diheds BEFORE trim =  4993     0
|      EXTRA_PTS, trim_phi:  num diheds AFTER  trim =  4993     0
|      EXTRA_PTS, trim_phi:  num diheds BEFORE trim =  4071     0
|      EXTRA_PTS, trim_phi:  num diheds AFTER  trim =  4071     0
| MONTE CARLO BAROSTAT IMPORTANT NOTE:
|   The Monte-Carlo barostat does not require the virial to adjust the system volume.
|   Since it is an expensive calculation, it is skipped for efficiency. A side-effect
|   is that the reported pressure is always 0 because it is not calculated.

--------------------------------------------------------------------------------
   3.  ATOMIC COORDINATES AND VELOCITIES
--------------------------------------------------------------------------------

default_name                                                                    
 begin time read from input coords =  4650.000 ps

 
 Number of triangulated 3-point waters found:    26476

     Sum of charges from parm topology file =  -0.00201509
     Forcing neutrality...

| Dynamic Memory, Types Used:
| Reals             4815083
| Integers          9375957

| Nonbonded Pairs Initial Allocation:    32705411

| GPU memory information (estimate):
| KB of GPU memory in use:    829143
| KB of CPU memory in use:    182199

--------------------------------------------------------------------------------
   4.  RESULTS
--------------------------------------------------------------------------------

| MC Barostat: Decreasing size of volume moves
| MC Barostat: Decreasing size of volume moves

 NSTEP =     2500   TIME(PS) =    4655.000  TEMP(K) =   299.61  PRESS =     0.0
 Etot   =   -317989.2929  EKtot   =     48970.1484  EPtot      =   -366959.4413
 BOND   =       385.7339  ANGLE   =      1245.7022  DIHED      =      1612.2963
 1-4 NB =       334.1746  1-4 EEL =     -3616.3125  VDWAALS    =     45861.0563
 EELEC  =   -412795.9346  EHBOND  =         0.0000  RESTRAINT  =        13.8424
 EAMBER (non-restraint)  =   -366973.2837
 EKCMT  =         0.0000  VIRIAL  =         0.0000  VOLUME     =    815032.0741
                                                    Density    =         1.0118
 ------------------------------------------------------------------------------

| MC Barostat: Decreasing size of volume moves
| MC Barostat: Decreasing size of volume moves
| MC Barostat: Decreasing size of volume moves

 NSTEP =     5000   TIME(PS) =    4660.000  TEMP(K) =   300.58  PRESS =     0.0
 Etot   =   -317886.2966  EKtot   =     49129.8438  EPtot      =   -367016.1403
 BOND   =       350.7892  ANGLE   =      1256.5635  DIHED      =      1586.2092
 1-4 NB =       324.2956  1-4 EEL =     -3626.4143  VDWAALS    =     46161.2576
 EELEC  =   -413086.0710  EHBOND  =         0.0000  RESTRAINT  =        17.2298
 EAMBER (non-restraint)  =   -367033.3702
 EKCMT  =         0.0000  VIRIAL  =         0.0000  VOLUME     =    814399.2005
                                                    Density    =         1.0126
 ------------------------------------------------------------------------------

| MC Barostat: Decreasing size of volume moves
| MC Barostat: Decreasing size of volume moves

 NSTEP =     7500   TIME(PS) =    4665.000  TEMP(K) =   300.27  PRESS =     0.0
 Etot   =   -317670.5624  EKtot   =     49078.1758  EPtot      =   -366748.7382
 BOND   =       366.8882  ANGLE   =      1285.4185  DIHED      =      1582.0285
 1-4 NB =       322.0811  1-4 EEL =     -3593.0032  VDWAALS    =     46139.1283
 EELEC  =   -412872.9184  EHBOND  =         0.0000  RESTRAINT  =        21.6388
 EAMBER (non-restraint)  =   -366770.3770
 EKCMT  =         0.0000  VIRIAL  =         0.0000  VOLUME     =    813755.1769
                                                    Density    =         1.0134
 ------------------------------------------------------------------------------

| MC Barostat: Decreasing size of volume moves
| MC Barostat: Decreasing size of volume moves
| MC Barostat: Decreasing size of volume moves

 NSTEP =    10000   TIME(PS) =    4670.000  TEMP(K) =   299.77  PRESS =     0.0
 Etot   =   -317868.9368  EKtot   =     48996.6875  EPtot      =   -366865.6243
 BOND   =       366.0666  ANGLE   =      1251.1166  DIHED      =      1571.3869
 1-4 NB =       349.8128  1-4 EEL =     -3606.6109  VDWAALS    =     45638.9526
 EELEC  =   -412462.1810  EHBOND  =         0.0000  RESTRAINT  =        25.8321
 EAMBER (non-restraint)  =   -366891.4564
 EKCMT  =         0.0000  VIRIAL  =         0.0000  VOLUME     =    814289.7951
                                                    Density    =         1.0127
 ------------------------------------------------------------------------------

| MC Barostat: Decreasing size of volume moves
| MC Barostat: Decreasing size of volume moves

 NSTEP =    12500   TIME(PS) =    4675.000  TEMP(K) =   298.95  PRESS =     0.0
 Etot   =   -318021.1706  EKtot   =     48863.2188  EPtot      =   -366884.3893
 BOND   =       371.6047  ANGLE   =      1259.4674  DIHED      =      1616.8766
 1-4 NB =       331.6928  1-4 EEL =     -3595.6929  VDWAALS    =     45975.5971
 EELEC  =   -412868.0013  EHBOND  =         0.0000  RESTRAINT  =        24.0662
 EAMBER (non-restraint)  =   -366908.4555
 EKCMT  =         0.0000  VIRIAL  =         0.0000  VOLUME     =    814693.4071
                                                    Density    =         1.0122
 ------------------------------------------------------------------------------

| MC Barostat: Decreasing size of volume moves

 NSTEP =    15000   TIME(PS) =    4680.000  TEMP(K) =   303.09  PRESS =     0.0
 Etot   =   -317663.2184  EKtot   =     49540.1094  EPtot      =   -367203.3278
 BOND   =       359.8055  ANGLE   =      1233.8607  DIHED      =      1569.2238
 1-4 NB =       321.6448  1-4 EEL =     -3616.0103  VDWAALS    =     45954.0528
 EELEC  =   -413050.0866  EHBOND  =         0.0000  RESTRAINT  =        24.1816
 EAMBER (non-restraint)  =   -367227.5094
 EKCMT  =         0.0000  VIRIAL  =         0.0000  VOLUME     =    813436.1981
                                                    Density    =         1.0138
 ------------------------------------------------------------------------------


 NSTEP =    17500   TIME(PS) =    4685.000  TEMP(K) =   301.57  PRESS =     0.0
 Etot   =   -317440.1901  EKtot   =     49291.6250  EPtot      =   -366731.8151
 BOND   =       362.0024  ANGLE   =      1283.1477  DIHED      =      1582.0911
 1-4 NB =       316.5549  1-4 EEL =     -3612.8654  VDWAALS    =     45256.8562
 EELEC  =   -411942.9153  EHBOND  =         0.0000  RESTRAINT  =        23.3132
 EAMBER (non-restraint)  =   -366755.1284
 EKCMT  =         0.0000  VIRIAL  =         0.0000  VOLUME     =    813288.2386
                                                    Density    =         1.0139
 ------------------------------------------------------------------------------

| MC Barostat: Decreasing size of volume moves

 NSTEP =    20000   TIME(PS) =    4690.000  TEMP(K) =   300.02  PRESS =     0.0
 Etot   =   -318136.8594  EKtot   =     49037.2500  EPtot      =   -367174.1094
 BOND   =       346.3679  ANGLE   =      1281.7853  DIHED      =      1573.4566
 1-4 NB =       316.2706  1-4 EEL =     -3608.6984  VDWAALS    =     45433.1726
 EELEC  =   -412538.9484  EHBOND  =         0.0000  RESTRAINT  =        22.4845
 EAMBER (non-restraint)  =   -367196.5938
 EKCMT  =         0.0000  VIRIAL  =         0.0000  VOLUME     =    813105.6253
                                                    Density    =         1.0142
 ------------------------------------------------------------------------------

| MC Barostat: Decreasing size of volume moves

 NSTEP =    22500   TIME(PS) =    4695.000  TEMP(K) =   300.74  PRESS =     0.0
 Etot   =   -318266.7658  EKtot   =     49155.9727  EPtot      =   -367422.7385
 BOND   =       349.1208  ANGLE   =      1246.7749  DIHED      =      1554.6872
 1-4 NB =       328.0584  1-4 EEL =     -3586.1999  VDWAALS    =     45656.8556
 EELEC  =   -412994.9242  EHBOND  =         0.0000  RESTRAINT  =        22.8888
 EAMBER (non-restraint)  =   -367445.6273
 EKCMT  =         0.0000  VIRIAL  =         0.0000  VOLUME     =    812649.1812
                                                    Density    =         1.0147
 ------------------------------------------------------------------------------

| MC Barostat: Decreasing size of volume moves
| MC Barostat: Decreasing size of volume moves
| MC Barostat: Decreasing size of volume moves

 NSTEP =    25000   TIME(PS) =    4700.000  TEMP(K) =   299.81  PRESS =     0.0
 Etot   =   -317959.1258  EKtot   =     49003.0508  EPtot      =   -366962.1766
 BOND   =       363.9071  ANGLE   =      1234.7524  DIHED      =      1577.2846
 1-4 NB =       332.0455  1-4 EEL =     -3601.8557  VDWAALS    =     46045.4333
 EELEC  =   -412941.3610  EHBOND  =         0.0000  RESTRAINT  =        27.6172
 EAMBER (non-restraint)  =   -366989.7938
 EKCMT  =         0.0000  VIRIAL  =         0.0000  VOLUME     =    811941.2495
                                                    Density    =         1.0156
 ------------------------------------------------------------------------------

| MC Barostat: Decreasing size of volume moves

 NSTEP =    27500   TIME(PS) =    4705.000  TEMP(K) =   300.67  PRESS =     0.0
 Etot   =   -317905.9512  EKtot   =     49144.1094  EPtot      =   -367050.0606
 BOND   =       364.7577  ANGLE   =      1286.3952  DIHED      =      1587.5934
 1-4 NB =       322.4195  1-4 EEL =     -3602.9078  VDWAALS    =     45684.3611
 EELEC  =   -412719.9194  EHBOND  =         0.0000  RESTRAINT  =        27.2397
 EAMBER (non-restraint)  =   -367077.3003
 EKCMT  =         0.0000  VIRIAL  =         0.0000  VOLUME     =    814110.3204
                                                    Density    =         1.0129
 ------------------------------------------------------------------------------


 NSTEP =    30000   TIME(PS) =    4710.000  TEMP(K) =   298.88  PRESS =     0.0
 Etot   =   -317588.0276  EKtot   =     48851.1289  EPtot      =   -366439.1565
 BOND   =       356.1633  ANGLE   =      1281.4501  DIHED      =      1601.0572
 1-4 NB =       330.8163  1-4 EEL =     -3607.5015  VDWAALS    =     45262.6011
 EELEC  =   -411688.8017  EHBOND  =         0.0000  RESTRAINT  =        25.0588
 EAMBER (non-restraint)  =   -366464.2153
 EKCMT  =         0.0000  VIRIAL  =         0.0000  VOLUME     =    815814.2544
                                                    Density    =         1.0108
 ------------------------------------------------------------------------------


 NSTEP =    32500   TIME(PS) =    4715.000  TEMP(K) =   298.75  PRESS =     0.0
 Etot   =   -318006.5712  EKtot   =     48829.6484  EPtot      =   -366836.2196
 BOND   =       351.1483  ANGLE   =      1279.0372  DIHED      =      1582.1875
 1-4 NB =       324.3919  1-4 EEL =     -3615.3123  VDWAALS    =     45289.0984
 EELEC  =   -412073.4074  EHBOND  =         0.0000  RESTRAINT  =        26.6368
 EAMBER (non-restraint)  =   -366862.8565
 EKCMT  =         0.0000  VIRIAL  =         0.0000  VOLUME     =    815174.2486
                                                    Density    =         1.0116
 ------------------------------------------------------------------------------


 NSTEP =    35000   TIME(PS) =    4720.000  TEMP(K) =   299.28  PRESS =     0.0
 Etot   =   -318560.6155  EKtot   =     48916.9766  EPtot      =   -367477.5920
 BOND   =       343.8304  ANGLE   =      1280.2189  DIHED      =      1614.8820
 1-4 NB =       327.0549  1-4 EEL =     -3611.8878  VDWAALS    =     45688.5284
 EELEC  =   -413143.0931  EHBOND  =         0.0000  RESTRAINT  =        22.8743
 EAMBER (non-restraint)  =   -367500.4663
 EKCMT  =         0.0000  VIRIAL  =         0.0000  VOLUME     =    813290.4645
                                                    Density    =         1.0139
 ------------------------------------------------------------------------------


 NSTEP =    37500   TIME(PS) =    4725.000  TEMP(K) =   300.37  PRESS =     0.0
 Etot   =   -317844.2154  EKtot   =     49095.1484  EPtot      =   -366939.3638
 BOND   =       380.0126  ANGLE   =      1247.2184  DIHED      =      1569.1475
 1-4 NB =       315.9887  1-4 EEL =     -3601.8241  VDWAALS    =     45544.1323
 EELEC  =   -412421.9750  EHBOND  =         0.0000  RESTRAINT  =        27.9358
 EAMBER (non-restraint)  =   -366967.2997
 EKCMT  =         0.0000  VIRIAL  =         0.0000  VOLUME     =    812900.2653
                                                    Density    =         1.0144
 ------------------------------------------------------------------------------


 NSTEP =    40000   TIME(PS) =    4730.000  TEMP(K) =   299.65  PRESS =     0.0
 Etot   =   -318279.5160  EKtot   =     48977.6875  EPtot      =   -367257.2035
 BOND   =       342.8773  ANGLE   =      1257.2369  DIHED      =      1564.2878
 1-4 NB =       324.9214  1-4 EEL =     -3592.1134  VDWAALS    =     45479.8434
 EELEC  =   -412659.6997  EHBOND  =         0.0000  RESTRAINT  =        25.4429
 EAMBER (non-restraint)  =   -367282.6464
 EKCMT  =         0.0000  VIRIAL  =         0.0000  VOLUME     =    815629.9967
                                                    Density    =         1.0110
 ------------------------------------------------------------------------------


 NSTEP =    42500   TIME(PS) =    4735.000  TEMP(K) =   299.89  PRESS =     0.0
 Etot   =   -317670.5089  EKtot   =     49016.1758  EPtot      =   -366686.6847
 BOND   =       397.9970  ANGLE   =      1242.1539  DIHED      =      1568.7042
 1-4 NB =       325.5540  1-4 EEL =     -3605.6306  VDWAALS    =     45941.5516
 EELEC  =   -412581.1159  EHBOND  =         0.0000  RESTRAINT  =        24.1011
 EAMBER (non-restraint)  =   -366710.7858
 EKCMT  =         0.0000  VIRIAL  =         0.0000  VOLUME     =    814882.3634
                                                    Density    =         1.0120
 ------------------------------------------------------------------------------


 NSTEP =    45000   TIME(PS) =    4740.000  TEMP(K) =   300.10  PRESS =     0.0
 Etot   =   -317640.1750  EKtot   =     49051.3438  EPtot      =   -366691.5187
 BOND   =       372.9759  ANGLE   =      1284.7882  DIHED      =      1555.6190
 1-4 NB =       314.1638  1-4 EEL =     -3601.5081  VDWAALS    =     45568.4411
 EELEC  =   -412212.1047  EHBOND  =         0.0000  RESTRAINT  =        26.1060
 EAMBER (non-restraint)  =   -366717.6248
 EKCMT  =         0.0000  VIRIAL  =         0.0000  VOLUME     =    816119.7608
                                                    Density    =         1.0104
 ------------------------------------------------------------------------------


 NSTEP =    47500   TIME(PS) =    4745.000  TEMP(K) =   298.47  PRESS =     0.0
 Etot   =   -317988.1792  EKtot   =     48784.9258  EPtot      =   -366773.1050
 BOND   =       387.9669  ANGLE   =      1297.3936  DIHED      =      1567.4201
 1-4 NB =       335.6897  1-4 EEL =     -3612.2096  VDWAALS    =     45834.1696
 EELEC  =   -412604.8456  EHBOND  =         0.0000  RESTRAINT  =        21.3102
 EAMBER (non-restraint)  =   -366794.4152
 EKCMT  =         0.0000  VIRIAL  =         0.0000  VOLUME     =    815576.9341
                                                    Density    =         1.0111
 ------------------------------------------------------------------------------


 NSTEP =    50000   TIME(PS) =    4750.000  TEMP(K) =   299.09  PRESS =     0.0
 Etot   =   -318225.1062  EKtot   =     48886.2227  EPtot      =   -367111.3288
 BOND   =       367.8069  ANGLE   =      1266.8678  DIHED      =      1570.9839
 1-4 NB =       328.8734  1-4 EEL =     -3600.1437  VDWAALS    =     45815.4041
 EELEC  =   -412890.8502  EHBOND  =         0.0000  RESTRAINT  =        29.7289
 EAMBER (non-restraint)  =   -367141.0578
 EKCMT  =         0.0000  VIRIAL  =         0.0000  VOLUME     =    815557.3951
                                                    Density    =         1.0111
 ------------------------------------------------------------------------------


 NSTEP =    52500   TIME(PS) =    4755.000  TEMP(K) =   299.67  PRESS =     0.0
 Etot   =   -317719.5160  EKtot   =     48979.7305  EPtot      =   -366699.2464
 BOND   =       363.6272  ANGLE   =      1286.9869  DIHED      =      1594.2747
 1-4 NB =       331.2088  1-4 EEL =     -3590.4119  VDWAALS    =     45670.2965
 EELEC  =   -412387.5983  EHBOND  =         0.0000  RESTRAINT  =        32.3698
 EAMBER (non-restraint)  =   -366731.6162
 EKCMT  =         0.0000  VIRIAL  =         0.0000  VOLUME     =    814868.4010
                                                    Density    =         1.0120
 ------------------------------------------------------------------------------


 NSTEP =    55000   TIME(PS) =    4760.000  TEMP(K) =   300.92  PRESS =     0.0
 Etot   =   -317765.0252  EKtot   =     49185.2266  EPtot      =   -366950.2517
 BOND   =       391.1785  ANGLE   =      1259.8088  DIHED      =      1606.7213
 1-4 NB =       328.2717  1-4 EEL =     -3586.7637  VDWAALS    =     46335.1721
 EELEC  =   -413306.7855  EHBOND  =         0.0000  RESTRAINT  =        22.1451
 EAMBER (non-restraint)  =   -366972.3968
 EKCMT  =         0.0000  VIRIAL  =         0.0000  VOLUME     =    814313.5089
                                                    Density    =         1.0127
 ------------------------------------------------------------------------------


 NSTEP =    57500   TIME(PS) =    4765.000  TEMP(K) =   299.17  PRESS =     0.0
 Etot   =   -317941.4111  EKtot   =     48899.1445  EPtot      =   -366840.5556
 BOND   =       379.4626  ANGLE   =      1261.1028  DIHED      =      1584.3211
 1-4 NB =       314.5918  1-4 EEL =     -3575.3461  VDWAALS    =     45982.0429
 EELEC  =   -412819.1679  EHBOND  =         0.0000  RESTRAINT  =        32.4371
 EAMBER (non-restraint)  =   -366872.9928
 EKCMT  =         0.0000  VIRIAL  =         0.0000  VOLUME     =    816211.9332
                                                    Density    =         1.0103
 ------------------------------------------------------------------------------


 NSTEP =    60000   TIME(PS) =    4770.000  TEMP(K) =   300.20  PRESS =     0.0
 Etot   =   -318379.7526  EKtot   =     49067.5234  EPtot      =   -367447.2760
 BOND   =       375.4007  ANGLE   =      1266.7746  DIHED      =      1566.7018
 1-4 NB =       338.0215  1-4 EEL =     -3609.3274  VDWAALS    =     46295.4877
 EELEC  =   -413710.8323  EHBOND  =         0.0000  RESTRAINT  =        30.4975
 EAMBER (non-restraint)  =   -367477.7734
 EKCMT  =         0.0000  VIRIAL  =         0.0000  VOLUME     =    815137.1564
                                                    Density    =         1.0116
 ------------------------------------------------------------------------------


 NSTEP =    62500   TIME(PS) =    4775.000  TEMP(K) =   299.17  PRESS =     0.0
 Etot   =   -318460.6272  EKtot   =     48899.4023  EPtot      =   -367360.0295
 BOND   =       392.4995  ANGLE   =      1308.9690  DIHED      =      1568.7991
 1-4 NB =       316.6880  1-4 EEL =     -3594.0297  VDWAALS    =     46519.8010
 EELEC  =   -413896.2532  EHBOND  =         0.0000  RESTRAINT  =        23.4968
 EAMBER (non-restraint)  =   -367383.5264
 EKCMT  =         0.0000  VIRIAL  =         0.0000  VOLUME     =    812556.8273
                                                    Density    =         1.0149
 ------------------------------------------------------------------------------


 NSTEP =    65000   TIME(PS) =    4780.000  TEMP(K) =   299.91  PRESS =     0.0
 Etot   =   -317936.9083  EKtot   =     49018.9336  EPtot      =   -366955.8419
 BOND   =       367.0873  ANGLE   =      1274.8723  DIHED      =      1575.4819
 1-4 NB =       332.2778  1-4 EEL =     -3602.3229  VDWAALS    =     45913.0468
 EELEC  =   -412841.0464  EHBOND  =         0.0000  RESTRAINT  =        24.7612
 EAMBER (non-restraint)  =   -366980.6031
 EKCMT  =         0.0000  VIRIAL  =         0.0000  VOLUME     =    813109.5526
                                                    Density    =         1.0142
 ------------------------------------------------------------------------------


 NSTEP =    67500   TIME(PS) =    4785.000  TEMP(K) =   300.40  PRESS =     0.0
 Etot   =   -317797.3237  EKtot   =     49099.0195  EPtot      =   -366896.3433
 BOND   =       369.8353  ANGLE   =      1304.9859  DIHED      =      1556.7943
 1-4 NB =       313.2594  1-4 EEL =     -3575.1127  VDWAALS    =     45909.6022
 EELEC  =   -412805.6588  EHBOND  =         0.0000  RESTRAINT  =        29.9512
 EAMBER (non-restraint)  =   -366926.2945
 EKCMT  =         0.0000  VIRIAL  =         0.0000  VOLUME     =    813919.7381
                                                    Density    =         1.0132
 ------------------------------------------------------------------------------


 NSTEP =    70000   TIME(PS) =    4790.000  TEMP(K) =   299.78  PRESS =     0.0
 Etot   =   -318210.0196  EKtot   =     48997.5039  EPtot      =   -367207.5235
 BOND   =       388.1120  ANGLE   =      1275.4112  DIHED      =      1591.7817
 1-4 NB =       331.3488  1-4 EEL =     -3586.9563  VDWAALS    =     46221.7500
 EELEC  =   -413455.8193  EHBOND  =         0.0000  RESTRAINT  =        26.8482
 EAMBER (non-restraint)  =   -367234.3717
 EKCMT  =         0.0000  VIRIAL  =         0.0000  VOLUME     =    813244.9887
                                                    Density    =         1.0140
 ------------------------------------------------------------------------------


 NSTEP =    72500   TIME(PS) =    4795.000  TEMP(K) =   297.56  PRESS =     0.0
 Etot   =   -318166.0937  EKtot   =     48635.7188  EPtot      =   -366801.8125
 BOND   =       365.8495  ANGLE   =      1259.3527  DIHED      =      1573.0796
 1-4 NB =       329.9261  1-4 EEL =     -3588.0764  VDWAALS    =     45403.6278
 EELEC  =   -412169.7335  EHBOND  =         0.0000  RESTRAINT  =        24.1618
 EAMBER (non-restraint)  =   -366825.9743
 EKCMT  =         0.0000  VIRIAL  =         0.0000  VOLUME     =    814780.8076
                                                    Density    =         1.0121
 ------------------------------------------------------------------------------


 NSTEP =    75000   TIME(PS) =    4800.000  TEMP(K) =   299.99  PRESS =     0.0
 Etot   =   -318071.6456  EKtot   =     49031.9336  EPtot      =   -367103.5792
 BOND   =       361.2360  ANGLE   =      1283.8577  DIHED      =      1582.2604
 1-4 NB =       313.7462  1-4 EEL =     -3569.5970  VDWAALS    =     45824.7183
 EELEC  =   -412924.1891  EHBOND  =         0.0000  RESTRAINT  =        24.3884
 EAMBER (non-restraint)  =   -367127.9676
 EKCMT  =         0.0000  VIRIAL  =         0.0000  VOLUME     =    814432.7714
                                                    Density    =         1.0125
 ------------------------------------------------------------------------------


 NSTEP =    77500   TIME(PS) =    4805.000  TEMP(K) =   300.23  PRESS =     0.0
 Etot   =   -317797.1984  EKtot   =     49071.0664  EPtot      =   -366868.2648
 BOND   =       344.3453  ANGLE   =      1243.9204  DIHED      =      1595.6183
 1-4 NB =       339.1123  1-4 EEL =     -3613.4731  VDWAALS    =     46203.9172
 EELEC  =   -413006.2686  EHBOND  =         0.0000  RESTRAINT  =        24.5632
 EAMBER (non-restraint)  =   -366892.8280
 EKCMT  =         0.0000  VIRIAL  =         0.0000  VOLUME     =    814155.4837
                                                    Density    =         1.0129
 ------------------------------------------------------------------------------


 NSTEP =    80000   TIME(PS) =    4810.000  TEMP(K) =   300.28  PRESS =     0.0
 Etot   =   -317627.7740  EKtot   =     49080.2891  EPtot      =   -366708.0631
 BOND   =       362.6448  ANGLE   =      1246.8083  DIHED      =      1573.6314
 1-4 NB =       323.3926  1-4 EEL =     -3573.8854  VDWAALS    =     46178.1870
 EELEC  =   -412845.0217  EHBOND  =         0.0000  RESTRAINT  =        26.1801
 EAMBER (non-restraint)  =   -366734.2431
 EKCMT  =         0.0000  VIRIAL  =         0.0000  VOLUME     =    814180.3538
                                                    Density    =         1.0128
 ------------------------------------------------------------------------------


 NSTEP =    82500   TIME(PS) =    4815.000  TEMP(K) =   300.38  PRESS =     0.0
 Etot   =   -318131.2163  EKtot   =     49095.9297  EPtot      =   -367227.1460
 BOND   =       362.3171  ANGLE   =      1301.0665  DIHED      =      1581.8562
 1-4 NB =       327.8584  1-4 EEL =     -3578.0210  VDWAALS    =     46147.6647
 EELEC  =   -413392.6170  EHBOND  =         0.0000  RESTRAINT  =        22.7291
 EAMBER (non-restraint)  =   -367249.8751
 EKCMT  =         0.0000  VIRIAL  =         0.0000  VOLUME     =    812998.0416
                                                    Density    =         1.0143
 ------------------------------------------------------------------------------


 NSTEP =    85000   TIME(PS) =    4820.000  TEMP(K) =   299.94  PRESS =     0.0
 Etot   =   -318454.7301  EKtot   =     49024.8516  EPtot      =   -367479.5817
 BOND   =       375.8388  ANGLE   =      1231.8639  DIHED      =      1596.4232
 1-4 NB =       321.1584  1-4 EEL =     -3599.8776  VDWAALS    =     45718.9626
 EELEC  =   -413150.9829  EHBOND  =         0.0000  RESTRAINT  =        27.0319
 EAMBER (non-restraint)  =   -367506.6136
 EKCMT  =         0.0000  VIRIAL  =         0.0000  VOLUME     =    814068.3560
                                                    Density    =         1.0130
 ------------------------------------------------------------------------------


 NSTEP =    87500   TIME(PS) =    4825.000  TEMP(K) =   301.60  PRESS =     0.0
 Etot   =   -317762.4724  EKtot   =     49295.2070  EPtot      =   -367057.6795
 BOND   =       373.6278  ANGLE   =      1271.5196  DIHED      =      1572.9690
 1-4 NB =       318.7286  1-4 EEL =     -3622.6488  VDWAALS    =     46592.1658
 EELEC  =   -413588.5454  EHBOND  =         0.0000  RESTRAINT  =        24.5041
 EAMBER (non-restraint)  =   -367082.1836
 EKCMT  =         0.0000  VIRIAL  =         0.0000  VOLUME     =    813524.0241
                                                    Density    =         1.0136
 ------------------------------------------------------------------------------


 NSTEP =    90000   TIME(PS) =    4830.000  TEMP(K) =   301.35  PRESS =     0.0
 Etot   =   -317674.0012  EKtot   =     49254.2383  EPtot      =   -366928.2394
 BOND   =       340.6624  ANGLE   =      1284.2682  DIHED      =      1595.4365
 1-4 NB =       332.0664  1-4 EEL =     -3594.5211  VDWAALS    =     46034.2127
 EELEC  =   -412948.7289  EHBOND  =         0.0000  RESTRAINT  =        28.3643
 EAMBER (non-restraint)  =   -366956.6038
 EKCMT  =         0.0000  VIRIAL  =         0.0000  VOLUME     =    813653.0580
                                                    Density    =         1.0135
 ------------------------------------------------------------------------------


 NSTEP =    92500   TIME(PS) =    4835.000  TEMP(K) =   299.53  PRESS =     0.0
 Etot   =   -318029.6586  EKtot   =     48956.6641  EPtot      =   -366986.3227
 BOND   =       355.7387  ANGLE   =      1323.6426  DIHED      =      1613.7864
 1-4 NB =       319.5765  1-4 EEL =     -3568.2856  VDWAALS    =     45525.2357
 EELEC  =   -412580.7877  EHBOND  =         0.0000  RESTRAINT  =        24.7707
 EAMBER (non-restraint)  =   -367011.0934
 EKCMT  =         0.0000  VIRIAL  =         0.0000  VOLUME     =    812719.9231
                                                    Density    =         1.0147
 ------------------------------------------------------------------------------


 NSTEP =    95000   TIME(PS) =    4840.000  TEMP(K) =   302.12  PRESS =     0.0
 Etot   =   -317392.7924  EKtot   =     49381.3828  EPtot      =   -366774.1753
 BOND   =       335.7139  ANGLE   =      1240.2553  DIHED      =      1570.3146
 1-4 NB =       320.6125  1-4 EEL =     -3593.0906  VDWAALS    =     45725.0937
 EELEC  =   -412399.6821  EHBOND  =         0.0000  RESTRAINT  =        26.6074
 EAMBER (non-restraint)  =   -366800.7827
 EKCMT  =         0.0000  VIRIAL  =         0.0000  VOLUME     =    812603.3278
                                                    Density    =         1.0148
 ------------------------------------------------------------------------------


 NSTEP =    97500   TIME(PS) =    4845.000  TEMP(K) =   301.33  PRESS =     0.0
 Etot   =   -317643.5729  EKtot   =     49252.1602  EPtot      =   -366895.7330
 BOND   =       380.0496  ANGLE   =      1268.7301  DIHED      =      1591.0069
 1-4 NB =       326.2635  1-4 EEL =     -3592.8508  VDWAALS    =     46119.2803
 EELEC  =   -413017.4254  EHBOND  =         0.0000  RESTRAINT  =        29.2127
 EAMBER (non-restraint)  =   -366924.9457
 EKCMT  =         0.0000  VIRIAL  =         0.0000  VOLUME     =    813051.5913
                                                    Density    =         1.0142
 ------------------------------------------------------------------------------


 NSTEP =   100000   TIME(PS) =    4850.000  TEMP(K) =   301.46  PRESS =     0.0
 Etot   =   -317807.5812  EKtot   =     49272.9766  EPtot      =   -367080.5577
 BOND   =       346.8555  ANGLE   =      1284.2503  DIHED      =      1601.1920
 1-4 NB =       308.8644  1-4 EEL =     -3614.3294  VDWAALS    =     46121.7088
 EELEC  =   -413158.6952  EHBOND  =         0.0000  RESTRAINT  =        29.5958
 EAMBER (non-restraint)  =   -367110.1536
 EKCMT  =         0.0000  VIRIAL  =         0.0000  VOLUME     =    812316.7509
                                                    Density    =         1.0152
 ------------------------------------------------------------------------------


 NSTEP =   102500   TIME(PS) =    4855.000  TEMP(K) =   301.75  PRESS =     0.0
 Etot   =   -317425.6649  EKtot   =     49320.4258  EPtot      =   -366746.0907
 BOND   =       400.2968  ANGLE   =      1287.6234  DIHED      =      1599.2635
 1-4 NB =       320.5457  1-4 EEL =     -3617.0323  VDWAALS    =     45660.4308
 EELEC  =   -412427.6393  EHBOND  =         0.0000  RESTRAINT  =        30.4209
 EAMBER (non-restraint)  =   -366776.5115
 EKCMT  =         0.0000  VIRIAL  =         0.0000  VOLUME     =    811962.9927
                                                    Density    =         1.0156
 ------------------------------------------------------------------------------


 NSTEP =   105000   TIME(PS) =    4860.000  TEMP(K) =   300.06  PRESS =     0.0
 Etot   =   -317857.3875  EKtot   =     49043.9766  EPtot      =   -366901.3640
 BOND   =       346.6321  ANGLE   =      1272.5744  DIHED      =      1616.1230
 1-4 NB =       333.4198  1-4 EEL =     -3602.9277  VDWAALS    =     45814.5154
 EELEC  =   -412711.5724  EHBOND  =         0.0000  RESTRAINT  =        29.8713
 EAMBER (non-restraint)  =   -366931.2354
 EKCMT  =         0.0000  VIRIAL  =         0.0000  VOLUME     =    813329.8603
                                                    Density    =         1.0139
 ------------------------------------------------------------------------------


 NSTEP =   107500   TIME(PS) =    4865.000  TEMP(K) =   300.71  PRESS =     0.0
 Etot   =   -318137.6325  EKtot   =     49149.8828  EPtot      =   -367287.5153
 BOND   =       368.9621  ANGLE   =      1228.2038  DIHED      =      1589.6508
 1-4 NB =       326.9500  1-4 EEL =     -3579.8885  VDWAALS    =     45777.0071
 EELEC  =   -413022.9067  EHBOND  =         0.0000  RESTRAINT  =        24.5060
 EAMBER (non-restraint)  =   -367312.0214
 EKCMT  =         0.0000  VIRIAL  =         0.0000  VOLUME     =    812614.3250
                                                    Density    =         1.0148
 ------------------------------------------------------------------------------


 NSTEP =   110000   TIME(PS) =    4870.000  TEMP(K) =   299.99  PRESS =     0.0
 Etot   =   -318024.3627  EKtot   =     49031.9141  EPtot      =   -367056.2768
 BOND   =       361.1944  ANGLE   =      1247.4660  DIHED      =      1577.7851
 1-4 NB =       328.9915  1-4 EEL =     -3600.3132  VDWAALS    =     46015.8042
 EELEC  =   -413014.4155  EHBOND  =         0.0000  RESTRAINT  =        27.2107
 EAMBER (non-restraint)  =   -367083.4875
 EKCMT  =         0.0000  VIRIAL  =         0.0000  VOLUME     =    813442.7794
                                                    Density    =         1.0138
 ------------------------------------------------------------------------------


 NSTEP =   112500   TIME(PS) =    4875.000  TEMP(K) =   300.22  PRESS =     0.0
 Etot   =   -317978.7681  EKtot   =     49070.3594  EPtot      =   -367049.1275
 BOND   =       367.4443  ANGLE   =      1308.8335  DIHED      =      1594.2762
 1-4 NB =       312.6643  1-4 EEL =     -3602.9725  VDWAALS    =     45522.6689
 EELEC  =   -412575.9955  EHBOND  =         0.0000  RESTRAINT  =        23.9532
 EAMBER (non-restraint)  =   -367073.0807
 EKCMT  =         0.0000  VIRIAL  =         0.0000  VOLUME     =    812270.6852
                                                    Density    =         1.0152
 ------------------------------------------------------------------------------


 NSTEP =   115000   TIME(PS) =    4880.000  TEMP(K) =   299.30  PRESS =     0.0
 Etot   =   -317859.8612  EKtot   =     48920.4531  EPtot      =   -366780.3143
 BOND   =       361.7267  ANGLE   =      1312.3267  DIHED      =      1608.6724
 1-4 NB =       343.0992  1-4 EEL =     -3608.5967  VDWAALS    =     46122.4296
 EELEC  =   -412949.4193  EHBOND  =         0.0000  RESTRAINT  =        29.4469
 EAMBER (non-restraint)  =   -366809.7612
 EKCMT  =         0.0000  VIRIAL  =         0.0000  VOLUME     =    813456.5720
                                                    Density    =         1.0137
 ------------------------------------------------------------------------------


 NSTEP =   117500   TIME(PS) =    4885.000  TEMP(K) =   298.25  PRESS =     0.0
 Etot   =   -318520.6501  EKtot   =     48747.6367  EPtot      =   -367268.2868
 BOND   =       388.3240  ANGLE   =      1301.2494  DIHED      =      1575.6749
 1-4 NB =       316.5462  1-4 EEL =     -3588.9800  VDWAALS    =     45811.1459
 EELEC  =   -413100.6076  EHBOND  =         0.0000  RESTRAINT  =        28.3603
 EAMBER (non-restraint)  =   -367296.6471
 EKCMT  =         0.0000  VIRIAL  =         0.0000  VOLUME     =    812888.3581
                                                    Density    =         1.0144
 ------------------------------------------------------------------------------


 NSTEP =   120000   TIME(PS) =    4890.000  TEMP(K) =   300.82  PRESS =     0.0
 Etot   =   -318299.3413  EKtot   =     49168.6836  EPtot      =   -367468.0248
 BOND   =       371.7673  ANGLE   =      1298.6382  DIHED      =      1582.3077
 1-4 NB =       327.0391  1-4 EEL =     -3573.0421  VDWAALS    =     46006.0340
 EELEC  =   -413509.0198  EHBOND  =         0.0000  RESTRAINT  =        28.2507
 EAMBER (non-restraint)  =   -367496.2756
 EKCMT  =         0.0000  VIRIAL  =         0.0000  VOLUME     =    813205.5670
                                                    Density    =         1.0140
 ------------------------------------------------------------------------------


 NSTEP =   122500   TIME(PS) =    4895.000  TEMP(K) =   300.05  PRESS =     0.0
 Etot   =   -317936.1762  EKtot   =     49042.1953  EPtot      =   -366978.3715
 BOND   =       355.4066  ANGLE   =      1299.8233  DIHED      =      1590.8862
 1-4 NB =       325.9023  1-4 EEL =     -3602.4136  VDWAALS    =     45758.0190
 EELEC  =   -412730.2303  EHBOND  =         0.0000  RESTRAINT  =        24.2350
 EAMBER (non-restraint)  =   -367002.6065
 EKCMT  =         0.0000  VIRIAL  =         0.0000  VOLUME     =    813461.4811
                                                    Density    =         1.0137
 ------------------------------------------------------------------------------


 NSTEP =   125000   TIME(PS) =    4900.000  TEMP(K) =   299.05  PRESS =     0.0
 Etot   =   -317917.4869  EKtot   =     48879.6289  EPtot      =   -366797.1158
 BOND   =       375.3797  ANGLE   =      1255.5111  DIHED      =      1592.8058
 1-4 NB =       316.2574  1-4 EEL =     -3602.0030  VDWAALS    =     45841.5824
 EELEC  =   -412599.2478  EHBOND  =         0.0000  RESTRAINT  =        22.5985
 EAMBER (non-restraint)  =   -366819.7144
 EKCMT  =         0.0000  VIRIAL  =         0.0000  VOLUME     =    813877.2955
                                                    Density    =         1.0132
 ------------------------------------------------------------------------------


      A V E R A G E S   O V E R      50 S T E P S


 NSTEP =   125000   TIME(PS) =    4900.000  TEMP(K) =   300.10  PRESS =     0.0
 Etot   =   -317946.7587  EKtot   =     49049.8702  EPtot      =   -366996.6289
 BOND   =       366.3408  ANGLE   =      1271.8409  DIHED      =      1584.5464
 1-4 NB =       325.2979  1-4 EEL =     -3598.4360  VDWAALS    =     45860.0421
 EELEC  =   -412831.9210  EHBOND  =         0.0000  RESTRAINT  =        25.6600
 EAMBER (non-restraint)  =   -367022.2889
 EKCMT  =         0.0000  VIRIAL  =         0.0000  VOLUME     =    813840.0532
                                                    Density    =         1.0133
 ------------------------------------------------------------------------------


      R M S  F L U C T U A T I O N S


 NSTEP =   125000   TIME(PS) =    4900.000  TEMP(K) =     1.02  PRESS =     0.0
 Etot   =       278.4597  EKtot   =       166.1918  EPtot      =       239.8735
 BOND   =        15.3802  ANGLE   =        23.6175  DIHED      =        16.1824
 1-4 NB =         8.3501  1-4 EEL =        14.1674  VDWAALS    =       304.4694
 EELEC  =       432.9124  EHBOND  =         0.0000  RESTRAINT  =         3.4835
 EAMBER (non-restraint)  =       236.3901
 EKCMT  =         0.0000  VIRIAL  =         0.0000  VOLUME     =      1093.6411
                                                    Density    =         0.0014
 ------------------------------------------------------------------------------

| MC Barostat:       1250 volume changes attempted.
| MC Barostat:        383 changes successful ( 30.64%)
 ------------------------------------------------------------------------------

--------------------------------------------------------------------------------
   5.  TIMINGS
--------------------------------------------------------------------------------

|  NonSetup CPU Time in Major Routines:
|
|     Routine           Sec        %
|     ------------------------------
|     Nonbond          14.71   11.69
|     Bond              0.00    0.00
|     Angle             0.00    0.00
|     Dihedral          0.00    0.00
|     Shake             0.66    0.53
|     RunMD           105.53   83.82
|     Other             5.00    3.97
|     ------------------------------
|     Total           125.91

|  PME Nonbond Pairlist CPU Time:
|
|     Routine              Sec        %
|     ---------------------------------
|     Set Up Cit           0.00    0.00
|     Build List           0.00    0.00
|     ---------------------------------
|     Total                0.00    0.00

|  PME Direct Force CPU Time:
|
|     Routine              Sec        %
|     ---------------------------------
|     NonBonded Calc       0.00    0.00
|     Exclude Masked       0.00    0.00
|     Other                0.14    0.11
|     ---------------------------------
|     Total                0.14    0.11

|  PME Reciprocal Force CPU Time:
|
|     Routine              Sec        %
|     ---------------------------------
|     1D bspline           0.00    0.00
|     Grid Charges         0.00    0.00
|     Scalar Sum           0.00    0.00
|     Gradient Sum         0.00    0.00
|     FFT                  0.00    0.00
|     ---------------------------------
|     Total                0.00    0.00

|  Final Performance Info:
|     -----------------------------------------------------
|     Average timings for last    2500 steps:
|     Elapsed(s) =       2.54 Per Step(ms) =       1.02
|         ns/day =     169.81   seconds/ns =     508.79
|
|     Average timings for all steps:
|     Elapsed(s) =     126.02 Per Step(ms) =       1.01
|         ns/day =     171.40   seconds/ns =     504.07
|     -----------------------------------------------------

|  Setup CPU time:            1.12 seconds
|  NonSetup CPU time:       125.91 seconds
|  Total CPU time:          127.03 seconds     0.04 hours

|  Setup wall time:           1    seconds
|  NonSetup wall time:      126    seconds
|  Total wall time:         127    seconds     0.04 hours
