
          -------------------------------------------------------
          Amber 24 PMEMD                              2024
          -------------------------------------------------------

| PMEMD implementation of SANDER, Release 24

|  Compiled date/time: Thu Apr  3 14:55:38 2025
| Run on 05/16/2026 at 00:54:28

|   Executable path: pmemd.cuda
| Working directory: /home/anugraha/IDP/equilibrate
|          Hostname: sapphire-0

  [-O]verwriting output

File Assignments:
|   MDIN: equil_npt_polish.in                                                   
|  MDOUT: chunks/npt_14.out                                                     
| INPCRD: chunks/npt_13.rst7                                                    
|   PARM: /home/anugraha/IDP/build/complex.prmtop                               
| RESTRT: chunks/npt_14.rst7                                                    
|   REFC: chunks/npt_13.rst7                                                    
|  MDVEL: mdvel                                                                 
|   MDEN: mden                                                                  
|  MDCRD: chunks/npt_14.nc                                                      
| MDINFO: chunks/npt_14.mdinfo                                                  
|  MDFRC: mdfrc                                                                 


 Here is the input file:

NPT polish chunk: 250 ps, 300 K, 0.1 kcal backbone restraint, MC barostat      
 &cntrl                                                                        
  imin   = 0,                                                                  
  irest  = 1, ntx = 5,                                                         
  nstlim = 125000, dt = 0.002,                                                 
  ntc    = 2, ntf = 2,                                                         
  cut    = 10.0,                                                               
  ntb    = 2,                                                                  
  ntp    = 1, barostat = 2, pres0 = 1.0, mcbarint = 100,                       
  ntt    = 3, gamma_ln = 2.0, temp0 = 300.0,                                   
  ntr    = 1,                                                                  
  restraint_wt = 0.1,                                                          
  restraintmask = "(:1-140) & @N,CA,C,O",                                      
  ig     = -1,                                                                 
  ntpr   = 2500, ntwx = 2500, ntwr = 25000,                                    
  iwrap  = 1, ioutfm = 1,                                                      
 /                                                                             


Note: ig = -1. Setting random seed to   934554 based on wallclock time in 
      microseconds.
| irandom = 1, using AMBER's internal random number generator (default).
 
|--------------------- INFORMATION ----------------------
| GPU (CUDA) Version of PMEMD in use: NVIDIA GPU IN USE.
|                    Version 18.0.0
| 
|                      03/25/2018
| 
| Implementation by:
|                    Ross C. Walker     (SDSC)
|                    Scott Le Grand     (nVIDIA)
| 
| Version 18 performance extensions by:
|                    David Cerutti     (Rutgers)
| 
| Precision model in use:
|      [SPFP] - Single Precision Forces, 64-bit Fixed Point
|               Accumulation. (Default)
| 
|--------------------------------------------------------
 
|----------------- CITATION INFORMATION -----------------
|
|    When publishing work that utilized the CUDA version
|    of AMBER, please cite the following in addition to
|    the regular AMBER citations:
|
|  - Romelia Salomon-Ferrer; Andreas W. Goetz; Duncan
|    Poole; Scott Le Grand; Ross C. Walker "Routine
|    microsecond molecular dynamics simulations with
|    AMBER - Part II: Particle Mesh Ewald", J. Chem.
|    Theory Comput., 2013, 9 (9), pp3878-3888,
|    DOI: 10.1021/ct400314y.
|
|  - Andreas W. Goetz; Mark J. Williamson; Dong Xu;
|    Duncan Poole; Scott Le Grand; Ross C. Walker
|    "Routine microsecond molecular dynamics simulations
|    with AMBER - Part I: Generalized Born", J. Chem.
|    Theory Comput., 2012, 8 (5), pp1542-1555.
|
|  - Scott Le Grand; Andreas W. Goetz; Ross C. Walker
|    "SPFP: Speed without compromise - a mixed precision
|    model for GPU accelerated molecular dynamics
|    simulations.", Comp. Phys. Comm., 2013, 184
|    pp374-380, DOI: 10.1016/j.cpc.2012.09.022
|
|--------------------------------------------------------
 
|------------------- GPU DEVICE INFO --------------------
|
|            CUDA_VISIBLE_DEVICES: 0
|   CUDA Capable Devices Detected:      1
|           CUDA Device ID in use:      0
|                CUDA Device Name: NVIDIA A100-SXM4-80GB
|     CUDA Device Global Mem Size:  81152 MB
| CUDA Device Num Multiprocessors:    108
|           CUDA Device Core Freq:   1.41 GHz
|
|--------------------------------------------------------
 
 
| Conditional Compilation Defines Used:
| PUBFFT
| BINTRAJ
| CUDA
| EMIL

| Largest sphere to fit in unit cell has radius =    30.523

| New format PARM file being parsed.
| Version =    1.000 Date = 05/15/26 Time = 17:24:49

| Note: 1-4 EEL scale factors are being read from the topology file.

| Note: 1-4 VDW scale factors are being read from the topology file.
| INFO:    Virtual site frames will be inferred from bonding patterns.
| INFO: Off Diagonal (NBFIX) LJ terms found in prmtop file.
|       The prmtop file has been modified to support atom
|       type based pairwise Lennard-Jones terms.
| Duplicated    0 dihedrals

| Duplicated    0 dihedrals

--------------------------------------------------------------------------------
   1.  RESOURCE   USE: 
--------------------------------------------------------------------------------

 getting box info from netcdf restart file
 NATOM  =  108126 NTYPES =      32 NBONH =   80449 MBONA  =   27522
 NTHETH =   28829 MTHETA =    1412 NPHIH =    4993 MPHIA  =    4071
 NHPARM =       0 NPARM  =       0 NNB   =  196844 NRES   =   26785
 NBONA  =   27522 NTHETA =    1412 NPHIA =    4071 NUMBND =      74
 NUMANG =     152 NPTRA  =     108 NATYP =      51 NPHB   =       0
 IFBOX  =       1 NMXRS  =      38 IFCAP =       0 NEXTRA =   26476
 NCOPY  =       0

| Coordinate Index Table dimensions:    13   32   11
| Direct force subcell size =     5.7957    5.5344    5.5497

     BOX TYPE: RECTILINEAR

--------------------------------------------------------------------------------
   2.  CONTROL  DATA  FOR  THE  RUN
--------------------------------------------------------------------------------

default_name                                                                    

General flags:
     imin    =       0, nmropt  =       0

Nature and format of input:
     ntx     =       5, irest   =       1, ntrx    =       1

Nature and format of output:
     ntxo    =       2, ntpr    =    2500, ntrx    =       1, ntwr    =   25000
     iwrap   =       1, ntwx    =    2500, ntwv    =       0, ntwe    =       0
     ioutfm  =       1, ntwprt  =       0, idecomp =       0, rbornstat=      0

Potential function:
     ntf     =       2, ntb     =       2, igb     =       0, nsnb    =      25
     ipol    =       0, gbsa    =       0, iesp    =       0
     dielc   =   1.00000, cut     =  10.00000, intdiel =   1.00000

Frozen or restrained atoms:
     ibelly  =       0, ntr     =       1
     restraint_wt =   0.10000

Molecular dynamics:
     nstlim  =    125000, nscm    =         0, nrespa  =         1
     t       =   0.00000, dt      =   0.00200, vlimit  =  -1.00000

Langevin dynamics temperature regulation:
     ig      =  934554
     temp0   = 300.00000, tempi   =   0.00000, gamma_ln=   2.00000

Pressure regulation:
     ntp     =       1
     pres0   =   1.00000, comp    =  44.60000, taup    =   1.00000
     Monte-Carlo Barostat:
     mcbarint  =     100

SHAKE:
     ntc     =       2, jfastw  =       0
     tol     =   0.00001

| Intermolecular bonds treatment:
|     no_intermolecular_bonds =       1

| Energy averages sample interval:
|     ene_avg_sampling =    2500

Extra-points options:
     frameon =       1, chngmask=       1

Ewald parameters:
     verbose =       0, ew_type =       0, nbflag  =       1, use_pme =       1
     vdwmeth =       1, eedmeth =       1, netfrc  =       1
     Box X =   75.345   Box Y =  177.100   Box Z =   61.046
     Alpha =   90.000   Beta  =   90.000   Gamma =   90.000
     NFFT1 =   80       NFFT2 =  180       NFFT3 =   64
     Cutoff=   10.000   Tol   =0.100E-04
     Ewald Coefficient =  0.27511
     Interpolation order =    4

    LOADING THE CONSTRAINED ATOMS AS GROUPS


   5.  REFERENCE ATOM COORDINATES

  default_name                                                                    
     Mask (:1-140) & @N,CA,C,O; matches   560 atoms
|      EXTRA_PTS, trim_bonds: num bonds BEFORE trim = 80449     0
|      EXTRA_PTS, trim_bonds: num bonds AFTER  trim = 80449     0
|      EXTRA_PTS, trim_bonds: num bonds BEFORE trim = 27522     0
|      EXTRA_PTS, trim_bonds: num bonds AFTER  trim =  1046     0
|      EXTRA_PTS, trim_theta: num angle BEFORE trim = 28829     0
|      EXTRA_PTS, trim_theta: num angle AFTER  trim = 28829     0
|      EXTRA_PTS, trim_theta: num angle BEFORE trim =  1412     0
|      EXTRA_PTS, trim_theta: num angle AFTER  trim =  1412     0
|      EXTRA_PTS, trim_phi:  num diheds BEFORE trim =  4993     0
|      EXTRA_PTS, trim_phi:  num diheds AFTER  trim =  4993     0
|      EXTRA_PTS, trim_phi:  num diheds BEFORE trim =  4071     0
|      EXTRA_PTS, trim_phi:  num diheds AFTER  trim =  4071     0
| MONTE CARLO BAROSTAT IMPORTANT NOTE:
|   The Monte-Carlo barostat does not require the virial to adjust the system volume.
|   Since it is an expensive calculation, it is skipped for efficiency. A side-effect
|   is that the reported pressure is always 0 because it is not calculated.

--------------------------------------------------------------------------------
   3.  ATOMIC COORDINATES AND VELOCITIES
--------------------------------------------------------------------------------

default_name                                                                    
 begin time read from input coords =  3150.000 ps

 
 Number of triangulated 3-point waters found:    26476

     Sum of charges from parm topology file =  -0.00201509
     Forcing neutrality...

| Dynamic Memory, Types Used:
| Reals             4815083
| Integers          9375957

| Nonbonded Pairs Initial Allocation:    32705411

| GPU memory information (estimate):
| KB of GPU memory in use:    829143
| KB of CPU memory in use:    182199

--------------------------------------------------------------------------------
   4.  RESULTS
--------------------------------------------------------------------------------

| MC Barostat: Decreasing size of volume moves
| MC Barostat: Decreasing size of volume moves

 NSTEP =     2500   TIME(PS) =    3155.000  TEMP(K) =   299.93  PRESS =     0.0
 Etot   =   -318596.5802  EKtot   =     49022.9531  EPtot      =   -367619.5334
 BOND   =       331.1020  ANGLE   =      1241.0859  DIHED      =      1586.6627
 1-4 NB =       348.0107  1-4 EEL =     -3591.0242  VDWAALS    =     46506.4937
 EELEC  =   -414063.9024  EHBOND  =         0.0000  RESTRAINT  =        22.0382
 EAMBER (non-restraint)  =   -367641.5715
 EKCMT  =         0.0000  VIRIAL  =         0.0000  VOLUME     =    814296.9496
                                                    Density    =         1.0127
 ------------------------------------------------------------------------------

| MC Barostat: Decreasing size of volume moves
| MC Barostat: Decreasing size of volume moves
| MC Barostat: Decreasing size of volume moves

 NSTEP =     5000   TIME(PS) =    3160.000  TEMP(K) =   299.96  PRESS =     0.0
 Etot   =   -318284.0477  EKtot   =     49027.1094  EPtot      =   -367311.1571
 BOND   =       372.9732  ANGLE   =      1306.7566  DIHED      =      1564.3731
 1-4 NB =       328.3218  1-4 EEL =     -3577.0093  VDWAALS    =     45167.3415
 EELEC  =   -412496.0010  EHBOND  =         0.0000  RESTRAINT  =        22.0870
 EAMBER (non-restraint)  =   -367333.2441
 EKCMT  =         0.0000  VIRIAL  =         0.0000  VOLUME     =    813392.7995
                                                    Density    =         1.0138
 ------------------------------------------------------------------------------

| MC Barostat: Decreasing size of volume moves
| MC Barostat: Decreasing size of volume moves

 NSTEP =     7500   TIME(PS) =    3165.000  TEMP(K) =   301.41  PRESS =     0.0
 Etot   =   -317313.7038  EKtot   =     49264.3750  EPtot      =   -366578.0788
 BOND   =       382.6592  ANGLE   =      1233.0172  DIHED      =      1616.9898
 1-4 NB =       328.5012  1-4 EEL =     -3603.2203  VDWAALS    =     45757.6183
 EELEC  =   -412311.7234  EHBOND  =         0.0000  RESTRAINT  =        18.0793
 EAMBER (non-restraint)  =   -366596.1580
 EKCMT  =         0.0000  VIRIAL  =         0.0000  VOLUME     =    813998.8154
                                                    Density    =         1.0131
 ------------------------------------------------------------------------------

| MC Barostat: Decreasing size of volume moves
| MC Barostat: Decreasing size of volume moves
| MC Barostat: Decreasing size of volume moves

 NSTEP =    10000   TIME(PS) =    3170.000  TEMP(K) =   301.05  PRESS =     0.0
 Etot   =   -318005.8564  EKtot   =     49206.1914  EPtot      =   -367212.0478
 BOND   =       384.3979  ANGLE   =      1265.6844  DIHED      =      1587.7255
 1-4 NB =       321.0629  1-4 EEL =     -3599.1285  VDWAALS    =     45796.2913
 EELEC  =   -412991.1652  EHBOND  =         0.0000  RESTRAINT  =        23.0840
 EAMBER (non-restraint)  =   -367235.1318
 EKCMT  =         0.0000  VIRIAL  =         0.0000  VOLUME     =    813139.0735
                                                    Density    =         1.0141
 ------------------------------------------------------------------------------

| MC Barostat: Decreasing size of volume moves
| MC Barostat: Decreasing size of volume moves

 NSTEP =    12500   TIME(PS) =    3175.000  TEMP(K) =   300.23  PRESS =     0.0
 Etot   =   -318222.5947  EKtot   =     49071.4492  EPtot      =   -367294.0439
 BOND   =       341.1847  ANGLE   =      1309.9265  DIHED      =      1575.6376
 1-4 NB =       323.0122  1-4 EEL =     -3583.1179  VDWAALS    =     45853.7237
 EELEC  =   -413132.3240  EHBOND  =         0.0000  RESTRAINT  =        17.9132
 EAMBER (non-restraint)  =   -367311.9572
 EKCMT  =         0.0000  VIRIAL  =         0.0000  VOLUME     =    812862.3383
                                                    Density    =         1.0145
 ------------------------------------------------------------------------------

| MC Barostat: Decreasing size of volume moves
| MC Barostat: Decreasing size of volume moves

 NSTEP =    15000   TIME(PS) =    3180.000  TEMP(K) =   300.63  PRESS =     0.0
 Etot   =   -317679.8229  EKtot   =     49136.7383  EPtot      =   -366816.5612
 BOND   =       377.3071  ANGLE   =      1287.2357  DIHED      =      1581.1289
 1-4 NB =       323.5488  1-4 EEL =     -3604.5886  VDWAALS    =     45498.4850
 EELEC  =   -412301.4884  EHBOND  =         0.0000  RESTRAINT  =        21.8102
 EAMBER (non-restraint)  =   -366838.3714
 EKCMT  =         0.0000  VIRIAL  =         0.0000  VOLUME     =    812582.7957
                                                    Density    =         1.0148
 ------------------------------------------------------------------------------

| MC Barostat: Decreasing size of volume moves
| MC Barostat: Decreasing size of volume moves

 NSTEP =    17500   TIME(PS) =    3185.000  TEMP(K) =   299.15  PRESS =     0.0
 Etot   =   -317953.9248  EKtot   =     48894.6992  EPtot      =   -366848.6241
 BOND   =       407.1082  ANGLE   =      1249.3106  DIHED      =      1575.6220
 1-4 NB =       339.5398  1-4 EEL =     -3562.1082  VDWAALS    =     45454.8022
 EELEC  =   -412336.4931  EHBOND  =         0.0000  RESTRAINT  =        23.5944
 EAMBER (non-restraint)  =   -366872.2185
 EKCMT  =         0.0000  VIRIAL  =         0.0000  VOLUME     =    811849.7131
                                                    Density    =         1.0157
 ------------------------------------------------------------------------------

| MC Barostat: Decreasing size of volume moves

 NSTEP =    20000   TIME(PS) =    3190.000  TEMP(K) =   300.00  PRESS =     0.0
 Etot   =   -317993.5726  EKtot   =     49034.1562  EPtot      =   -367027.7288
 BOND   =       350.2290  ANGLE   =      1245.7862  DIHED      =      1591.1963
 1-4 NB =       331.8924  1-4 EEL =     -3572.3314  VDWAALS    =     45630.8995
 EELEC  =   -412624.8122  EHBOND  =         0.0000  RESTRAINT  =        19.4112
 EAMBER (non-restraint)  =   -367047.1401
 EKCMT  =         0.0000  VIRIAL  =         0.0000  VOLUME     =    811868.9507
                                                    Density    =         1.0157
 ------------------------------------------------------------------------------


 NSTEP =    22500   TIME(PS) =    3195.000  TEMP(K) =   301.18  PRESS =     0.0
 Etot   =   -317583.4280  EKtot   =     49226.4805  EPtot      =   -366809.9084
 BOND   =       380.8833  ANGLE   =      1315.9047  DIHED      =      1570.3045
 1-4 NB =       327.9407  1-4 EEL =     -3583.9389  VDWAALS    =     45839.1298
 EELEC  =   -412685.3533  EHBOND  =         0.0000  RESTRAINT  =        25.2207
 EAMBER (non-restraint)  =   -366835.1291
 EKCMT  =         0.0000  VIRIAL  =         0.0000  VOLUME     =    810568.8764
                                                    Density    =         1.0173
 ------------------------------------------------------------------------------


 NSTEP =    25000   TIME(PS) =    3200.000  TEMP(K) =   299.99  PRESS =     0.0
 Etot   =   -317991.4957  EKtot   =     49032.0977  EPtot      =   -367023.5934
 BOND   =       360.2654  ANGLE   =      1253.1614  DIHED      =      1602.2435
 1-4 NB =       331.1278  1-4 EEL =     -3582.4832  VDWAALS    =     45868.1992
 EELEC  =   -412883.8591  EHBOND  =         0.0000  RESTRAINT  =        27.7516
 EAMBER (non-restraint)  =   -367051.3450
 EKCMT  =         0.0000  VIRIAL  =         0.0000  VOLUME     =    810706.6184
                                                    Density    =         1.0172
 ------------------------------------------------------------------------------


 NSTEP =    27500   TIME(PS) =    3205.000  TEMP(K) =   299.23  PRESS =     0.0
 Etot   =   -318538.2847  EKtot   =     48908.4531  EPtot      =   -367446.7378
 BOND   =       355.8388  ANGLE   =      1294.8707  DIHED      =      1558.3289
 1-4 NB =       322.2494  1-4 EEL =     -3580.5206  VDWAALS    =     45353.2133
 EELEC  =   -412777.8292  EHBOND  =         0.0000  RESTRAINT  =        27.1110
 EAMBER (non-restraint)  =   -367473.8488
 EKCMT  =         0.0000  VIRIAL  =         0.0000  VOLUME     =    811244.0320
                                                    Density    =         1.0165
 ------------------------------------------------------------------------------


 NSTEP =    30000   TIME(PS) =    3210.000  TEMP(K) =   299.55  PRESS =     0.0
 Etot   =   -317742.2866  EKtot   =     48961.3047  EPtot      =   -366703.5913
 BOND   =       369.0842  ANGLE   =      1274.2955  DIHED      =      1580.4794
 1-4 NB =       318.0744  1-4 EEL =     -3574.9946  VDWAALS    =     45707.8358
 EELEC  =   -412401.2054  EHBOND  =         0.0000  RESTRAINT  =        22.8395
 EAMBER (non-restraint)  =   -366726.4308
 EKCMT  =         0.0000  VIRIAL  =         0.0000  VOLUME     =    811651.0384
                                                    Density    =         1.0160
 ------------------------------------------------------------------------------


 NSTEP =    32500   TIME(PS) =    3215.000  TEMP(K) =   300.85  PRESS =     0.0
 Etot   =   -317526.0068  EKtot   =     49172.6602  EPtot      =   -366698.6670
 BOND   =       350.5346  ANGLE   =      1236.9793  DIHED      =      1575.6664
 1-4 NB =       324.2647  1-4 EEL =     -3578.0509  VDWAALS    =     45853.1637
 EELEC  =   -412490.8965  EHBOND  =         0.0000  RESTRAINT  =        29.6717
 EAMBER (non-restraint)  =   -366728.3387
 EKCMT  =         0.0000  VIRIAL  =         0.0000  VOLUME     =    813324.0790
                                                    Density    =         1.0139
 ------------------------------------------------------------------------------


 NSTEP =    35000   TIME(PS) =    3220.000  TEMP(K) =   300.01  PRESS =     0.0
 Etot   =   -318580.6487  EKtot   =     49035.2344  EPtot      =   -367615.8831
 BOND   =       352.7524  ANGLE   =      1243.6663  DIHED      =      1581.0126
 1-4 NB =       327.3965  1-4 EEL =     -3592.2562  VDWAALS    =     46074.1867
 EELEC  =   -413630.6444  EHBOND  =         0.0000  RESTRAINT  =        28.0030
 EAMBER (non-restraint)  =   -367643.8861
 EKCMT  =         0.0000  VIRIAL  =         0.0000  VOLUME     =    812748.6451
                                                    Density    =         1.0146
 ------------------------------------------------------------------------------


 NSTEP =    37500   TIME(PS) =    3225.000  TEMP(K) =   298.71  PRESS =     0.0
 Etot   =   -317708.6423  EKtot   =     48822.6758  EPtot      =   -366531.3181
 BOND   =       371.1873  ANGLE   =      1239.1091  DIHED      =      1572.0815
 1-4 NB =       335.7969  1-4 EEL =     -3563.3511  VDWAALS    =     45939.3325
 EELEC  =   -412449.8914  EHBOND  =         0.0000  RESTRAINT  =        24.4171
 EAMBER (non-restraint)  =   -366555.7351
 EKCMT  =         0.0000  VIRIAL  =         0.0000  VOLUME     =    813267.7058
                                                    Density    =         1.0140
 ------------------------------------------------------------------------------


 NSTEP =    40000   TIME(PS) =    3230.000  TEMP(K) =   300.94  PRESS =     0.0
 Etot   =   -317735.8222  EKtot   =     49187.3203  EPtot      =   -366923.1426
 BOND   =       347.3605  ANGLE   =      1256.1880  DIHED      =      1602.7781
 1-4 NB =       316.1499  1-4 EEL =     -3574.3257  VDWAALS    =     46044.1884
 EELEC  =   -412939.0841  EHBOND  =         0.0000  RESTRAINT  =        23.6023
 EAMBER (non-restraint)  =   -366946.7449
 EKCMT  =         0.0000  VIRIAL  =         0.0000  VOLUME     =    812854.2287
                                                    Density    =         1.0145
 ------------------------------------------------------------------------------


 NSTEP =    42500   TIME(PS) =    3235.000  TEMP(K) =   298.25  PRESS =     0.0
 Etot   =   -318023.5540  EKtot   =     48748.6602  EPtot      =   -366772.2141
 BOND   =       351.0404  ANGLE   =      1245.5657  DIHED      =      1612.2842
 1-4 NB =       339.5529  1-4 EEL =     -3606.2168  VDWAALS    =     46237.3222
 EELEC  =   -412974.4255  EHBOND  =         0.0000  RESTRAINT  =        22.6627
 EAMBER (non-restraint)  =   -366794.8768
 EKCMT  =         0.0000  VIRIAL  =         0.0000  VOLUME     =    812787.1054
                                                    Density    =         1.0146
 ------------------------------------------------------------------------------


 NSTEP =    45000   TIME(PS) =    3240.000  TEMP(K) =   300.76  PRESS =     0.0
 Etot   =   -317875.8388  EKtot   =     49158.8828  EPtot      =   -367034.7216
 BOND   =       372.0329  ANGLE   =      1294.3532  DIHED      =      1589.0558
 1-4 NB =       325.2145  1-4 EEL =     -3566.5828  VDWAALS    =     45659.2155
 EELEC  =   -412729.7859  EHBOND  =         0.0000  RESTRAINT  =        21.7751
 EAMBER (non-restraint)  =   -367056.4967
 EKCMT  =         0.0000  VIRIAL  =         0.0000  VOLUME     =    814954.2567
                                                    Density    =         1.0119
 ------------------------------------------------------------------------------


 NSTEP =    47500   TIME(PS) =    3245.000  TEMP(K) =   300.98  PRESS =     0.0
 Etot   =   -317462.0676  EKtot   =     49195.0312  EPtot      =   -366657.0989
 BOND   =       364.4171  ANGLE   =      1297.0349  DIHED      =      1607.5082
 1-4 NB =       333.0694  1-4 EEL =     -3586.9266  VDWAALS    =     45747.1228
 EELEC  =   -412445.4311  EHBOND  =         0.0000  RESTRAINT  =        26.1065
 EAMBER (non-restraint)  =   -366683.2054
 EKCMT  =         0.0000  VIRIAL  =         0.0000  VOLUME     =    815817.4063
                                                    Density    =         1.0108
 ------------------------------------------------------------------------------


 NSTEP =    50000   TIME(PS) =    3250.000  TEMP(K) =   299.65  PRESS =     0.0
 Etot   =   -317986.5719  EKtot   =     48976.8359  EPtot      =   -366963.4078
 BOND   =       338.3492  ANGLE   =      1256.8597  DIHED      =      1599.0305
 1-4 NB =       324.6649  1-4 EEL =     -3591.5230  VDWAALS    =     45920.2642
 EELEC  =   -412840.2629  EHBOND  =         0.0000  RESTRAINT  =        29.2095
 EAMBER (non-restraint)  =   -366992.6174
 EKCMT  =         0.0000  VIRIAL  =         0.0000  VOLUME     =    816095.8949
                                                    Density    =         1.0105
 ------------------------------------------------------------------------------


 NSTEP =    52500   TIME(PS) =    3255.000  TEMP(K) =   298.58  PRESS =     0.0
 Etot   =   -318524.0094  EKtot   =     48801.4375  EPtot      =   -367325.4469
 BOND   =       358.3629  ANGLE   =      1254.3165  DIHED      =      1592.7167
 1-4 NB =       330.2599  1-4 EEL =     -3577.8394  VDWAALS    =     45471.1285
 EELEC  =   -412780.9408  EHBOND  =         0.0000  RESTRAINT  =        26.5487
 EAMBER (non-restraint)  =   -367351.9956
 EKCMT  =         0.0000  VIRIAL  =         0.0000  VOLUME     =    814602.6004
                                                    Density    =         1.0123
 ------------------------------------------------------------------------------


 NSTEP =    55000   TIME(PS) =    3260.000  TEMP(K) =   298.97  PRESS =     0.0
 Etot   =   -317977.7115  EKtot   =     48866.2500  EPtot      =   -366843.9615
 BOND   =       381.4957  ANGLE   =      1294.5535  DIHED      =      1601.5026
 1-4 NB =       317.2104  1-4 EEL =     -3600.9109  VDWAALS    =     45822.0502
 EELEC  =   -412684.8624  EHBOND  =         0.0000  RESTRAINT  =        24.9994
 EAMBER (non-restraint)  =   -366868.9610
 EKCMT  =         0.0000  VIRIAL  =         0.0000  VOLUME     =    814471.9837
                                                    Density    =         1.0125
 ------------------------------------------------------------------------------


 NSTEP =    57500   TIME(PS) =    3265.000  TEMP(K) =   298.19  PRESS =     0.0
 Etot   =   -318375.1355  EKtot   =     48738.9219  EPtot      =   -367114.0574
 BOND   =       375.3634  ANGLE   =      1308.8176  DIHED      =      1569.7232
 1-4 NB =       337.8778  1-4 EEL =     -3593.6863  VDWAALS    =     45744.8359
 EELEC  =   -412876.3894  EHBOND  =         0.0000  RESTRAINT  =        19.4003
 EAMBER (non-restraint)  =   -367133.4577
 EKCMT  =         0.0000  VIRIAL  =         0.0000  VOLUME     =    814247.9658
                                                    Density    =         1.0127
 ------------------------------------------------------------------------------


 NSTEP =    60000   TIME(PS) =    3270.000  TEMP(K) =   301.38  PRESS =     0.0
 Etot   =   -317939.4842  EKtot   =     49260.4062  EPtot      =   -367199.8905
 BOND   =       361.7327  ANGLE   =      1272.8981  DIHED      =      1577.2662
 1-4 NB =       328.4956  1-4 EEL =     -3609.3477  VDWAALS    =     45555.1735
 EELEC  =   -412713.1071  EHBOND  =         0.0000  RESTRAINT  =        26.9983
 EAMBER (non-restraint)  =   -367226.8888
 EKCMT  =         0.0000  VIRIAL  =         0.0000  VOLUME     =    813368.0438
                                                    Density    =         1.0138
 ------------------------------------------------------------------------------


 NSTEP =    62500   TIME(PS) =    3275.000  TEMP(K) =   298.61  PRESS =     0.0
 Etot   =   -318200.6721  EKtot   =     48807.1328  EPtot      =   -367007.8049
 BOND   =       359.4130  ANGLE   =      1320.2115  DIHED      =      1595.5592
 1-4 NB =       326.3214  1-4 EEL =     -3566.0414  VDWAALS    =     45633.0797
 EELEC  =   -412700.9172  EHBOND  =         0.0000  RESTRAINT  =        24.5691
 EAMBER (non-restraint)  =   -367032.3740
 EKCMT  =         0.0000  VIRIAL  =         0.0000  VOLUME     =    812446.5743
                                                    Density    =         1.0150
 ------------------------------------------------------------------------------


 NSTEP =    65000   TIME(PS) =    3280.000  TEMP(K) =   300.37  PRESS =     0.0
 Etot   =   -317752.2446  EKtot   =     49094.9766  EPtot      =   -366847.2212
 BOND   =       400.5580  ANGLE   =      1257.8649  DIHED      =      1588.0528
 1-4 NB =       340.0541  1-4 EEL =     -3584.2510  VDWAALS    =     45506.6567
 EELEC  =   -412379.3770  EHBOND  =         0.0000  RESTRAINT  =        23.2204
 EAMBER (non-restraint)  =   -366870.4415
 EKCMT  =         0.0000  VIRIAL  =         0.0000  VOLUME     =    813077.7540
                                                    Density    =         1.0142
 ------------------------------------------------------------------------------


 NSTEP =    67500   TIME(PS) =    3285.000  TEMP(K) =   301.39  PRESS =     0.0
 Etot   =   -317752.0071  EKtot   =     49261.8867  EPtot      =   -367013.8938
 BOND   =       382.9047  ANGLE   =      1301.7557  DIHED      =      1556.6772
 1-4 NB =       309.4985  1-4 EEL =     -3581.4272  VDWAALS    =     46475.9940
 EELEC  =   -413477.7563  EHBOND  =         0.0000  RESTRAINT  =        18.4597
 EAMBER (non-restraint)  =   -367032.3534
 EKCMT  =         0.0000  VIRIAL  =         0.0000  VOLUME     =    812270.2559
                                                    Density    =         1.0152
 ------------------------------------------------------------------------------


 NSTEP =    70000   TIME(PS) =    3290.000  TEMP(K) =   299.73  PRESS =     0.0
 Etot   =   -318110.7863  EKtot   =     48990.3945  EPtot      =   -367101.1808
 BOND   =       336.2173  ANGLE   =      1254.0135  DIHED      =      1596.1717
 1-4 NB =       326.8254  1-4 EEL =     -3577.6094  VDWAALS    =     46073.6892
 EELEC  =   -413131.8410  EHBOND  =         0.0000  RESTRAINT  =        21.3524
 EAMBER (non-restraint)  =   -367122.5332
 EKCMT  =         0.0000  VIRIAL  =         0.0000  VOLUME     =    813995.6020
                                                    Density    =         1.0131
 ------------------------------------------------------------------------------


 NSTEP =    72500   TIME(PS) =    3295.000  TEMP(K) =   301.25  PRESS =     0.0
 Etot   =   -317954.5503  EKtot   =     49238.1172  EPtot      =   -367192.6675
 BOND   =       336.0750  ANGLE   =      1273.4771  DIHED      =      1569.5702
 1-4 NB =       341.3121  1-4 EEL =     -3567.9997  VDWAALS    =     45516.9231
 EELEC  =   -412689.7673  EHBOND  =         0.0000  RESTRAINT  =        27.7421
 EAMBER (non-restraint)  =   -367220.4096
 EKCMT  =         0.0000  VIRIAL  =         0.0000  VOLUME     =    814515.5397
                                                    Density    =         1.0124
 ------------------------------------------------------------------------------


 NSTEP =    75000   TIME(PS) =    3300.000  TEMP(K) =   299.99  PRESS =     0.0
 Etot   =   -318314.9510  EKtot   =     49033.2812  EPtot      =   -367348.2322
 BOND   =       380.2614  ANGLE   =      1278.5592  DIHED      =      1585.0826
 1-4 NB =       330.2951  1-4 EEL =     -3588.5056  VDWAALS    =     46574.2943
 EELEC  =   -413929.9816  EHBOND  =         0.0000  RESTRAINT  =        21.7625
 EAMBER (non-restraint)  =   -367369.9947
 EKCMT  =         0.0000  VIRIAL  =         0.0000  VOLUME     =    814687.0282
                                                    Density    =         1.0122
 ------------------------------------------------------------------------------


 NSTEP =    77500   TIME(PS) =    3305.000  TEMP(K) =   299.42  PRESS =     0.0
 Etot   =   -317940.0531  EKtot   =     48938.9102  EPtot      =   -366878.9633
 BOND   =       375.0045  ANGLE   =      1228.0059  DIHED      =      1571.5687
 1-4 NB =       324.4767  1-4 EEL =     -3610.5994  VDWAALS    =     45827.5536
 EELEC  =   -412618.2631  EHBOND  =         0.0000  RESTRAINT  =        23.2898
 EAMBER (non-restraint)  =   -366902.2531
 EKCMT  =         0.0000  VIRIAL  =         0.0000  VOLUME     =    815663.4135
                                                    Density    =         1.0110
 ------------------------------------------------------------------------------


 NSTEP =    80000   TIME(PS) =    3310.000  TEMP(K) =   299.84  PRESS =     0.0
 Etot   =   -318296.7945  EKtot   =     49007.9492  EPtot      =   -367304.7437
 BOND   =       381.9962  ANGLE   =      1299.3621  DIHED      =      1565.2459
 1-4 NB =       311.7527  1-4 EEL =     -3609.8808  VDWAALS    =     46065.0676
 EELEC  =   -413348.9606  EHBOND  =         0.0000  RESTRAINT  =        30.6730
 EAMBER (non-restraint)  =   -367335.4167
 EKCMT  =         0.0000  VIRIAL  =         0.0000  VOLUME     =    815672.8836
                                                    Density    =         1.0110
 ------------------------------------------------------------------------------


 NSTEP =    82500   TIME(PS) =    3315.000  TEMP(K) =   299.15  PRESS =     0.0
 Etot   =   -318129.4993  EKtot   =     48895.5430  EPtot      =   -367025.0423
 BOND   =       358.3904  ANGLE   =      1288.9495  DIHED      =      1584.2948
 1-4 NB =       317.8889  1-4 EEL =     -3618.8302  VDWAALS    =     45894.4509
 EELEC  =   -412875.7800  EHBOND  =         0.0000  RESTRAINT  =        25.5934
 EAMBER (non-restraint)  =   -367050.6357
 EKCMT  =         0.0000  VIRIAL  =         0.0000  VOLUME     =    815765.6088
                                                    Density    =         1.0109
 ------------------------------------------------------------------------------


 NSTEP =    85000   TIME(PS) =    3320.000  TEMP(K) =   299.22  PRESS =     0.0
 Etot   =   -317751.0492  EKtot   =     48906.4219  EPtot      =   -366657.4711
 BOND   =       331.3049  ANGLE   =      1271.7253  DIHED      =      1558.3087
 1-4 NB =       334.5333  1-4 EEL =     -3595.2939  VDWAALS    =     45518.0956
 EELEC  =   -412103.7832  EHBOND  =         0.0000  RESTRAINT  =        27.6382
 EAMBER (non-restraint)  =   -366685.1093
 EKCMT  =         0.0000  VIRIAL  =         0.0000  VOLUME     =    815172.8077
                                                    Density    =         1.0116
 ------------------------------------------------------------------------------


 NSTEP =    87500   TIME(PS) =    3325.000  TEMP(K) =   298.32  PRESS =     0.0
 Etot   =   -317954.2364  EKtot   =     48760.0508  EPtot      =   -366714.2872
 BOND   =       366.4674  ANGLE   =      1281.7449  DIHED      =      1592.8570
 1-4 NB =       321.9727  1-4 EEL =     -3590.2986  VDWAALS    =     45592.9926
 EELEC  =   -412300.5927  EHBOND  =         0.0000  RESTRAINT  =        20.5696
 EAMBER (non-restraint)  =   -366734.8568
 EKCMT  =         0.0000  VIRIAL  =         0.0000  VOLUME     =    815990.8949
                                                    Density    =         1.0106
 ------------------------------------------------------------------------------


 NSTEP =    90000   TIME(PS) =    3330.000  TEMP(K) =   300.07  PRESS =     0.0
 Etot   =   -318041.4422  EKtot   =     49046.4180  EPtot      =   -367087.8601
 BOND   =       353.1098  ANGLE   =      1243.3093  DIHED      =      1588.2546
 1-4 NB =       338.0904  1-4 EEL =     -3592.1635  VDWAALS    =     45688.9851
 EELEC  =   -412727.7133  EHBOND  =         0.0000  RESTRAINT  =        20.2675
 EAMBER (non-restraint)  =   -367108.1277
 EKCMT  =         0.0000  VIRIAL  =         0.0000  VOLUME     =    814846.1381
                                                    Density    =         1.0120
 ------------------------------------------------------------------------------


 NSTEP =    92500   TIME(PS) =    3335.000  TEMP(K) =   300.03  PRESS =     0.0
 Etot   =   -318150.1418  EKtot   =     49038.4062  EPtot      =   -367188.5480
 BOND   =       380.6353  ANGLE   =      1315.3086  DIHED      =      1594.3803
 1-4 NB =       324.2310  1-4 EEL =     -3580.9607  VDWAALS    =     46177.1188
 EELEC  =   -413433.1507  EHBOND  =         0.0000  RESTRAINT  =        33.8895
 EAMBER (non-restraint)  =   -367222.4375
 EKCMT  =         0.0000  VIRIAL  =         0.0000  VOLUME     =    814333.3754
                                                    Density    =         1.0126
 ------------------------------------------------------------------------------


 NSTEP =    95000   TIME(PS) =    3340.000  TEMP(K) =   303.04  PRESS =     0.0
 Etot   =   -317368.2610  EKtot   =     49530.4688  EPtot      =   -366898.7297
 BOND   =       335.8266  ANGLE   =      1238.7427  DIHED      =      1576.4868
 1-4 NB =       330.5880  1-4 EEL =     -3578.5185  VDWAALS    =     45796.7538
 EELEC  =   -412628.1899  EHBOND  =         0.0000  RESTRAINT  =        29.5807
 EAMBER (non-restraint)  =   -366928.3105
 EKCMT  =         0.0000  VIRIAL  =         0.0000  VOLUME     =    812962.3991
                                                    Density    =         1.0143
 ------------------------------------------------------------------------------


 NSTEP =    97500   TIME(PS) =    3345.000  TEMP(K) =   301.44  PRESS =     0.0
 Etot   =   -317444.0291  EKtot   =     49270.3047  EPtot      =   -366714.3337
 BOND   =       332.4456  ANGLE   =      1287.0551  DIHED      =      1591.5484
 1-4 NB =       321.1574  1-4 EEL =     -3555.7151  VDWAALS    =     45223.4511
 EELEC  =   -411945.1937  EHBOND  =         0.0000  RESTRAINT  =        30.9174
 EAMBER (non-restraint)  =   -366745.2512
 EKCMT  =         0.0000  VIRIAL  =         0.0000  VOLUME     =    811192.4539
                                                    Density    =         1.0166
 ------------------------------------------------------------------------------


 NSTEP =   100000   TIME(PS) =    3350.000  TEMP(K) =   299.40  PRESS =     0.0
 Etot   =   -318375.7509  EKtot   =     48936.6523  EPtot      =   -367312.4032
 BOND   =       379.2758  ANGLE   =      1264.5495  DIHED      =      1607.8149
 1-4 NB =       321.4625  1-4 EEL =     -3579.4404  VDWAALS    =     45758.5471
 EELEC  =   -413089.8285  EHBOND  =         0.0000  RESTRAINT  =        25.2158
 EAMBER (non-restraint)  =   -367337.6190
 EKCMT  =         0.0000  VIRIAL  =         0.0000  VOLUME     =    811686.5604
                                                    Density    =         1.0159
 ------------------------------------------------------------------------------


 NSTEP =   102500   TIME(PS) =    3355.000  TEMP(K) =   301.71  PRESS =     0.0
 Etot   =   -318090.2199  EKtot   =     49313.2891  EPtot      =   -367403.5090
 BOND   =       344.9927  ANGLE   =      1295.0047  DIHED      =      1590.7828
 1-4 NB =       319.7061  1-4 EEL =     -3579.2602  VDWAALS    =     45774.3632
 EELEC  =   -413178.3908  EHBOND  =         0.0000  RESTRAINT  =        29.2926
 EAMBER (non-restraint)  =   -367432.8016
 EKCMT  =         0.0000  VIRIAL  =         0.0000  VOLUME     =    811730.4880
                                                    Density    =         1.0159
 ------------------------------------------------------------------------------


 NSTEP =   105000   TIME(PS) =    3360.000  TEMP(K) =   300.35  PRESS =     0.0
 Etot   =   -317750.8673  EKtot   =     49090.7227  EPtot      =   -366841.5900
 BOND   =       394.5941  ANGLE   =      1277.5622  DIHED      =      1556.6341
 1-4 NB =       315.4132  1-4 EEL =     -3612.6529  VDWAALS    =     45823.9326
 EELEC  =   -412627.0336  EHBOND  =         0.0000  RESTRAINT  =        29.9602
 EAMBER (non-restraint)  =   -366871.5502
 EKCMT  =         0.0000  VIRIAL  =         0.0000  VOLUME     =    813368.2612
                                                    Density    =         1.0138
 ------------------------------------------------------------------------------


 NSTEP =   107500   TIME(PS) =    3365.000  TEMP(K) =   301.37  PRESS =     0.0
 Etot   =   -317675.2614  EKtot   =     49257.5117  EPtot      =   -366932.7731
 BOND   =       357.8125  ANGLE   =      1297.6016  DIHED      =      1583.2832
 1-4 NB =       330.0492  1-4 EEL =     -3594.9548  VDWAALS    =     45283.8619
 EELEC  =   -412223.3081  EHBOND  =         0.0000  RESTRAINT  =        32.8815
 EAMBER (non-restraint)  =   -366965.6546
 EKCMT  =         0.0000  VIRIAL  =         0.0000  VOLUME     =    811906.4413
                                                    Density    =         1.0157
 ------------------------------------------------------------------------------


 NSTEP =   110000   TIME(PS) =    3370.000  TEMP(K) =   300.78  PRESS =     0.0
 Etot   =   -317807.9601  EKtot   =     49162.1250  EPtot      =   -366970.0851
 BOND   =       395.5550  ANGLE   =      1318.4507  DIHED      =      1567.5542
 1-4 NB =       316.8276  1-4 EEL =     -3578.0512  VDWAALS    =     45730.6731
 EELEC  =   -412750.5933  EHBOND  =         0.0000  RESTRAINT  =        29.4989
 EAMBER (non-restraint)  =   -366999.5840
 EKCMT  =         0.0000  VIRIAL  =         0.0000  VOLUME     =    812721.3167
                                                    Density    =         1.0147
 ------------------------------------------------------------------------------


 NSTEP =   112500   TIME(PS) =    3375.000  TEMP(K) =   299.43  PRESS =     0.0
 Etot   =   -318068.8007  EKtot   =     48941.1250  EPtot      =   -367009.9257
 BOND   =       353.4981  ANGLE   =      1256.9731  DIHED      =      1584.7878
 1-4 NB =       332.0083  1-4 EEL =     -3603.3757  VDWAALS    =     45700.9411
 EELEC  =   -412665.5730  EHBOND  =         0.0000  RESTRAINT  =        30.8146
 EAMBER (non-restraint)  =   -367040.7403
 EKCMT  =         0.0000  VIRIAL  =         0.0000  VOLUME     =    813496.4539
                                                    Density    =         1.0137
 ------------------------------------------------------------------------------


 NSTEP =   115000   TIME(PS) =    3380.000  TEMP(K) =   299.31  PRESS =     0.0
 Etot   =   -317981.6185  EKtot   =     48921.3984  EPtot      =   -366903.0169
 BOND   =       353.3105  ANGLE   =      1329.9211  DIHED      =      1586.2196
 1-4 NB =       329.8609  1-4 EEL =     -3589.1435  VDWAALS    =     46003.0315
 EELEC  =   -412944.8968  EHBOND  =         0.0000  RESTRAINT  =        28.6797
 EAMBER (non-restraint)  =   -366931.6967
 EKCMT  =         0.0000  VIRIAL  =         0.0000  VOLUME     =    814922.7671
                                                    Density    =         1.0119
 ------------------------------------------------------------------------------


 NSTEP =   117500   TIME(PS) =    3385.000  TEMP(K) =   299.09  PRESS =     0.0
 Etot   =   -317964.5814  EKtot   =     48884.9375  EPtot      =   -366849.5189
 BOND   =       343.2189  ANGLE   =      1292.2994  DIHED      =      1560.2029
 1-4 NB =       328.7776  1-4 EEL =     -3597.7002  VDWAALS    =     45517.4944
 EELEC  =   -412316.3907  EHBOND  =         0.0000  RESTRAINT  =        22.5789
 EAMBER (non-restraint)  =   -366872.0978
 EKCMT  =         0.0000  VIRIAL  =         0.0000  VOLUME     =    814689.8399
                                                    Density    =         1.0122
 ------------------------------------------------------------------------------


 NSTEP =   120000   TIME(PS) =    3390.000  TEMP(K) =   300.58  PRESS =     0.0
 Etot   =   -318368.4311  EKtot   =     49129.1289  EPtot      =   -367497.5600
 BOND   =       381.8529  ANGLE   =      1333.4534  DIHED      =      1581.4362
 1-4 NB =       321.3942  1-4 EEL =     -3585.7680  VDWAALS    =     46122.5767
 EELEC  =   -413679.8851  EHBOND  =         0.0000  RESTRAINT  =        27.3797
 EAMBER (non-restraint)  =   -367524.9396
 EKCMT  =         0.0000  VIRIAL  =         0.0000  VOLUME     =    813675.5415
                                                    Density    =         1.0135
 ------------------------------------------------------------------------------


 NSTEP =   122500   TIME(PS) =    3395.000  TEMP(K) =   300.92  PRESS =     0.0
 Etot   =   -317577.4472  EKtot   =     49184.9141  EPtot      =   -366762.3612
 BOND   =       354.9343  ANGLE   =      1281.4816  DIHED      =      1592.5654
 1-4 NB =       341.8904  1-4 EEL =     -3600.8058  VDWAALS    =     45718.2868
 EELEC  =   -412476.2579  EHBOND  =         0.0000  RESTRAINT  =        25.5438
 EAMBER (non-restraint)  =   -366787.9051
 EKCMT  =         0.0000  VIRIAL  =         0.0000  VOLUME     =    814021.2378
                                                    Density    =         1.0130
 ------------------------------------------------------------------------------


 NSTEP =   125000   TIME(PS) =    3400.000  TEMP(K) =   300.71  PRESS =     0.0
 Etot   =   -317382.8467  EKtot   =     49150.2578  EPtot      =   -366533.1045
 BOND   =       374.4714  ANGLE   =      1288.7302  DIHED      =      1587.1457
 1-4 NB =       326.7027  1-4 EEL =     -3581.0645  VDWAALS    =     45668.8228
 EELEC  =   -412217.8183  EHBOND  =         0.0000  RESTRAINT  =        19.9054
 EAMBER (non-restraint)  =   -366553.0100
 EKCMT  =         0.0000  VIRIAL  =         0.0000  VOLUME     =    813133.7187
                                                    Density    =         1.0141
 ------------------------------------------------------------------------------


      A V E R A G E S   O V E R      50 S T E P S


 NSTEP =   125000   TIME(PS) =    3400.000  TEMP(K) =   300.10  PRESS =     0.0
 Etot   =   -317956.5119  EKtot   =     49050.8530  EPtot      =   -367007.3649
 BOND   =       363.6358  ANGLE   =      1277.0698  DIHED      =      1583.6761
 1-4 NB =       327.3265  1-4 EEL =     -3587.1159  VDWAALS    =     45783.3931
 EELEC  =   -412780.4624  EHBOND  =         0.0000  RESTRAINT  =        25.1122
 EAMBER (non-restraint)  =   -367032.4771
 EKCMT  =         0.0000  VIRIAL  =         0.0000  VOLUME     =    813492.9454
                                                    Density    =         1.0137
 ------------------------------------------------------------------------------


      R M S  F L U C T U A T I O N S


 NSTEP =   125000   TIME(PS) =    3400.000  TEMP(K) =     1.03  PRESS =     0.0
 Etot   =       321.7282  EKtot   =       168.0265  EPtot      =       272.0040
 BOND   =        19.0029  ANGLE   =        27.6256  DIHED      =        14.6443
 1-4 NB =         8.1638  1-4 EEL =        14.2168  VDWAALS    =       298.2574
 EELEC  =       452.0144  EHBOND  =         0.0000  RESTRAINT  =         3.9792
 EAMBER (non-restraint)  =       268.0248
 EKCMT  =         0.0000  VIRIAL  =         0.0000  VOLUME     =      1426.1633
                                                    Density    =         0.0018
 ------------------------------------------------------------------------------

| MC Barostat:       1250 volume changes attempted.
| MC Barostat:        322 changes successful ( 25.76%)
 ------------------------------------------------------------------------------

--------------------------------------------------------------------------------
   5.  TIMINGS
--------------------------------------------------------------------------------

|  NonSetup CPU Time in Major Routines:
|
|     Routine           Sec        %
|     ------------------------------
|     Nonbond          14.77   11.76
|     Bond              0.00    0.00
|     Angle             0.00    0.00
|     Dihedral          0.00    0.00
|     Shake             0.67    0.53
|     RunMD           105.22   83.73
|     Other             5.00    3.98
|     ------------------------------
|     Total           125.67

|  PME Nonbond Pairlist CPU Time:
|
|     Routine              Sec        %
|     ---------------------------------
|     Set Up Cit           0.00    0.00
|     Build List           0.00    0.00
|     ---------------------------------
|     Total                0.00    0.00

|  PME Direct Force CPU Time:
|
|     Routine              Sec        %
|     ---------------------------------
|     NonBonded Calc       0.00    0.00
|     Exclude Masked       0.00    0.00
|     Other                0.14    0.11
|     ---------------------------------
|     Total                0.14    0.11

|  PME Reciprocal Force CPU Time:
|
|     Routine              Sec        %
|     ---------------------------------
|     1D bspline           0.00    0.00
|     Grid Charges         0.00    0.00
|     Scalar Sum           0.00    0.00
|     Gradient Sum         0.00    0.00
|     FFT                  0.00    0.00
|     ---------------------------------
|     Total                0.00    0.00

|  Final Performance Info:
|     -----------------------------------------------------
|     Average timings for last    2500 steps:
|     Elapsed(s) =       2.54 Per Step(ms) =       1.02
|         ns/day =     170.05   seconds/ns =     508.08
|
|     Average timings for all steps:
|     Elapsed(s) =     125.77 Per Step(ms) =       1.01
|         ns/day =     171.75   seconds/ns =     503.06
|     -----------------------------------------------------

|  Setup CPU time:            1.07 seconds
|  NonSetup CPU time:       125.67 seconds
|  Total CPU time:          126.74 seconds     0.04 hours

|  Setup wall time:           1    seconds
|  NonSetup wall time:      126    seconds
|  Total wall time:         127    seconds     0.04 hours
