
          -------------------------------------------------------
          Amber 24 PMEMD                              2024
          -------------------------------------------------------

| PMEMD implementation of SANDER, Release 24

|  Compiled date/time: Thu Apr  3 14:55:38 2025
| Run on 05/16/2026 at 00:41:54

|   Executable path: pmemd.cuda
| Working directory: /home/anugraha/IDP/equilibrate
|          Hostname: sapphire-0

  [-O]verwriting output

File Assignments:
|   MDIN: equil_npt_polish.in                                                   
|  MDOUT: chunks/npt_08.out                                                     
| INPCRD: chunks/npt_07.rst7                                                    
|   PARM: /home/anugraha/IDP/build/complex.prmtop                               
| RESTRT: chunks/npt_08.rst7                                                    
|   REFC: chunks/npt_07.rst7                                                    
|  MDVEL: mdvel                                                                 
|   MDEN: mden                                                                  
|  MDCRD: chunks/npt_08.nc                                                      
| MDINFO: chunks/npt_08.mdinfo                                                  
|  MDFRC: mdfrc                                                                 


 Here is the input file:

NPT polish chunk: 250 ps, 300 K, 0.1 kcal backbone restraint, MC barostat      
 &cntrl                                                                        
  imin   = 0,                                                                  
  irest  = 1, ntx = 5,                                                         
  nstlim = 125000, dt = 0.002,                                                 
  ntc    = 2, ntf = 2,                                                         
  cut    = 10.0,                                                               
  ntb    = 2,                                                                  
  ntp    = 1, barostat = 2, pres0 = 1.0, mcbarint = 100,                       
  ntt    = 3, gamma_ln = 2.0, temp0 = 300.0,                                   
  ntr    = 1,                                                                  
  restraint_wt = 0.1,                                                          
  restraintmask = "(:1-140) & @N,CA,C,O",                                      
  ig     = -1,                                                                 
  ntpr   = 2500, ntwx = 2500, ntwr = 25000,                                    
  iwrap  = 1, ioutfm = 1,                                                      
 /                                                                             


Note: ig = -1. Setting random seed to   730236 based on wallclock time in 
      microseconds.
| irandom = 1, using AMBER's internal random number generator (default).
 
|--------------------- INFORMATION ----------------------
| GPU (CUDA) Version of PMEMD in use: NVIDIA GPU IN USE.
|                    Version 18.0.0
| 
|                      03/25/2018
| 
| Implementation by:
|                    Ross C. Walker     (SDSC)
|                    Scott Le Grand     (nVIDIA)
| 
| Version 18 performance extensions by:
|                    David Cerutti     (Rutgers)
| 
| Precision model in use:
|      [SPFP] - Single Precision Forces, 64-bit Fixed Point
|               Accumulation. (Default)
| 
|--------------------------------------------------------
 
|----------------- CITATION INFORMATION -----------------
|
|    When publishing work that utilized the CUDA version
|    of AMBER, please cite the following in addition to
|    the regular AMBER citations:
|
|  - Romelia Salomon-Ferrer; Andreas W. Goetz; Duncan
|    Poole; Scott Le Grand; Ross C. Walker "Routine
|    microsecond molecular dynamics simulations with
|    AMBER - Part II: Particle Mesh Ewald", J. Chem.
|    Theory Comput., 2013, 9 (9), pp3878-3888,
|    DOI: 10.1021/ct400314y.
|
|  - Andreas W. Goetz; Mark J. Williamson; Dong Xu;
|    Duncan Poole; Scott Le Grand; Ross C. Walker
|    "Routine microsecond molecular dynamics simulations
|    with AMBER - Part I: Generalized Born", J. Chem.
|    Theory Comput., 2012, 8 (5), pp1542-1555.
|
|  - Scott Le Grand; Andreas W. Goetz; Ross C. Walker
|    "SPFP: Speed without compromise - a mixed precision
|    model for GPU accelerated molecular dynamics
|    simulations.", Comp. Phys. Comm., 2013, 184
|    pp374-380, DOI: 10.1016/j.cpc.2012.09.022
|
|--------------------------------------------------------
 
|------------------- GPU DEVICE INFO --------------------
|
|            CUDA_VISIBLE_DEVICES: 0
|   CUDA Capable Devices Detected:      1
|           CUDA Device ID in use:      0
|                CUDA Device Name: NVIDIA A100-SXM4-80GB
|     CUDA Device Global Mem Size:  81152 MB
| CUDA Device Num Multiprocessors:    108
|           CUDA Device Core Freq:   1.41 GHz
|
|--------------------------------------------------------
 
 
| Conditional Compilation Defines Used:
| PUBFFT
| BINTRAJ
| CUDA
| EMIL

| Largest sphere to fit in unit cell has radius =    30.518

| New format PARM file being parsed.
| Version =    1.000 Date = 05/15/26 Time = 17:24:49

| Note: 1-4 EEL scale factors are being read from the topology file.

| Note: 1-4 VDW scale factors are being read from the topology file.
| INFO:    Virtual site frames will be inferred from bonding patterns.
| INFO: Off Diagonal (NBFIX) LJ terms found in prmtop file.
|       The prmtop file has been modified to support atom
|       type based pairwise Lennard-Jones terms.
| Duplicated    0 dihedrals

| Duplicated    0 dihedrals

--------------------------------------------------------------------------------
   1.  RESOURCE   USE: 
--------------------------------------------------------------------------------

 getting box info from netcdf restart file
 NATOM  =  108126 NTYPES =      32 NBONH =   80449 MBONA  =   27522
 NTHETH =   28829 MTHETA =    1412 NPHIH =    4993 MPHIA  =    4071
 NHPARM =       0 NPARM  =       0 NNB   =  196844 NRES   =   26785
 NBONA  =   27522 NTHETA =    1412 NPHIA =    4071 NUMBND =      74
 NUMANG =     152 NPTRA  =     108 NATYP =      51 NPHB   =       0
 IFBOX  =       1 NMXRS  =      38 IFCAP =       0 NEXTRA =   26476
 NCOPY  =       0

| Coordinate Index Table dimensions:    13   32   11
| Direct force subcell size =     5.7947    5.5334    5.5487

     BOX TYPE: RECTILINEAR

--------------------------------------------------------------------------------
   2.  CONTROL  DATA  FOR  THE  RUN
--------------------------------------------------------------------------------

default_name                                                                    

General flags:
     imin    =       0, nmropt  =       0

Nature and format of input:
     ntx     =       5, irest   =       1, ntrx    =       1

Nature and format of output:
     ntxo    =       2, ntpr    =    2500, ntrx    =       1, ntwr    =   25000
     iwrap   =       1, ntwx    =    2500, ntwv    =       0, ntwe    =       0
     ioutfm  =       1, ntwprt  =       0, idecomp =       0, rbornstat=      0

Potential function:
     ntf     =       2, ntb     =       2, igb     =       0, nsnb    =      25
     ipol    =       0, gbsa    =       0, iesp    =       0
     dielc   =   1.00000, cut     =  10.00000, intdiel =   1.00000

Frozen or restrained atoms:
     ibelly  =       0, ntr     =       1
     restraint_wt =   0.10000

Molecular dynamics:
     nstlim  =    125000, nscm    =         0, nrespa  =         1
     t       =   0.00000, dt      =   0.00200, vlimit  =  -1.00000

Langevin dynamics temperature regulation:
     ig      =  730236
     temp0   = 300.00000, tempi   =   0.00000, gamma_ln=   2.00000

Pressure regulation:
     ntp     =       1
     pres0   =   1.00000, comp    =  44.60000, taup    =   1.00000
     Monte-Carlo Barostat:
     mcbarint  =     100

SHAKE:
     ntc     =       2, jfastw  =       0
     tol     =   0.00001

| Intermolecular bonds treatment:
|     no_intermolecular_bonds =       1

| Energy averages sample interval:
|     ene_avg_sampling =    2500

Extra-points options:
     frameon =       1, chngmask=       1

Ewald parameters:
     verbose =       0, ew_type =       0, nbflag  =       1, use_pme =       1
     vdwmeth =       1, eedmeth =       1, netfrc  =       1
     Box X =   75.331   Box Y =  177.067   Box Z =   61.035
     Alpha =   90.000   Beta  =   90.000   Gamma =   90.000
     NFFT1 =   80       NFFT2 =  180       NFFT3 =   64
     Cutoff=   10.000   Tol   =0.100E-04
     Ewald Coefficient =  0.27511
     Interpolation order =    4

    LOADING THE CONSTRAINED ATOMS AS GROUPS


   5.  REFERENCE ATOM COORDINATES

  default_name                                                                    
     Mask (:1-140) & @N,CA,C,O; matches   560 atoms
|      EXTRA_PTS, trim_bonds: num bonds BEFORE trim = 80449     0
|      EXTRA_PTS, trim_bonds: num bonds AFTER  trim = 80449     0
|      EXTRA_PTS, trim_bonds: num bonds BEFORE trim = 27522     0
|      EXTRA_PTS, trim_bonds: num bonds AFTER  trim =  1046     0
|      EXTRA_PTS, trim_theta: num angle BEFORE trim = 28829     0
|      EXTRA_PTS, trim_theta: num angle AFTER  trim = 28829     0
|      EXTRA_PTS, trim_theta: num angle BEFORE trim =  1412     0
|      EXTRA_PTS, trim_theta: num angle AFTER  trim =  1412     0
|      EXTRA_PTS, trim_phi:  num diheds BEFORE trim =  4993     0
|      EXTRA_PTS, trim_phi:  num diheds AFTER  trim =  4993     0
|      EXTRA_PTS, trim_phi:  num diheds BEFORE trim =  4071     0
|      EXTRA_PTS, trim_phi:  num diheds AFTER  trim =  4071     0
| MONTE CARLO BAROSTAT IMPORTANT NOTE:
|   The Monte-Carlo barostat does not require the virial to adjust the system volume.
|   Since it is an expensive calculation, it is skipped for efficiency. A side-effect
|   is that the reported pressure is always 0 because it is not calculated.

--------------------------------------------------------------------------------
   3.  ATOMIC COORDINATES AND VELOCITIES
--------------------------------------------------------------------------------

default_name                                                                    
 begin time read from input coords =  1650.000 ps

 
 Number of triangulated 3-point waters found:    26476

     Sum of charges from parm topology file =  -0.00201509
     Forcing neutrality...

| Dynamic Memory, Types Used:
| Reals             4815083
| Integers          9375957

| Nonbonded Pairs Initial Allocation:    32705411

| GPU memory information (estimate):
| KB of GPU memory in use:    829143
| KB of CPU memory in use:    182199

--------------------------------------------------------------------------------
   4.  RESULTS
--------------------------------------------------------------------------------

| MC Barostat: Decreasing size of volume moves
| MC Barostat: Decreasing size of volume moves

 NSTEP =     2500   TIME(PS) =    1655.000  TEMP(K) =   302.73  PRESS =     0.0
 Etot   =   -317431.3200  EKtot   =     49480.6367  EPtot      =   -366911.9567
 BOND   =       370.4325  ANGLE   =      1307.2675  DIHED      =      1588.4723
 1-4 NB =       322.8731  1-4 EEL =     -3589.4699  VDWAALS    =     46069.5036
 EELEC  =   -412997.4875  EHBOND  =         0.0000  RESTRAINT  =        16.4515
 EAMBER (non-restraint)  =   -366928.4083
 EKCMT  =         0.0000  VIRIAL  =         0.0000  VOLUME     =    814066.4619
                                                    Density    =         1.0130
 ------------------------------------------------------------------------------

| MC Barostat: Decreasing size of volume moves
| MC Barostat: Decreasing size of volume moves
| MC Barostat: Decreasing size of volume moves

 NSTEP =     5000   TIME(PS) =    1660.000  TEMP(K) =   300.24  PRESS =     0.0
 Etot   =   -318296.2813  EKtot   =     49073.9648  EPtot      =   -367370.2461
 BOND   =       362.8707  ANGLE   =      1269.8741  DIHED      =      1602.6751
 1-4 NB =       316.8696  1-4 EEL =     -3600.4610  VDWAALS    =     45875.2498
 EELEC  =   -413217.7224  EHBOND  =         0.0000  RESTRAINT  =        20.3980
 EAMBER (non-restraint)  =   -367390.6442
 EKCMT  =         0.0000  VIRIAL  =         0.0000  VOLUME     =    813788.6426
                                                    Density    =         1.0133
 ------------------------------------------------------------------------------

| MC Barostat: Decreasing size of volume moves
| MC Barostat: Decreasing size of volume moves

 NSTEP =     7500   TIME(PS) =    1665.000  TEMP(K) =   299.87  PRESS =     0.0
 Etot   =   -317918.9500  EKtot   =     49012.8906  EPtot      =   -366931.8406
 BOND   =       372.6949  ANGLE   =      1300.2042  DIHED      =      1590.4862
 1-4 NB =       333.3716  1-4 EEL =     -3578.0167  VDWAALS    =     46358.8469
 EELEC  =   -413329.1858  EHBOND  =         0.0000  RESTRAINT  =        19.7581
 EAMBER (non-restraint)  =   -366951.5987
 EKCMT  =         0.0000  VIRIAL  =         0.0000  VOLUME     =    814706.4321
                                                    Density    =         1.0122
 ------------------------------------------------------------------------------

| MC Barostat: Decreasing size of volume moves

 NSTEP =    10000   TIME(PS) =    1670.000  TEMP(K) =   299.48  PRESS =     0.0
 Etot   =   -318350.7481  EKtot   =     48949.0156  EPtot      =   -367299.7637
 BOND   =       333.4369  ANGLE   =      1240.3112  DIHED      =      1607.1807
 1-4 NB =       321.4939  1-4 EEL =     -3606.5185  VDWAALS    =     46043.2214
 EELEC  =   -413260.0507  EHBOND  =         0.0000  RESTRAINT  =        21.1614
 EAMBER (non-restraint)  =   -367320.9251
 EKCMT  =         0.0000  VIRIAL  =         0.0000  VOLUME     =    814781.5667
                                                    Density    =         1.0121
 ------------------------------------------------------------------------------

| MC Barostat: Decreasing size of volume moves

 NSTEP =    12500   TIME(PS) =    1675.000  TEMP(K) =   300.71  PRESS =     0.0
 Etot   =   -317696.0093  EKtot   =     49150.6328  EPtot      =   -366846.6421
 BOND   =       378.5131  ANGLE   =      1295.8523  DIHED      =      1599.6847
 1-4 NB =       316.3608  1-4 EEL =     -3606.8769  VDWAALS    =     45667.9945
 EELEC  =   -412522.1750  EHBOND  =         0.0000  RESTRAINT  =        24.0044
 EAMBER (non-restraint)  =   -366870.6465
 EKCMT  =         0.0000  VIRIAL  =         0.0000  VOLUME     =    812476.6736
                                                    Density    =         1.0150
 ------------------------------------------------------------------------------

| MC Barostat: Decreasing size of volume moves
| MC Barostat: Decreasing size of volume moves
| MC Barostat: Decreasing size of volume moves

 NSTEP =    15000   TIME(PS) =    1680.000  TEMP(K) =   300.13  PRESS =     0.0
 Etot   =   -318339.9359  EKtot   =     49055.1133  EPtot      =   -367395.0492
 BOND   =       366.4943  ANGLE   =      1289.8112  DIHED      =      1582.4897
 1-4 NB =       325.8778  1-4 EEL =     -3603.9907  VDWAALS    =     46516.5909
 EELEC  =   -413891.3965  EHBOND  =         0.0000  RESTRAINT  =        19.0739
 EAMBER (non-restraint)  =   -367414.1231
 EKCMT  =         0.0000  VIRIAL  =         0.0000  VOLUME     =    812475.4027
                                                    Density    =         1.0150
 ------------------------------------------------------------------------------

| MC Barostat: Decreasing size of volume moves

 NSTEP =    17500   TIME(PS) =    1685.000  TEMP(K) =   300.84  PRESS =     0.0
 Etot   =   -317973.8120  EKtot   =     49171.9492  EPtot      =   -367145.7612
 BOND   =       322.0524  ANGLE   =      1286.1689  DIHED      =      1576.6336
 1-4 NB =       327.8061  1-4 EEL =     -3598.4172  VDWAALS    =     46110.4505
 EELEC  =   -413192.8626  EHBOND  =         0.0000  RESTRAINT  =        22.4071
 EAMBER (non-restraint)  =   -367168.1683
 EKCMT  =         0.0000  VIRIAL  =         0.0000  VOLUME     =    812559.5202
                                                    Density    =         1.0149
 ------------------------------------------------------------------------------

| MC Barostat: Decreasing size of volume moves
| MC Barostat: Decreasing size of volume moves
| MC Barostat: Decreasing size of volume moves

 NSTEP =    20000   TIME(PS) =    1690.000  TEMP(K) =   300.31  PRESS =     0.0
 Etot   =   -317935.7163  EKtot   =     49084.1289  EPtot      =   -367019.8453
 BOND   =       376.4941  ANGLE   =      1304.2897  DIHED      =      1598.6893
 1-4 NB =       322.2148  1-4 EEL =     -3606.7611  VDWAALS    =     45321.0455
 EELEC  =   -412362.9428  EHBOND  =         0.0000  RESTRAINT  =        27.1251
 EAMBER (non-restraint)  =   -367046.9704
 EKCMT  =         0.0000  VIRIAL  =         0.0000  VOLUME     =    812156.6215
                                                    Density    =         1.0154
 ------------------------------------------------------------------------------

| MC Barostat: Decreasing size of volume moves

 NSTEP =    22500   TIME(PS) =    1695.000  TEMP(K) =   300.52  PRESS =     0.0
 Etot   =   -317983.2225  EKtot   =     49118.6523  EPtot      =   -367101.8749
 BOND   =       363.7735  ANGLE   =      1346.5264  DIHED      =      1604.5954
 1-4 NB =       315.5659  1-4 EEL =     -3607.9214  VDWAALS    =     46502.7441
 EELEC  =   -413649.3942  EHBOND  =         0.0000  RESTRAINT  =        22.2354
 EAMBER (non-restraint)  =   -367124.1103
 EKCMT  =         0.0000  VIRIAL  =         0.0000  VOLUME     =    812746.5930
                                                    Density    =         1.0146
 ------------------------------------------------------------------------------

| MC Barostat: Decreasing size of volume moves

 NSTEP =    25000   TIME(PS) =    1700.000  TEMP(K) =   301.72  PRESS =     0.0
 Etot   =   -317821.6275  EKtot   =     49315.1836  EPtot      =   -367136.8111
 BOND   =       384.4488  ANGLE   =      1209.2473  DIHED      =      1603.2766
 1-4 NB =       323.6621  1-4 EEL =     -3589.3503  VDWAALS    =     45749.2329
 EELEC  =   -412849.1126  EHBOND  =         0.0000  RESTRAINT  =        31.7840
 EAMBER (non-restraint)  =   -367168.5951
 EKCMT  =         0.0000  VIRIAL  =         0.0000  VOLUME     =    811830.3111
                                                    Density    =         1.0158
 ------------------------------------------------------------------------------


 NSTEP =    27500   TIME(PS) =    1705.000  TEMP(K) =   299.33  PRESS =     0.0
 Etot   =   -318301.7083  EKtot   =     48924.7344  EPtot      =   -367226.4427
 BOND   =       346.1945  ANGLE   =      1266.2559  DIHED      =      1599.0899
 1-4 NB =       332.7155  1-4 EEL =     -3597.1832  VDWAALS    =     45359.6871
 EELEC  =   -412559.8796  EHBOND  =         0.0000  RESTRAINT  =        26.6772
 EAMBER (non-restraint)  =   -367253.1199
 EKCMT  =         0.0000  VIRIAL  =         0.0000  VOLUME     =    814075.5503
                                                    Density    =         1.0130
 ------------------------------------------------------------------------------


 NSTEP =    30000   TIME(PS) =    1710.000  TEMP(K) =   301.65  PRESS =     0.0
 Etot   =   -317742.7008  EKtot   =     49303.6680  EPtot      =   -367046.3687
 BOND   =       352.8814  ANGLE   =      1283.7086  DIHED      =      1611.7108
 1-4 NB =       343.5236  1-4 EEL =     -3584.7912  VDWAALS    =     45193.8806
 EELEC  =   -412271.8070  EHBOND  =         0.0000  RESTRAINT  =        24.5245
 EAMBER (non-restraint)  =   -367070.8932
 EKCMT  =         0.0000  VIRIAL  =         0.0000  VOLUME     =    813776.3815
                                                    Density    =         1.0133
 ------------------------------------------------------------------------------


 NSTEP =    32500   TIME(PS) =    1715.000  TEMP(K) =   299.52  PRESS =     0.0
 Etot   =   -317795.8488  EKtot   =     48954.9844  EPtot      =   -366750.8332
 BOND   =       335.2197  ANGLE   =      1275.3764  DIHED      =      1581.5815
 1-4 NB =       328.3079  1-4 EEL =     -3590.9458  VDWAALS    =     45977.0459
 EELEC  =   -412682.4074  EHBOND  =         0.0000  RESTRAINT  =        24.9885
 EAMBER (non-restraint)  =   -366775.8217
 EKCMT  =         0.0000  VIRIAL  =         0.0000  VOLUME     =    813709.7352
                                                    Density    =         1.0134
 ------------------------------------------------------------------------------


 NSTEP =    35000   TIME(PS) =    1720.000  TEMP(K) =   300.46  PRESS =     0.0
 Etot   =   -317743.0814  EKtot   =     49109.0820  EPtot      =   -366852.1634
 BOND   =       363.7306  ANGLE   =      1227.7374  DIHED      =      1596.9078
 1-4 NB =       319.5873  1-4 EEL =     -3609.1845  VDWAALS    =     45905.5135
 EELEC  =   -412685.1848  EHBOND  =         0.0000  RESTRAINT  =        28.7294
 EAMBER (non-restraint)  =   -366880.8928
 EKCMT  =         0.0000  VIRIAL  =         0.0000  VOLUME     =    814824.0650
                                                    Density    =         1.0120
 ------------------------------------------------------------------------------


 NSTEP =    37500   TIME(PS) =    1725.000  TEMP(K) =   300.04  PRESS =     0.0
 Etot   =   -318119.7546  EKtot   =     49040.0977  EPtot      =   -367159.8522
 BOND   =       373.7240  ANGLE   =      1272.6196  DIHED      =      1599.4786
 1-4 NB =       330.3856  1-4 EEL =     -3598.4950  VDWAALS    =     45230.4232
 EELEC  =   -412395.5949  EHBOND  =         0.0000  RESTRAINT  =        27.6067
 EAMBER (non-restraint)  =   -367187.4589
 EKCMT  =         0.0000  VIRIAL  =         0.0000  VOLUME     =    813931.6123
                                                    Density    =         1.0131
 ------------------------------------------------------------------------------


 NSTEP =    40000   TIME(PS) =    1730.000  TEMP(K) =   299.06  PRESS =     0.0
 Etot   =   -318106.7497  EKtot   =     48880.1758  EPtot      =   -366986.9255
 BOND   =       393.3245  ANGLE   =      1265.0180  DIHED      =      1578.5651
 1-4 NB =       324.2528  1-4 EEL =     -3586.5974  VDWAALS    =     45401.9830
 EELEC  =   -412391.9363  EHBOND  =         0.0000  RESTRAINT  =        28.4646
 EAMBER (non-restraint)  =   -367015.3901
 EKCMT  =         0.0000  VIRIAL  =         0.0000  VOLUME     =    811854.7217
                                                    Density    =         1.0157
 ------------------------------------------------------------------------------


 NSTEP =    42500   TIME(PS) =    1735.000  TEMP(K) =   298.37  PRESS =     0.0
 Etot   =   -318331.0589  EKtot   =     48767.7500  EPtot      =   -367098.8089
 BOND   =       360.2048  ANGLE   =      1262.3795  DIHED      =      1557.5620
 1-4 NB =       327.9353  1-4 EEL =     -3594.6290  VDWAALS    =     45719.1844
 EELEC  =   -412758.6834  EHBOND  =         0.0000  RESTRAINT  =        27.2375
 EAMBER (non-restraint)  =   -367126.0463
 EKCMT  =         0.0000  VIRIAL  =         0.0000  VOLUME     =    812159.1263
                                                    Density    =         1.0154
 ------------------------------------------------------------------------------


 NSTEP =    45000   TIME(PS) =    1740.000  TEMP(K) =   299.24  PRESS =     0.0
 Etot   =   -318010.1686  EKtot   =     48910.5273  EPtot      =   -366920.6960
 BOND   =       397.0380  ANGLE   =      1342.7029  DIHED      =      1597.4799
 1-4 NB =       317.4229  1-4 EEL =     -3628.5654  VDWAALS    =     45572.6814
 EELEC  =   -412551.0059  EHBOND  =         0.0000  RESTRAINT  =        31.5502
 EAMBER (non-restraint)  =   -366952.2462
 EKCMT  =         0.0000  VIRIAL  =         0.0000  VOLUME     =    811699.2708
                                                    Density    =         1.0159
 ------------------------------------------------------------------------------


 NSTEP =    47500   TIME(PS) =    1745.000  TEMP(K) =   300.84  PRESS =     0.0
 Etot   =   -317757.4690  EKtot   =     49172.1250  EPtot      =   -366929.5940
 BOND   =       347.8429  ANGLE   =      1283.2440  DIHED      =      1575.4185
 1-4 NB =       320.9911  1-4 EEL =     -3608.4627  VDWAALS    =     45410.6873
 EELEC  =   -412291.2405  EHBOND  =         0.0000  RESTRAINT  =        31.9254
 EAMBER (non-restraint)  =   -366961.5194
 EKCMT  =         0.0000  VIRIAL  =         0.0000  VOLUME     =    811124.1507
                                                    Density    =         1.0166
 ------------------------------------------------------------------------------


 NSTEP =    50000   TIME(PS) =    1750.000  TEMP(K) =   299.52  PRESS =     0.0
 Etot   =   -318285.3420  EKtot   =     48956.1055  EPtot      =   -367241.4475
 BOND   =       378.2577  ANGLE   =      1284.9705  DIHED      =      1577.8993
 1-4 NB =       321.4808  1-4 EEL =     -3608.5492  VDWAALS    =     45922.2004
 EELEC  =   -413145.1916  EHBOND  =         0.0000  RESTRAINT  =        27.4847
 EAMBER (non-restraint)  =   -367268.9321
 EKCMT  =         0.0000  VIRIAL  =         0.0000  VOLUME     =    811419.2281
                                                    Density    =         1.0163
 ------------------------------------------------------------------------------


 NSTEP =    52500   TIME(PS) =    1755.000  TEMP(K) =   301.36  PRESS =     0.0
 Etot   =   -317831.7073  EKtot   =     49256.2578  EPtot      =   -367087.9651
 BOND   =       377.6270  ANGLE   =      1276.1187  DIHED      =      1583.0465
 1-4 NB =       330.4575  1-4 EEL =     -3593.4740  VDWAALS    =     45855.0499
 EELEC  =   -412951.6560  EHBOND  =         0.0000  RESTRAINT  =        34.8652
 EAMBER (non-restraint)  =   -367122.8303
 EKCMT  =         0.0000  VIRIAL  =         0.0000  VOLUME     =    813408.4435
                                                    Density    =         1.0138
 ------------------------------------------------------------------------------


 NSTEP =    55000   TIME(PS) =    1760.000  TEMP(K) =   300.09  PRESS =     0.0
 Etot   =   -318377.4913  EKtot   =     49048.4023  EPtot      =   -367425.8936
 BOND   =       397.0561  ANGLE   =      1267.1032  DIHED      =      1576.0712
 1-4 NB =       316.9794  1-4 EEL =     -3633.7677  VDWAALS    =     46095.8435
 EELEC  =   -413473.1430  EHBOND  =         0.0000  RESTRAINT  =        27.9635
 EAMBER (non-restraint)  =   -367453.8571
 EKCMT  =         0.0000  VIRIAL  =         0.0000  VOLUME     =    814300.6738
                                                    Density    =         1.0127
 ------------------------------------------------------------------------------


 NSTEP =    57500   TIME(PS) =    1765.000  TEMP(K) =   300.22  PRESS =     0.0
 Etot   =   -317491.3277  EKtot   =     49069.9531  EPtot      =   -366561.2809
 BOND   =       357.2454  ANGLE   =      1279.8309  DIHED      =      1591.2579
 1-4 NB =       329.5485  1-4 EEL =     -3598.9552  VDWAALS    =     45520.9617
 EELEC  =   -412072.7064  EHBOND  =         0.0000  RESTRAINT  =        31.5364
 EAMBER (non-restraint)  =   -366592.8172
 EKCMT  =         0.0000  VIRIAL  =         0.0000  VOLUME     =    813506.7146
                                                    Density    =         1.0137
 ------------------------------------------------------------------------------


 NSTEP =    60000   TIME(PS) =    1770.000  TEMP(K) =   299.08  PRESS =     0.0
 Etot   =   -318545.6839  EKtot   =     48884.4023  EPtot      =   -367430.0863
 BOND   =       356.5791  ANGLE   =      1298.9578  DIHED      =      1584.5403
 1-4 NB =       337.3769  1-4 EEL =     -3623.1957  VDWAALS    =     46572.5047
 EELEC  =   -413992.6983  EHBOND  =         0.0000  RESTRAINT  =        35.8488
 EAMBER (non-restraint)  =   -367465.9351
 EKCMT  =         0.0000  VIRIAL  =         0.0000  VOLUME     =    813765.3140
                                                    Density    =         1.0133
 ------------------------------------------------------------------------------


 NSTEP =    62500   TIME(PS) =    1775.000  TEMP(K) =   300.48  PRESS =     0.0
 Etot   =   -317846.2327  EKtot   =     49112.6172  EPtot      =   -366958.8499
 BOND   =       360.1833  ANGLE   =      1247.1154  DIHED      =      1592.3563
 1-4 NB =       328.7053  1-4 EEL =     -3588.4855  VDWAALS    =     46086.9554
 EELEC  =   -413014.5797  EHBOND  =         0.0000  RESTRAINT  =        28.8997
 EAMBER (non-restraint)  =   -366987.7496
 EKCMT  =         0.0000  VIRIAL  =         0.0000  VOLUME     =    816013.6178
                                                    Density    =         1.0106
 ------------------------------------------------------------------------------


 NSTEP =    65000   TIME(PS) =    1780.000  TEMP(K) =   299.88  PRESS =     0.0
 Etot   =   -317991.0808  EKtot   =     49015.2188  EPtot      =   -367006.2995
 BOND   =       362.7685  ANGLE   =      1256.7968  DIHED      =      1604.9643
 1-4 NB =       326.0046  1-4 EEL =     -3613.5352  VDWAALS    =     45762.3888
 EELEC  =   -412730.6839  EHBOND  =         0.0000  RESTRAINT  =        24.9965
 EAMBER (non-restraint)  =   -367031.2961
 EKCMT  =         0.0000  VIRIAL  =         0.0000  VOLUME     =    815832.2020
                                                    Density    =         1.0108
 ------------------------------------------------------------------------------


 NSTEP =    67500   TIME(PS) =    1785.000  TEMP(K) =   300.11  PRESS =     0.0
 Etot   =   -318188.1612  EKtot   =     49052.9766  EPtot      =   -367241.1377
 BOND   =       359.5506  ANGLE   =      1280.4318  DIHED      =      1601.2060
 1-4 NB =       334.1690  1-4 EEL =     -3585.5567  VDWAALS    =     46216.1835
 EELEC  =   -413472.9684  EHBOND  =         0.0000  RESTRAINT  =        25.8464
 EAMBER (non-restraint)  =   -367266.9841
 EKCMT  =         0.0000  VIRIAL  =         0.0000  VOLUME     =    815716.2566
                                                    Density    =         1.0109
 ------------------------------------------------------------------------------


 NSTEP =    70000   TIME(PS) =    1790.000  TEMP(K) =   301.51  PRESS =     0.0
 Etot   =   -317326.8703  EKtot   =     49281.4375  EPtot      =   -366608.3078
 BOND   =       361.6230  ANGLE   =      1250.3826  DIHED      =      1588.0183
 1-4 NB =       331.5954  1-4 EEL =     -3560.9500  VDWAALS    =     46265.7933
 EELEC  =   -412869.9736  EHBOND  =         0.0000  RESTRAINT  =        25.2032
 EAMBER (non-restraint)  =   -366633.5109
 EKCMT  =         0.0000  VIRIAL  =         0.0000  VOLUME     =    812957.1385
                                                    Density    =         1.0144
 ------------------------------------------------------------------------------


 NSTEP =    72500   TIME(PS) =    1795.000  TEMP(K) =   301.34  PRESS =     0.0
 Etot   =   -317567.2739  EKtot   =     49253.7188  EPtot      =   -366820.9927
 BOND   =       384.7501  ANGLE   =      1216.3208  DIHED      =      1570.4824
 1-4 NB =       320.2204  1-4 EEL =     -3597.8931  VDWAALS    =     45774.4664
 EELEC  =   -412516.9932  EHBOND  =         0.0000  RESTRAINT  =        27.6536
 EAMBER (non-restraint)  =   -366848.6463
 EKCMT  =         0.0000  VIRIAL  =         0.0000  VOLUME     =    813777.0260
                                                    Density    =         1.0133
 ------------------------------------------------------------------------------


 NSTEP =    75000   TIME(PS) =    1800.000  TEMP(K) =   300.57  PRESS =     0.0
 Etot   =   -318157.6112  EKtot   =     49127.5156  EPtot      =   -367285.1268
 BOND   =       348.4395  ANGLE   =      1247.4977  DIHED      =      1566.8048
 1-4 NB =       314.5168  1-4 EEL =     -3621.2158  VDWAALS    =     46407.3531
 EELEC  =   -413572.2458  EHBOND  =         0.0000  RESTRAINT  =        23.7229
 EAMBER (non-restraint)  =   -367308.8497
 EKCMT  =         0.0000  VIRIAL  =         0.0000  VOLUME     =    812885.9957
                                                    Density    =         1.0144
 ------------------------------------------------------------------------------


 NSTEP =    77500   TIME(PS) =    1805.000  TEMP(K) =   299.09  PRESS =     0.0
 Etot   =   -317890.1799  EKtot   =     48885.7070  EPtot      =   -366775.8869
 BOND   =       358.8368  ANGLE   =      1272.0013  DIHED      =      1586.5570
 1-4 NB =       320.6163  1-4 EEL =     -3580.4274  VDWAALS    =     45657.0252
 EELEC  =   -412419.5260  EHBOND  =         0.0000  RESTRAINT  =        29.0299
 EAMBER (non-restraint)  =   -366804.9168
 EKCMT  =         0.0000  VIRIAL  =         0.0000  VOLUME     =    811526.1938
                                                    Density    =         1.0161
 ------------------------------------------------------------------------------


 NSTEP =    80000   TIME(PS) =    1810.000  TEMP(K) =   301.91  PRESS =     0.0
 Etot   =   -317535.4144  EKtot   =     49347.1484  EPtot      =   -366882.5628
 BOND   =       365.4255  ANGLE   =      1254.9729  DIHED      =      1583.8198
 1-4 NB =       342.5252  1-4 EEL =     -3579.6015  VDWAALS    =     45752.5161
 EELEC  =   -412627.1569  EHBOND  =         0.0000  RESTRAINT  =        24.9361
 EAMBER (non-restraint)  =   -366907.4989
 EKCMT  =         0.0000  VIRIAL  =         0.0000  VOLUME     =    812228.7335
                                                    Density    =         1.0153
 ------------------------------------------------------------------------------


 NSTEP =    82500   TIME(PS) =    1815.000  TEMP(K) =   299.48  PRESS =     0.0
 Etot   =   -318280.6407  EKtot   =     48949.2422  EPtot      =   -367229.8829
 BOND   =       397.2238  ANGLE   =      1257.6984  DIHED      =      1581.3728
 1-4 NB =       328.8608  1-4 EEL =     -3594.8432  VDWAALS    =     46054.2339
 EELEC  =   -413277.4107  EHBOND  =         0.0000  RESTRAINT  =        22.9814
 EAMBER (non-restraint)  =   -367252.8643
 EKCMT  =         0.0000  VIRIAL  =         0.0000  VOLUME     =    813680.5574
                                                    Density    =         1.0135
 ------------------------------------------------------------------------------


 NSTEP =    85000   TIME(PS) =    1820.000  TEMP(K) =   301.03  PRESS =     0.0
 Etot   =   -318063.4871  EKtot   =     49202.2969  EPtot      =   -367265.7839
 BOND   =       345.6523  ANGLE   =      1261.1185  DIHED      =      1571.5916
 1-4 NB =       325.5073  1-4 EEL =     -3590.1895  VDWAALS    =     45759.5875
 EELEC  =   -412966.1458  EHBOND  =         0.0000  RESTRAINT  =        27.0941
 EAMBER (non-restraint)  =   -367292.8780
 EKCMT  =         0.0000  VIRIAL  =         0.0000  VOLUME     =    813297.4321
                                                    Density    =         1.0139
 ------------------------------------------------------------------------------


 NSTEP =    87500   TIME(PS) =    1825.000  TEMP(K) =   300.30  PRESS =     0.0
 Etot   =   -317842.7950  EKtot   =     49083.9883  EPtot      =   -366926.7833
 BOND   =       363.5845  ANGLE   =      1273.4790  DIHED      =      1571.1775
 1-4 NB =       322.7450  1-4 EEL =     -3590.4763  VDWAALS    =     45568.0416
 EELEC  =   -412466.7888  EHBOND  =         0.0000  RESTRAINT  =        31.4544
 EAMBER (non-restraint)  =   -366958.2377
 EKCMT  =         0.0000  VIRIAL  =         0.0000  VOLUME     =    812491.4829
                                                    Density    =         1.0149
 ------------------------------------------------------------------------------


 NSTEP =    90000   TIME(PS) =    1830.000  TEMP(K) =   299.97  PRESS =     0.0
 Etot   =   -317627.0293  EKtot   =     49029.8789  EPtot      =   -366656.9082
 BOND   =       356.2889  ANGLE   =      1268.1624  DIHED      =      1568.6746
 1-4 NB =       338.5786  1-4 EEL =     -3623.2240  VDWAALS    =     45379.1559
 EELEC  =   -411974.6338  EHBOND  =         0.0000  RESTRAINT  =        30.0893
 EAMBER (non-restraint)  =   -366686.9975
 EKCMT  =         0.0000  VIRIAL  =         0.0000  VOLUME     =    812877.8490
                                                    Density    =         1.0145
 ------------------------------------------------------------------------------


 NSTEP =    92500   TIME(PS) =    1835.000  TEMP(K) =   299.40  PRESS =     0.0
 Etot   =   -318181.5526  EKtot   =     48936.1172  EPtot      =   -367117.6697
 BOND   =       365.7604  ANGLE   =      1274.9791  DIHED      =      1582.0409
 1-4 NB =       324.2536  1-4 EEL =     -3600.7741  VDWAALS    =     45605.7931
 EELEC  =   -412696.4455  EHBOND  =         0.0000  RESTRAINT  =        26.7227
 EAMBER (non-restraint)  =   -367144.3924
 EKCMT  =         0.0000  VIRIAL  =         0.0000  VOLUME     =    812535.5826
                                                    Density    =         1.0149
 ------------------------------------------------------------------------------


 NSTEP =    95000   TIME(PS) =    1840.000  TEMP(K) =   300.26  PRESS =     0.0
 Etot   =   -317731.9640  EKtot   =     49077.5312  EPtot      =   -366809.4953
 BOND   =       318.7580  ANGLE   =      1318.6861  DIHED      =      1591.1283
 1-4 NB =       335.0919  1-4 EEL =     -3622.4440  VDWAALS    =     45832.8104
 EELEC  =   -412611.8925  EHBOND  =         0.0000  RESTRAINT  =        28.3665
 EAMBER (non-restraint)  =   -366837.8617
 EKCMT  =         0.0000  VIRIAL  =         0.0000  VOLUME     =    814533.9691
                                                    Density    =         1.0124
 ------------------------------------------------------------------------------


 NSTEP =    97500   TIME(PS) =    1845.000  TEMP(K) =   299.10  PRESS =     0.0
 Etot   =   -318002.3925  EKtot   =     48887.0391  EPtot      =   -366889.4315
 BOND   =       370.4778  ANGLE   =      1288.4278  DIHED      =      1592.2288
 1-4 NB =       319.0702  1-4 EEL =     -3600.6256  VDWAALS    =     46214.0879
 EELEC  =   -413097.6779  EHBOND  =         0.0000  RESTRAINT  =        24.5794
 EAMBER (non-restraint)  =   -366914.0110
 EKCMT  =         0.0000  VIRIAL  =         0.0000  VOLUME     =    816315.1906
                                                    Density    =         1.0102
 ------------------------------------------------------------------------------


 NSTEP =   100000   TIME(PS) =    1850.000  TEMP(K) =   301.35  PRESS =     0.0
 Etot   =   -317351.3141  EKtot   =     49255.5781  EPtot      =   -366606.8922
 BOND   =       358.0801  ANGLE   =      1266.8923  DIHED      =      1576.8106
 1-4 NB =       337.8875  1-4 EEL =     -3608.1639  VDWAALS    =     45689.0600
 EELEC  =   -412255.4496  EHBOND  =         0.0000  RESTRAINT  =        27.9908
 EAMBER (non-restraint)  =   -366634.8830
 EKCMT  =         0.0000  VIRIAL  =         0.0000  VOLUME     =    816706.0944
                                                    Density    =         1.0097
 ------------------------------------------------------------------------------


 NSTEP =   102500   TIME(PS) =    1855.000  TEMP(K) =   298.28  PRESS =     0.0
 Etot   =   -318450.7744  EKtot   =     48752.7188  EPtot      =   -367203.4932
 BOND   =       347.7505  ANGLE   =      1262.1793  DIHED      =      1552.4372
 1-4 NB =       323.5772  1-4 EEL =     -3611.0939  VDWAALS    =     46108.6914
 EELEC  =   -413214.9194  EHBOND  =         0.0000  RESTRAINT  =        27.8846
 EAMBER (non-restraint)  =   -367231.3778
 EKCMT  =         0.0000  VIRIAL  =         0.0000  VOLUME     =    815354.0259
                                                    Density    =         1.0114
 ------------------------------------------------------------------------------


 NSTEP =   105000   TIME(PS) =    1860.000  TEMP(K) =   299.90  PRESS =     0.0
 Etot   =   -317898.5878  EKtot   =     49017.8281  EPtot      =   -366916.4159
 BOND   =       359.2886  ANGLE   =      1255.4295  DIHED      =      1600.3221
 1-4 NB =       329.4502  1-4 EEL =     -3612.0422  VDWAALS    =     45801.7010
 EELEC  =   -412680.7594  EHBOND  =         0.0000  RESTRAINT  =        30.1943
 EAMBER (non-restraint)  =   -366946.6102
 EKCMT  =         0.0000  VIRIAL  =         0.0000  VOLUME     =    814232.2092
                                                    Density    =         1.0128
 ------------------------------------------------------------------------------


 NSTEP =   107500   TIME(PS) =    1865.000  TEMP(K) =   300.39  PRESS =     0.0
 Etot   =   -317396.5964  EKtot   =     49097.5820  EPtot      =   -366494.1784
 BOND   =       361.5603  ANGLE   =      1233.0232  DIHED      =      1596.1609
 1-4 NB =       331.9937  1-4 EEL =     -3597.7137  VDWAALS    =     45977.7501
 EELEC  =   -412437.3212  EHBOND  =         0.0000  RESTRAINT  =        40.3683
 EAMBER (non-restraint)  =   -366534.5467
 EKCMT  =         0.0000  VIRIAL  =         0.0000  VOLUME     =    815830.3864
                                                    Density    =         1.0108
 ------------------------------------------------------------------------------


 NSTEP =   110000   TIME(PS) =    1870.000  TEMP(K) =   299.29  PRESS =     0.0
 Etot   =   -318520.9193  EKtot   =     48917.9844  EPtot      =   -367438.9037
 BOND   =       358.0877  ANGLE   =      1203.7218  DIHED      =      1578.6604
 1-4 NB =       327.4186  1-4 EEL =     -3598.4537  VDWAALS    =     45641.1304
 EELEC  =   -412987.5962  EHBOND  =         0.0000  RESTRAINT  =        38.1273
 EAMBER (non-restraint)  =   -367477.0310
 EKCMT  =         0.0000  VIRIAL  =         0.0000  VOLUME     =    815484.7191
                                                    Density    =         1.0112
 ------------------------------------------------------------------------------


 NSTEP =   112500   TIME(PS) =    1875.000  TEMP(K) =   300.18  PRESS =     0.0
 Etot   =   -317911.5606  EKtot   =     49063.7188  EPtot      =   -366975.2793
 BOND   =       366.0635  ANGLE   =      1247.7933  DIHED      =      1577.1547
 1-4 NB =       328.5835  1-4 EEL =     -3622.4773  VDWAALS    =     45897.4875
 EELEC  =   -412802.0333  EHBOND  =         0.0000  RESTRAINT  =        32.1487
 EAMBER (non-restraint)  =   -367007.4280
 EKCMT  =         0.0000  VIRIAL  =         0.0000  VOLUME     =    812895.1745
                                                    Density    =         1.0144
 ------------------------------------------------------------------------------


 NSTEP =   115000   TIME(PS) =    1880.000  TEMP(K) =   299.21  PRESS =     0.0
 Etot   =   -318341.4544  EKtot   =     48904.5039  EPtot      =   -367245.9583
 BOND   =       386.0133  ANGLE   =      1297.5683  DIHED      =      1605.1631
 1-4 NB =       339.3078  1-4 EEL =     -3626.7450  VDWAALS    =     45668.2877
 EELEC  =   -412945.2590  EHBOND  =         0.0000  RESTRAINT  =        29.7056
 EAMBER (non-restraint)  =   -367275.6639
 EKCMT  =         0.0000  VIRIAL  =         0.0000  VOLUME     =    814274.5414
                                                    Density    =         1.0127
 ------------------------------------------------------------------------------


 NSTEP =   117500   TIME(PS) =    1885.000  TEMP(K) =   299.63  PRESS =     0.0
 Etot   =   -318116.7896  EKtot   =     48973.5547  EPtot      =   -367090.3443
 BOND   =       363.7273  ANGLE   =      1297.6081  DIHED      =      1561.7667
 1-4 NB =       324.6774  1-4 EEL =     -3586.1715  VDWAALS    =     45472.5082
 EELEC  =   -412552.3771  EHBOND  =         0.0000  RESTRAINT  =        27.9166
 EAMBER (non-restraint)  =   -367118.2609
 EKCMT  =         0.0000  VIRIAL  =         0.0000  VOLUME     =    815339.0284
                                                    Density    =         1.0114
 ------------------------------------------------------------------------------


 NSTEP =   120000   TIME(PS) =    1890.000  TEMP(K) =   301.50  PRESS =     0.0
 Etot   =   -317997.9373  EKtot   =     49279.8086  EPtot      =   -367277.7459
 BOND   =       363.0935  ANGLE   =      1287.7307  DIHED      =      1576.7512
 1-4 NB =       328.7345  1-4 EEL =     -3599.1258  VDWAALS    =     45952.0519
 EELEC  =   -413215.6198  EHBOND  =         0.0000  RESTRAINT  =        28.6378
 EAMBER (non-restraint)  =   -367306.3837
 EKCMT  =         0.0000  VIRIAL  =         0.0000  VOLUME     =    812492.1466
                                                    Density    =         1.0149
 ------------------------------------------------------------------------------


 NSTEP =   122500   TIME(PS) =    1895.000  TEMP(K) =   300.77  PRESS =     0.0
 Etot   =   -317731.9806  EKtot   =     49159.9531  EPtot      =   -366891.9337
 BOND   =       373.7994  ANGLE   =      1284.6807  DIHED      =      1589.3902
 1-4 NB =       339.3162  1-4 EEL =     -3613.8463  VDWAALS    =     45953.9460
 EELEC  =   -412848.8159  EHBOND  =         0.0000  RESTRAINT  =        29.5960
 EAMBER (non-restraint)  =   -366921.5297
 EKCMT  =         0.0000  VIRIAL  =         0.0000  VOLUME     =    812743.3875
                                                    Density    =         1.0146
 ------------------------------------------------------------------------------


 NSTEP =   125000   TIME(PS) =    1900.000  TEMP(K) =   299.63  PRESS =     0.0
 Etot   =   -317770.7964  EKtot   =     48973.3945  EPtot      =   -366744.1909
 BOND   =       353.0827  ANGLE   =      1219.7439  DIHED      =      1564.0424
 1-4 NB =       325.9066  1-4 EEL =     -3594.3577  VDWAALS    =     45112.8135
 EELEC  =   -411755.6098  EHBOND  =         0.0000  RESTRAINT  =        30.1875
 EAMBER (non-restraint)  =   -366774.3784
 EKCMT  =         0.0000  VIRIAL  =         0.0000  VOLUME     =    814849.4858
                                                    Density    =         1.0120
 ------------------------------------------------------------------------------


      A V E R A G E S   O V E R      50 S T E P S


 NSTEP =   125000   TIME(PS) =    1900.000  TEMP(K) =   300.20  PRESS =     0.0
 Etot   =   -317958.1822  EKtot   =     49066.5898  EPtot      =   -367024.7721
 BOND   =       363.5601  ANGLE   =      1271.2004  DIHED      =      1585.9175
 1-4 NB =       327.1275  1-4 EEL =     -3601.3003  VDWAALS    =     45831.2869
 EELEC  =   -412830.1270  EHBOND  =         0.0000  RESTRAINT  =        27.5627
 EAMBER (non-restraint)  =   -367052.3348
 EKCMT  =         0.0000  VIRIAL  =         0.0000  VOLUME     =    813640.2728
                                                    Density    =         1.0135
 ------------------------------------------------------------------------------


      R M S  F L U C T U A T I O N S


 NSTEP =   125000   TIME(PS) =    1900.000  TEMP(K) =     0.93  PRESS =     0.0
 Etot   =       309.9018  EKtot   =       151.3803  EPtot      =       237.5911
 BOND   =        16.8335  ANGLE   =        29.2686  DIHED      =        13.8366
 1-4 NB =         7.1653  1-4 EEL =        14.6137  VDWAALS    =       347.0327
 EELEC  =       471.1805  EHBOND  =         0.0000  RESTRAINT  =         4.5620
 EAMBER (non-restraint)  =       233.0291
 EKCMT  =         0.0000  VIRIAL  =         0.0000  VOLUME     =      1394.3039
                                                    Density    =         0.0017
 ------------------------------------------------------------------------------

| MC Barostat:       1250 volume changes attempted.
| MC Barostat:        369 changes successful ( 29.52%)
 ------------------------------------------------------------------------------

--------------------------------------------------------------------------------
   5.  TIMINGS
--------------------------------------------------------------------------------

|  NonSetup CPU Time in Major Routines:
|
|     Routine           Sec        %
|     ------------------------------
|     Nonbond          14.80   11.81
|     Bond              0.00    0.00
|     Angle             0.00    0.00
|     Dihedral          0.00    0.00
|     Shake             0.67    0.54
|     RunMD           104.91   83.68
|     Other             4.99    3.98
|     ------------------------------
|     Total           125.37

|  PME Nonbond Pairlist CPU Time:
|
|     Routine              Sec        %
|     ---------------------------------
|     Set Up Cit           0.00    0.00
|     Build List           0.00    0.00
|     ---------------------------------
|     Total                0.00    0.00

|  PME Direct Force CPU Time:
|
|     Routine              Sec        %
|     ---------------------------------
|     NonBonded Calc       0.00    0.00
|     Exclude Masked       0.00    0.00
|     Other                0.14    0.11
|     ---------------------------------
|     Total                0.14    0.11

|  PME Reciprocal Force CPU Time:
|
|     Routine              Sec        %
|     ---------------------------------
|     1D bspline           0.00    0.00
|     Grid Charges         0.00    0.00
|     Scalar Sum           0.00    0.00
|     Gradient Sum         0.00    0.00
|     FFT                  0.00    0.00
|     ---------------------------------
|     Total                0.00    0.00

|  Final Performance Info:
|     -----------------------------------------------------
|     Average timings for last    2500 steps:
|     Elapsed(s) =       2.54 Per Step(ms) =       1.01
|         ns/day =     170.27   seconds/ns =     507.42
|
|     Average timings for all steps:
|     Elapsed(s) =     125.47 Per Step(ms) =       1.00
|         ns/day =     172.15   seconds/ns =     501.88
|     -----------------------------------------------------

|  Setup CPU time:            1.04 seconds
|  NonSetup CPU time:       125.37 seconds
|  Total CPU time:          126.42 seconds     0.04 hours

|  Setup wall time:           1    seconds
|  NonSetup wall time:      125    seconds
|  Total wall time:         126    seconds     0.04 hours
