
          -------------------------------------------------------
          Amber 24 PMEMD                              2024
          -------------------------------------------------------

| PMEMD implementation of SANDER, Release 24

|  Compiled date/time: Thu Apr  3 14:55:38 2025
| Run on 05/16/2026 at 00:58:37

|   Executable path: pmemd.cuda
| Working directory: /home/anugraha/IDP/equilibrate
|          Hostname: sapphire-0

  [-O]verwriting output

File Assignments:
|   MDIN: equil_npt_polish.in                                                   
|  MDOUT: chunks/npt_16.out                                                     
| INPCRD: chunks/npt_15.rst7                                                    
|   PARM: /home/anugraha/IDP/build/complex.prmtop                               
| RESTRT: chunks/npt_16.rst7                                                    
|   REFC: chunks/npt_15.rst7                                                    
|  MDVEL: mdvel                                                                 
|   MDEN: mden                                                                  
|  MDCRD: chunks/npt_16.nc                                                      
| MDINFO: chunks/npt_16.mdinfo                                                  
|  MDFRC: mdfrc                                                                 


 Here is the input file:

NPT polish chunk: 250 ps, 300 K, 0.1 kcal backbone restraint, MC barostat      
 &cntrl                                                                        
  imin   = 0,                                                                  
  irest  = 1, ntx = 5,                                                         
  nstlim = 125000, dt = 0.002,                                                 
  ntc    = 2, ntf = 2,                                                         
  cut    = 10.0,                                                               
  ntb    = 2,                                                                  
  ntp    = 1, barostat = 2, pres0 = 1.0, mcbarint = 100,                       
  ntt    = 3, gamma_ln = 2.0, temp0 = 300.0,                                   
  ntr    = 1,                                                                  
  restraint_wt = 0.1,                                                          
  restraintmask = "(:1-140) & @N,CA,C,O",                                      
  ig     = -1,                                                                 
  ntpr   = 2500, ntwx = 2500, ntwr = 25000,                                    
  iwrap  = 1, ioutfm = 1,                                                      
 /                                                                             


Note: ig = -1. Setting random seed to   851959 based on wallclock time in 
      microseconds.
| irandom = 1, using AMBER's internal random number generator (default).
 
|--------------------- INFORMATION ----------------------
| GPU (CUDA) Version of PMEMD in use: NVIDIA GPU IN USE.
|                    Version 18.0.0
| 
|                      03/25/2018
| 
| Implementation by:
|                    Ross C. Walker     (SDSC)
|                    Scott Le Grand     (nVIDIA)
| 
| Version 18 performance extensions by:
|                    David Cerutti     (Rutgers)
| 
| Precision model in use:
|      [SPFP] - Single Precision Forces, 64-bit Fixed Point
|               Accumulation. (Default)
| 
|--------------------------------------------------------
 
|----------------- CITATION INFORMATION -----------------
|
|    When publishing work that utilized the CUDA version
|    of AMBER, please cite the following in addition to
|    the regular AMBER citations:
|
|  - Romelia Salomon-Ferrer; Andreas W. Goetz; Duncan
|    Poole; Scott Le Grand; Ross C. Walker "Routine
|    microsecond molecular dynamics simulations with
|    AMBER - Part II: Particle Mesh Ewald", J. Chem.
|    Theory Comput., 2013, 9 (9), pp3878-3888,
|    DOI: 10.1021/ct400314y.
|
|  - Andreas W. Goetz; Mark J. Williamson; Dong Xu;
|    Duncan Poole; Scott Le Grand; Ross C. Walker
|    "Routine microsecond molecular dynamics simulations
|    with AMBER - Part I: Generalized Born", J. Chem.
|    Theory Comput., 2012, 8 (5), pp1542-1555.
|
|  - Scott Le Grand; Andreas W. Goetz; Ross C. Walker
|    "SPFP: Speed without compromise - a mixed precision
|    model for GPU accelerated molecular dynamics
|    simulations.", Comp. Phys. Comm., 2013, 184
|    pp374-380, DOI: 10.1016/j.cpc.2012.09.022
|
|--------------------------------------------------------
 
|------------------- GPU DEVICE INFO --------------------
|
|            CUDA_VISIBLE_DEVICES: 0
|   CUDA Capable Devices Detected:      1
|           CUDA Device ID in use:      0
|                CUDA Device Name: NVIDIA A100-SXM4-80GB
|     CUDA Device Global Mem Size:  81152 MB
| CUDA Device Num Multiprocessors:    108
|           CUDA Device Core Freq:   1.41 GHz
|
|--------------------------------------------------------
 
 
| Conditional Compilation Defines Used:
| PUBFFT
| BINTRAJ
| CUDA
| EMIL

| Largest sphere to fit in unit cell has radius =    30.488

| New format PARM file being parsed.
| Version =    1.000 Date = 05/15/26 Time = 17:24:49

| Note: 1-4 EEL scale factors are being read from the topology file.

| Note: 1-4 VDW scale factors are being read from the topology file.
| INFO:    Virtual site frames will be inferred from bonding patterns.
| INFO: Off Diagonal (NBFIX) LJ terms found in prmtop file.
|       The prmtop file has been modified to support atom
|       type based pairwise Lennard-Jones terms.
| Duplicated    0 dihedrals

| Duplicated    0 dihedrals

--------------------------------------------------------------------------------
   1.  RESOURCE   USE: 
--------------------------------------------------------------------------------

 getting box info from netcdf restart file
 NATOM  =  108126 NTYPES =      32 NBONH =   80449 MBONA  =   27522
 NTHETH =   28829 MTHETA =    1412 NPHIH =    4993 MPHIA  =    4071
 NHPARM =       0 NPARM  =       0 NNB   =  196844 NRES   =   26785
 NBONA  =   27522 NTHETA =    1412 NPHIA =    4071 NUMBND =      74
 NUMANG =     152 NPTRA  =     108 NATYP =      51 NPHB   =       0
 IFBOX  =       1 NMXRS  =      38 IFCAP =       0 NEXTRA =   26476
 NCOPY  =       0

| Coordinate Index Table dimensions:    13   32   11
| Direct force subcell size =     5.7890    5.5279    5.5432

     BOX TYPE: RECTILINEAR

--------------------------------------------------------------------------------
   2.  CONTROL  DATA  FOR  THE  RUN
--------------------------------------------------------------------------------

default_name                                                                    

General flags:
     imin    =       0, nmropt  =       0

Nature and format of input:
     ntx     =       5, irest   =       1, ntrx    =       1

Nature and format of output:
     ntxo    =       2, ntpr    =    2500, ntrx    =       1, ntwr    =   25000
     iwrap   =       1, ntwx    =    2500, ntwv    =       0, ntwe    =       0
     ioutfm  =       1, ntwprt  =       0, idecomp =       0, rbornstat=      0

Potential function:
     ntf     =       2, ntb     =       2, igb     =       0, nsnb    =      25
     ipol    =       0, gbsa    =       0, iesp    =       0
     dielc   =   1.00000, cut     =  10.00000, intdiel =   1.00000

Frozen or restrained atoms:
     ibelly  =       0, ntr     =       1
     restraint_wt =   0.10000

Molecular dynamics:
     nstlim  =    125000, nscm    =         0, nrespa  =         1
     t       =   0.00000, dt      =   0.00200, vlimit  =  -1.00000

Langevin dynamics temperature regulation:
     ig      =  851959
     temp0   = 300.00000, tempi   =   0.00000, gamma_ln=   2.00000

Pressure regulation:
     ntp     =       1
     pres0   =   1.00000, comp    =  44.60000, taup    =   1.00000
     Monte-Carlo Barostat:
     mcbarint  =     100

SHAKE:
     ntc     =       2, jfastw  =       0
     tol     =   0.00001

| Intermolecular bonds treatment:
|     no_intermolecular_bonds =       1

| Energy averages sample interval:
|     ene_avg_sampling =    2500

Extra-points options:
     frameon =       1, chngmask=       1

Ewald parameters:
     verbose =       0, ew_type =       0, nbflag  =       1, use_pme =       1
     vdwmeth =       1, eedmeth =       1, netfrc  =       1
     Box X =   75.257   Box Y =  176.894   Box Z =   60.976
     Alpha =   90.000   Beta  =   90.000   Gamma =   90.000
     NFFT1 =   80       NFFT2 =  180       NFFT3 =   64
     Cutoff=   10.000   Tol   =0.100E-04
     Ewald Coefficient =  0.27511
     Interpolation order =    4

    LOADING THE CONSTRAINED ATOMS AS GROUPS


   5.  REFERENCE ATOM COORDINATES

  default_name                                                                    
     Mask (:1-140) & @N,CA,C,O; matches   560 atoms
|      EXTRA_PTS, trim_bonds: num bonds BEFORE trim = 80449     0
|      EXTRA_PTS, trim_bonds: num bonds AFTER  trim = 80449     0
|      EXTRA_PTS, trim_bonds: num bonds BEFORE trim = 27522     0
|      EXTRA_PTS, trim_bonds: num bonds AFTER  trim =  1046     0
|      EXTRA_PTS, trim_theta: num angle BEFORE trim = 28829     0
|      EXTRA_PTS, trim_theta: num angle AFTER  trim = 28829     0
|      EXTRA_PTS, trim_theta: num angle BEFORE trim =  1412     0
|      EXTRA_PTS, trim_theta: num angle AFTER  trim =  1412     0
|      EXTRA_PTS, trim_phi:  num diheds BEFORE trim =  4993     0
|      EXTRA_PTS, trim_phi:  num diheds AFTER  trim =  4993     0
|      EXTRA_PTS, trim_phi:  num diheds BEFORE trim =  4071     0
|      EXTRA_PTS, trim_phi:  num diheds AFTER  trim =  4071     0
| MONTE CARLO BAROSTAT IMPORTANT NOTE:
|   The Monte-Carlo barostat does not require the virial to adjust the system volume.
|   Since it is an expensive calculation, it is skipped for efficiency. A side-effect
|   is that the reported pressure is always 0 because it is not calculated.

--------------------------------------------------------------------------------
   3.  ATOMIC COORDINATES AND VELOCITIES
--------------------------------------------------------------------------------

default_name                                                                    
 begin time read from input coords =  3650.000 ps

 
 Number of triangulated 3-point waters found:    26476

     Sum of charges from parm topology file =  -0.00201509
     Forcing neutrality...

| Dynamic Memory, Types Used:
| Reals             4815083
| Integers          9375957

| Nonbonded Pairs Initial Allocation:    32705411

| GPU memory information (estimate):
| KB of GPU memory in use:    829143
| KB of CPU memory in use:    182199

--------------------------------------------------------------------------------
   4.  RESULTS
--------------------------------------------------------------------------------

| MC Barostat: Decreasing size of volume moves
| MC Barostat: Decreasing size of volume moves

 NSTEP =     2500   TIME(PS) =    3655.000  TEMP(K) =   301.26  PRESS =     0.0
 Etot   =   -318400.4002  EKtot   =     49240.5352  EPtot      =   -367640.9353
 BOND   =       382.8300  ANGLE   =      1290.7266  DIHED      =      1569.4005
 1-4 NB =       326.2063  1-4 EEL =     -3604.2622  VDWAALS    =     45921.9755
 EELEC  =   -413548.5680  EHBOND  =         0.0000  RESTRAINT  =        20.7561
 EAMBER (non-restraint)  =   -367661.6914
 EKCMT  =         0.0000  VIRIAL  =         0.0000  VOLUME     =    811741.7371
                                                    Density    =         1.0159
 ------------------------------------------------------------------------------

| MC Barostat: Decreasing size of volume moves
| MC Barostat: Decreasing size of volume moves

 NSTEP =     5000   TIME(PS) =    3660.000  TEMP(K) =   299.90  PRESS =     0.0
 Etot   =   -318398.9260  EKtot   =     49018.3594  EPtot      =   -367417.2853
 BOND   =       357.7043  ANGLE   =      1241.0152  DIHED      =      1571.6194
 1-4 NB =       323.3291  1-4 EEL =     -3606.1363  VDWAALS    =     45664.9190
 EELEC  =   -412987.9194  EHBOND  =         0.0000  RESTRAINT  =        18.1833
 EAMBER (non-restraint)  =   -367435.4686
 EKCMT  =         0.0000  VIRIAL  =         0.0000  VOLUME     =    812327.5584
                                                    Density    =         1.0151
 ------------------------------------------------------------------------------

| MC Barostat: Decreasing size of volume moves
| MC Barostat: Decreasing size of volume moves

 NSTEP =     7500   TIME(PS) =    3665.000  TEMP(K) =   300.13  PRESS =     0.0
 Etot   =   -318106.7304  EKtot   =     49055.8164  EPtot      =   -367162.5468
 BOND   =       361.5943  ANGLE   =      1240.1685  DIHED      =      1584.6454
 1-4 NB =       320.9569  1-4 EEL =     -3619.3665  VDWAALS    =     45971.7151
 EELEC  =   -413046.5859  EHBOND  =         0.0000  RESTRAINT  =        24.3252
 EAMBER (non-restraint)  =   -367186.8721
 EKCMT  =         0.0000  VIRIAL  =         0.0000  VOLUME     =    812924.2411
                                                    Density    =         1.0144
 ------------------------------------------------------------------------------

| MC Barostat: Decreasing size of volume moves

 NSTEP =    10000   TIME(PS) =    3670.000  TEMP(K) =   301.26  PRESS =     0.0
 Etot   =   -318081.5869  EKtot   =     49240.7617  EPtot      =   -367322.3486
 BOND   =       366.6685  ANGLE   =      1304.4789  DIHED      =      1577.7641
 1-4 NB =       339.8758  1-4 EEL =     -3584.5100  VDWAALS    =     46167.9401
 EELEC  =   -413518.0644  EHBOND  =         0.0000  RESTRAINT  =        23.4985
 EAMBER (non-restraint)  =   -367345.8471
 EKCMT  =         0.0000  VIRIAL  =         0.0000  VOLUME     =    812228.5972
                                                    Density    =         1.0153
 ------------------------------------------------------------------------------

| MC Barostat: Decreasing size of volume moves
| MC Barostat: Decreasing size of volume moves

 NSTEP =    12500   TIME(PS) =    3675.000  TEMP(K) =   298.68  PRESS =     0.0
 Etot   =   -318366.6954  EKtot   =     48818.9961  EPtot      =   -367185.6915
 BOND   =       355.9562  ANGLE   =      1283.2034  DIHED      =      1581.4010
 1-4 NB =       323.8097  1-4 EEL =     -3598.9077  VDWAALS    =     45711.5968
 EELEC  =   -412871.5385  EHBOND  =         0.0000  RESTRAINT  =        28.7876
 EAMBER (non-restraint)  =   -367214.4791
 EKCMT  =         0.0000  VIRIAL  =         0.0000  VOLUME     =    812958.2574
                                                    Density    =         1.0144
 ------------------------------------------------------------------------------

| MC Barostat: Decreasing size of volume moves
| MC Barostat: Decreasing size of volume moves
| MC Barostat: Decreasing size of volume moves

 NSTEP =    15000   TIME(PS) =    3680.000  TEMP(K) =   299.81  PRESS =     0.0
 Etot   =   -317885.6876  EKtot   =     49002.4062  EPtot      =   -366888.0938
 BOND   =       367.6785  ANGLE   =      1308.9209  DIHED      =      1582.2400
 1-4 NB =       326.5445  1-4 EEL =     -3601.9244  VDWAALS    =     45656.4026
 EELEC  =   -412552.5235  EHBOND  =         0.0000  RESTRAINT  =        24.5675
 EAMBER (non-restraint)  =   -366912.6613
 EKCMT  =         0.0000  VIRIAL  =         0.0000  VOLUME     =    812917.4773
                                                    Density    =         1.0144
 ------------------------------------------------------------------------------

| MC Barostat: Decreasing size of volume moves

 NSTEP =    17500   TIME(PS) =    3685.000  TEMP(K) =   300.04  PRESS =     0.0
 Etot   =   -317977.5119  EKtot   =     49041.0000  EPtot      =   -367018.5119
 BOND   =       377.6643  ANGLE   =      1259.2795  DIHED      =      1593.2339
 1-4 NB =       322.8487  1-4 EEL =     -3612.3526  VDWAALS    =     45852.6372
 EELEC  =   -412840.2278  EHBOND  =         0.0000  RESTRAINT  =        28.4048
 EAMBER (non-restraint)  =   -367046.9167
 EKCMT  =         0.0000  VIRIAL  =         0.0000  VOLUME     =    813271.7613
                                                    Density    =         1.0140
 ------------------------------------------------------------------------------

| MC Barostat: Decreasing size of volume moves
| MC Barostat: Decreasing size of volume moves
| MC Barostat: Decreasing size of volume moves

 NSTEP =    20000   TIME(PS) =    3690.000  TEMP(K) =   300.74  PRESS =     0.0
 Etot   =   -317898.9634  EKtot   =     49155.9375  EPtot      =   -367054.9009
 BOND   =       331.0794  ANGLE   =      1273.3186  DIHED      =      1575.0040
 1-4 NB =       326.6553  1-4 EEL =     -3636.2527  VDWAALS    =     45819.7210
 EELEC  =   -412772.8174  EHBOND  =         0.0000  RESTRAINT  =        28.3910
 EAMBER (non-restraint)  =   -367083.2919
 EKCMT  =         0.0000  VIRIAL  =         0.0000  VOLUME     =    814351.7999
                                                    Density    =         1.0126
 ------------------------------------------------------------------------------


 NSTEP =    22500   TIME(PS) =    3695.000  TEMP(K) =   299.50  PRESS =     0.0
 Etot   =   -318528.3095  EKtot   =     48952.3945  EPtot      =   -367480.7041
 BOND   =       369.6485  ANGLE   =      1283.2083  DIHED      =      1594.4764
 1-4 NB =       333.4343  1-4 EEL =     -3620.7444  VDWAALS    =     46161.5774
 EELEC  =   -413629.0693  EHBOND  =         0.0000  RESTRAINT  =        26.7648
 EAMBER (non-restraint)  =   -367507.4689
 EKCMT  =         0.0000  VIRIAL  =         0.0000  VOLUME     =    813890.1336
                                                    Density    =         1.0132
 ------------------------------------------------------------------------------


 NSTEP =    25000   TIME(PS) =    3700.000  TEMP(K) =   299.77  PRESS =     0.0
 Etot   =   -318271.3026  EKtot   =     48997.1016  EPtot      =   -367268.4042
 BOND   =       350.8709  ANGLE   =      1291.5596  DIHED      =      1612.0917
 1-4 NB =       328.3660  1-4 EEL =     -3630.9830  VDWAALS    =     45861.4518
 EELEC  =   -413109.8722  EHBOND  =         0.0000  RESTRAINT  =        28.1110
 EAMBER (non-restraint)  =   -367296.5152
 EKCMT  =         0.0000  VIRIAL  =         0.0000  VOLUME     =    813435.7140
                                                    Density    =         1.0138
 ------------------------------------------------------------------------------


 NSTEP =    27500   TIME(PS) =    3705.000  TEMP(K) =   300.59  PRESS =     0.0
 Etot   =   -317981.4827  EKtot   =     49130.2969  EPtot      =   -367111.7796
 BOND   =       342.5279  ANGLE   =      1245.3999  DIHED      =      1586.9020
 1-4 NB =       314.1891  1-4 EEL =     -3609.0031  VDWAALS    =     46067.3987
 EELEC  =   -413088.0405  EHBOND  =         0.0000  RESTRAINT  =        28.8465
 EAMBER (non-restraint)  =   -367140.6261
 EKCMT  =         0.0000  VIRIAL  =         0.0000  VOLUME     =    813703.0291
                                                    Density    =         1.0134
 ------------------------------------------------------------------------------


 NSTEP =    30000   TIME(PS) =    3710.000  TEMP(K) =   299.45  PRESS =     0.0
 Etot   =   -318076.1978  EKtot   =     48944.6055  EPtot      =   -367020.8032
 BOND   =       354.4679  ANGLE   =      1248.0459  DIHED      =      1584.2531
 1-4 NB =       329.9078  1-4 EEL =     -3606.7993  VDWAALS    =     45673.6133
 EELEC  =   -412629.4465  EHBOND  =         0.0000  RESTRAINT  =        25.1545
 EAMBER (non-restraint)  =   -367045.9577
 EKCMT  =         0.0000  VIRIAL  =         0.0000  VOLUME     =    813897.3583
                                                    Density    =         1.0132
 ------------------------------------------------------------------------------


 NSTEP =    32500   TIME(PS) =    3715.000  TEMP(K) =   301.03  PRESS =     0.0
 Etot   =   -317504.2179  EKtot   =     49202.9297  EPtot      =   -366707.1476
 BOND   =       351.7118  ANGLE   =      1279.9933  DIHED      =      1592.6549
 1-4 NB =       326.3132  1-4 EEL =     -3609.3036  VDWAALS    =     45740.7163
 EELEC  =   -412411.8846  EHBOND  =         0.0000  RESTRAINT  =        22.6510
 EAMBER (non-restraint)  =   -366729.7986
 EKCMT  =         0.0000  VIRIAL  =         0.0000  VOLUME     =    816128.5477
                                                    Density    =         1.0104
 ------------------------------------------------------------------------------


 NSTEP =    35000   TIME(PS) =    3720.000  TEMP(K) =   300.09  PRESS =     0.0
 Etot   =   -318445.2459  EKtot   =     49048.4922  EPtot      =   -367493.7381
 BOND   =       398.7067  ANGLE   =      1310.9683  DIHED      =      1576.6906
 1-4 NB =       331.4145  1-4 EEL =     -3614.4633  VDWAALS    =     46154.9732
 EELEC  =   -413678.4632  EHBOND  =         0.0000  RESTRAINT  =        26.4351
 EAMBER (non-restraint)  =   -367520.1732
 EKCMT  =         0.0000  VIRIAL  =         0.0000  VOLUME     =    815130.5166
                                                    Density    =         1.0117
 ------------------------------------------------------------------------------


 NSTEP =    37500   TIME(PS) =    3725.000  TEMP(K) =   301.16  PRESS =     0.0
 Etot   =   -317795.1412  EKtot   =     49223.3945  EPtot      =   -367018.5357
 BOND   =       368.9257  ANGLE   =      1306.0795  DIHED      =      1600.3132
 1-4 NB =       334.5374  1-4 EEL =     -3602.3904  VDWAALS    =     45859.6370
 EELEC  =   -412909.7170  EHBOND  =         0.0000  RESTRAINT  =        24.0789
 EAMBER (non-restraint)  =   -367042.6146
 EKCMT  =         0.0000  VIRIAL  =         0.0000  VOLUME     =    815962.4849
                                                    Density    =         1.0106
 ------------------------------------------------------------------------------


 NSTEP =    40000   TIME(PS) =    3730.000  TEMP(K) =   298.82  PRESS =     0.0
 Etot   =   -318249.4746  EKtot   =     48841.4688  EPtot      =   -367090.9433
 BOND   =       349.7380  ANGLE   =      1263.7649  DIHED      =      1596.6736
 1-4 NB =       336.3429  1-4 EEL =     -3611.0756  VDWAALS    =     45696.2010
 EELEC  =   -412746.4712  EHBOND  =         0.0000  RESTRAINT  =        23.8831
 EAMBER (non-restraint)  =   -367114.8264
 EKCMT  =         0.0000  VIRIAL  =         0.0000  VOLUME     =    814555.8608
                                                    Density    =         1.0124
 ------------------------------------------------------------------------------


 NSTEP =    42500   TIME(PS) =    3735.000  TEMP(K) =   299.84  PRESS =     0.0
 Etot   =   -318199.6235  EKtot   =     49007.7461  EPtot      =   -367207.3696
 BOND   =       364.3344  ANGLE   =      1306.3927  DIHED      =      1595.4527
 1-4 NB =       324.7396  1-4 EEL =     -3613.8181  VDWAALS    =     46106.1152
 EELEC  =   -413315.0356  EHBOND  =         0.0000  RESTRAINT  =        24.4495
 EAMBER (non-restraint)  =   -367231.8191
 EKCMT  =         0.0000  VIRIAL  =         0.0000  VOLUME     =    815296.8752
                                                    Density    =         1.0114
 ------------------------------------------------------------------------------


 NSTEP =    45000   TIME(PS) =    3740.000  TEMP(K) =   300.58  PRESS =     0.0
 Etot   =   -317740.0915  EKtot   =     49129.3672  EPtot      =   -366869.4586
 BOND   =       349.7677  ANGLE   =      1260.5779  DIHED      =      1573.2905
 1-4 NB =       319.9111  1-4 EEL =     -3620.0565  VDWAALS    =     45688.9051
 EELEC  =   -412471.8399  EHBOND  =         0.0000  RESTRAINT  =        29.9855
 EAMBER (non-restraint)  =   -366899.4441
 EKCMT  =         0.0000  VIRIAL  =         0.0000  VOLUME     =    814837.2117
                                                    Density    =         1.0120
 ------------------------------------------------------------------------------


 NSTEP =    47500   TIME(PS) =    3745.000  TEMP(K) =   300.34  PRESS =     0.0
 Etot   =   -317670.3909  EKtot   =     49090.2500  EPtot      =   -366760.6409
 BOND   =       353.6987  ANGLE   =      1249.8915  DIHED      =      1601.1564
 1-4 NB =       322.2985  1-4 EEL =     -3609.2207  VDWAALS    =     45264.9023
 EELEC  =   -411970.1992  EHBOND  =         0.0000  RESTRAINT  =        26.8315
 EAMBER (non-restraint)  =   -366787.4724
 EKCMT  =         0.0000  VIRIAL  =         0.0000  VOLUME     =    815714.4341
                                                    Density    =         1.0109
 ------------------------------------------------------------------------------


 NSTEP =    50000   TIME(PS) =    3750.000  TEMP(K) =   301.55  PRESS =     0.0
 Etot   =   -317440.6232  EKtot   =     49287.1289  EPtot      =   -366727.7521
 BOND   =       393.0502  ANGLE   =      1298.2263  DIHED      =      1575.9786
 1-4 NB =       312.6057  1-4 EEL =     -3620.5820  VDWAALS    =     45817.5041
 EELEC  =   -412529.7137  EHBOND  =         0.0000  RESTRAINT  =        25.1788
 EAMBER (non-restraint)  =   -366752.9309
 EKCMT  =         0.0000  VIRIAL  =         0.0000  VOLUME     =    814633.9242
                                                    Density    =         1.0123
 ------------------------------------------------------------------------------


 NSTEP =    52500   TIME(PS) =    3755.000  TEMP(K) =   298.86  PRESS =     0.0
 Etot   =   -318563.9898  EKtot   =     48847.8164  EPtot      =   -367411.8062
 BOND   =       364.4743  ANGLE   =      1271.4945  DIHED      =      1597.7096
 1-4 NB =       320.5786  1-4 EEL =     -3620.1379  VDWAALS    =     45771.7551
 EELEC  =   -413144.0433  EHBOND  =         0.0000  RESTRAINT  =        26.3628
 EAMBER (non-restraint)  =   -367438.1690
 EKCMT  =         0.0000  VIRIAL  =         0.0000  VOLUME     =    813893.6398
                                                    Density    =         1.0132
 ------------------------------------------------------------------------------


 NSTEP =    55000   TIME(PS) =    3760.000  TEMP(K) =   299.30  PRESS =     0.0
 Etot   =   -317920.4043  EKtot   =     48919.1836  EPtot      =   -366839.5878
 BOND   =       362.3393  ANGLE   =      1285.7546  DIHED      =      1579.1349
 1-4 NB =       315.4020  1-4 EEL =     -3617.1828  VDWAALS    =     45730.0792
 EELEC  =   -412522.5957  EHBOND  =         0.0000  RESTRAINT  =        27.4806
 EAMBER (non-restraint)  =   -366867.0684
 EKCMT  =         0.0000  VIRIAL  =         0.0000  VOLUME     =    814378.5595
                                                    Density    =         1.0126
 ------------------------------------------------------------------------------


 NSTEP =    57500   TIME(PS) =    3765.000  TEMP(K) =   299.78  PRESS =     0.0
 Etot   =   -318024.6143  EKtot   =     48998.4570  EPtot      =   -367023.0714
 BOND   =       354.5875  ANGLE   =      1282.5659  DIHED      =      1615.0211
 1-4 NB =       324.2514  1-4 EEL =     -3609.1715  VDWAALS    =     46006.9400
 EELEC  =   -413024.4707  EHBOND  =         0.0000  RESTRAINT  =        27.2051
 EAMBER (non-restraint)  =   -367050.2764
 EKCMT  =         0.0000  VIRIAL  =         0.0000  VOLUME     =    814309.0650
                                                    Density    =         1.0127
 ------------------------------------------------------------------------------


 NSTEP =    60000   TIME(PS) =    3770.000  TEMP(K) =   300.83  PRESS =     0.0
 Etot   =   -317567.3765  EKtot   =     49169.4609  EPtot      =   -366736.8374
 BOND   =       357.3566  ANGLE   =      1323.0068  DIHED      =      1555.1294
 1-4 NB =       322.9468  1-4 EEL =     -3613.8959  VDWAALS    =     45226.2703
 EELEC  =   -411934.5868  EHBOND  =         0.0000  RESTRAINT  =        26.9355
 EAMBER (non-restraint)  =   -366763.7729
 EKCMT  =         0.0000  VIRIAL  =         0.0000  VOLUME     =    816027.7713
                                                    Density    =         1.0105
 ------------------------------------------------------------------------------


 NSTEP =    62500   TIME(PS) =    3775.000  TEMP(K) =   297.67  PRESS =     0.0
 Etot   =   -318331.2519  EKtot   =     48654.1406  EPtot      =   -366985.3925
 BOND   =       373.8206  ANGLE   =      1232.9493  DIHED      =      1615.7300
 1-4 NB =       325.8098  1-4 EEL =     -3608.0174  VDWAALS    =     45815.6230
 EELEC  =   -412767.3936  EHBOND  =         0.0000  RESTRAINT  =        26.0858
 EAMBER (non-restraint)  =   -367011.4783
 EKCMT  =         0.0000  VIRIAL  =         0.0000  VOLUME     =    815921.4344
                                                    Density    =         1.0107
 ------------------------------------------------------------------------------


 NSTEP =    65000   TIME(PS) =    3780.000  TEMP(K) =   299.99  PRESS =     0.0
 Etot   =   -317618.2203  EKtot   =     49033.0039  EPtot      =   -366651.2242
 BOND   =       357.1455  ANGLE   =      1312.1331  DIHED      =      1581.9652
 1-4 NB =       340.4032  1-4 EEL =     -3612.7904  VDWAALS    =     45751.2415
 EELEC  =   -412409.4841  EHBOND  =         0.0000  RESTRAINT  =        28.1618
 EAMBER (non-restraint)  =   -366679.3859
 EKCMT  =         0.0000  VIRIAL  =         0.0000  VOLUME     =    815721.6954
                                                    Density    =         1.0109
 ------------------------------------------------------------------------------


 NSTEP =    67500   TIME(PS) =    3785.000  TEMP(K) =   299.28  PRESS =     0.0
 Etot   =   -318407.7155  EKtot   =     48916.7109  EPtot      =   -367324.4264
 BOND   =       348.9343  ANGLE   =      1255.0345  DIHED      =      1585.9207
 1-4 NB =       326.1604  1-4 EEL =     -3594.7511  VDWAALS    =     46060.0676
 EELEC  =   -413326.9243  EHBOND  =         0.0000  RESTRAINT  =        21.1316
 EAMBER (non-restraint)  =   -367345.5580
 EKCMT  =         0.0000  VIRIAL  =         0.0000  VOLUME     =    815019.7107
                                                    Density    =         1.0118
 ------------------------------------------------------------------------------


 NSTEP =    70000   TIME(PS) =    3790.000  TEMP(K) =   300.56  PRESS =     0.0
 Etot   =   -318038.4362  EKtot   =     49126.2305  EPtot      =   -367164.6666
 BOND   =       371.0342  ANGLE   =      1330.6907  DIHED      =      1562.6337
 1-4 NB =       332.3054  1-4 EEL =     -3590.5161  VDWAALS    =     45968.4254
 EELEC  =   -413163.0513  EHBOND  =         0.0000  RESTRAINT  =        23.8114
 EAMBER (non-restraint)  =   -367188.4780
 EKCMT  =         0.0000  VIRIAL  =         0.0000  VOLUME     =    815101.9247
                                                    Density    =         1.0117
 ------------------------------------------------------------------------------


 NSTEP =    72500   TIME(PS) =    3795.000  TEMP(K) =   299.98  PRESS =     0.0
 Etot   =   -318142.9256  EKtot   =     49030.2461  EPtot      =   -367173.1717
 BOND   =       365.6456  ANGLE   =      1286.4475  DIHED      =      1562.5979
 1-4 NB =       326.8727  1-4 EEL =     -3591.8622  VDWAALS    =     46140.6218
 EELEC  =   -413295.1752  EHBOND  =         0.0000  RESTRAINT  =        31.6803
 EAMBER (non-restraint)  =   -367204.8520
 EKCMT  =         0.0000  VIRIAL  =         0.0000  VOLUME     =    815249.0759
                                                    Density    =         1.0115
 ------------------------------------------------------------------------------


 NSTEP =    75000   TIME(PS) =    3800.000  TEMP(K) =   299.50  PRESS =     0.0
 Etot   =   -318071.5453  EKtot   =     48953.2617  EPtot      =   -367024.8070
 BOND   =       369.6736  ANGLE   =      1251.7745  DIHED      =      1583.0996
 1-4 NB =       327.4812  1-4 EEL =     -3605.5026  VDWAALS    =     45472.7641
 EELEC  =   -412449.7694  EHBOND  =         0.0000  RESTRAINT  =        25.6719
 EAMBER (non-restraint)  =   -367050.4789
 EKCMT  =         0.0000  VIRIAL  =         0.0000  VOLUME     =    815619.2052
                                                    Density    =         1.0110
 ------------------------------------------------------------------------------


 NSTEP =    77500   TIME(PS) =    3805.000  TEMP(K) =   298.74  PRESS =     0.0
 Etot   =   -318149.4857  EKtot   =     48828.3047  EPtot      =   -366977.7904
 BOND   =       373.1460  ANGLE   =      1244.1348  DIHED      =      1568.2804
 1-4 NB =       313.4556  1-4 EEL =     -3589.6700  VDWAALS    =     45749.4610
 EELEC  =   -412659.6999  EHBOND  =         0.0000  RESTRAINT  =        23.1017
 EAMBER (non-restraint)  =   -367000.8921
 EKCMT  =         0.0000  VIRIAL  =         0.0000  VOLUME     =    813963.2715
                                                    Density    =         1.0131
 ------------------------------------------------------------------------------


 NSTEP =    80000   TIME(PS) =    3810.000  TEMP(K) =   300.74  PRESS =     0.0
 Etot   =   -317680.2590  EKtot   =     49155.0195  EPtot      =   -366835.2785
 BOND   =       344.2153  ANGLE   =      1256.8234  DIHED      =      1578.8273
 1-4 NB =       322.2765  1-4 EEL =     -3598.3243  VDWAALS    =     45609.7437
 EELEC  =   -412375.8348  EHBOND  =         0.0000  RESTRAINT  =        26.9945
 EAMBER (non-restraint)  =   -366862.2730
 EKCMT  =         0.0000  VIRIAL  =         0.0000  VOLUME     =    813474.2890
                                                    Density    =         1.0137
 ------------------------------------------------------------------------------


 NSTEP =    82500   TIME(PS) =    3815.000  TEMP(K) =   300.04  PRESS =     0.0
 Etot   =   -317906.1987  EKtot   =     49041.0508  EPtot      =   -366947.2494
 BOND   =       395.1516  ANGLE   =      1235.4612  DIHED      =      1570.3061
 1-4 NB =       317.7257  1-4 EEL =     -3601.5433  VDWAALS    =     45930.3281
 EELEC  =   -412817.8621  EHBOND  =         0.0000  RESTRAINT  =        23.1833
 EAMBER (non-restraint)  =   -366970.4327
 EKCMT  =         0.0000  VIRIAL  =         0.0000  VOLUME     =    812491.2253
                                                    Density    =         1.0149
 ------------------------------------------------------------------------------


 NSTEP =    85000   TIME(PS) =    3820.000  TEMP(K) =   297.98  PRESS =     0.0
 Etot   =   -318466.1741  EKtot   =     48703.5508  EPtot      =   -367169.7249
 BOND   =       363.4072  ANGLE   =      1222.3069  DIHED      =      1596.0331
 1-4 NB =       322.8527  1-4 EEL =     -3589.5645  VDWAALS    =     46172.8731
 EELEC  =   -413282.2373  EHBOND  =         0.0000  RESTRAINT  =        24.6039
 EAMBER (non-restraint)  =   -367194.3288
 EKCMT  =         0.0000  VIRIAL  =         0.0000  VOLUME     =    812298.1457
                                                    Density    =         1.0152
 ------------------------------------------------------------------------------


 NSTEP =    87500   TIME(PS) =    3825.000  TEMP(K) =   301.35  PRESS =     0.0
 Etot   =   -317832.2774  EKtot   =     49254.2812  EPtot      =   -367086.5587
 BOND   =       372.6165  ANGLE   =      1253.2887  DIHED      =      1583.7605
 1-4 NB =       331.9457  1-4 EEL =     -3599.1392  VDWAALS    =     45990.6163
 EELEC  =   -413046.7130  EHBOND  =         0.0000  RESTRAINT  =        27.0658
 EAMBER (non-restraint)  =   -367113.6245
 EKCMT  =         0.0000  VIRIAL  =         0.0000  VOLUME     =    812715.1967
                                                    Density    =         1.0147
 ------------------------------------------------------------------------------


 NSTEP =    90000   TIME(PS) =    3830.000  TEMP(K) =   301.39  PRESS =     0.0
 Etot   =   -317930.5154  EKtot   =     49261.9219  EPtot      =   -367192.4373
 BOND   =       334.2975  ANGLE   =      1281.8583  DIHED      =      1602.3165
 1-4 NB =       327.9772  1-4 EEL =     -3604.5594  VDWAALS    =     46306.4439
 EELEC  =   -413468.2869  EHBOND  =         0.0000  RESTRAINT  =        27.5156
 EAMBER (non-restraint)  =   -367219.9529
 EKCMT  =         0.0000  VIRIAL  =         0.0000  VOLUME     =    813312.0466
                                                    Density    =         1.0139
 ------------------------------------------------------------------------------


 NSTEP =    92500   TIME(PS) =    3835.000  TEMP(K) =   299.77  PRESS =     0.0
 Etot   =   -317853.9568  EKtot   =     48997.2891  EPtot      =   -366851.2459
 BOND   =       369.2343  ANGLE   =      1274.5099  DIHED      =      1599.9116
 1-4 NB =       329.6948  1-4 EEL =     -3591.7487  VDWAALS    =     45969.6380
 EELEC  =   -412830.0186  EHBOND  =         0.0000  RESTRAINT  =        27.5327
 EAMBER (non-restraint)  =   -366878.7785
 EKCMT  =         0.0000  VIRIAL  =         0.0000  VOLUME     =    814347.2628
                                                    Density    =         1.0126
 ------------------------------------------------------------------------------


 NSTEP =    95000   TIME(PS) =    3840.000  TEMP(K) =   299.90  PRESS =     0.0
 Etot   =   -317951.5463  EKtot   =     49018.5352  EPtot      =   -366970.0814
 BOND   =       365.6241  ANGLE   =      1353.0067  DIHED      =      1577.8246
 1-4 NB =       330.8482  1-4 EEL =     -3571.5548  VDWAALS    =     46151.5037
 EELEC  =   -413204.3731  EHBOND  =         0.0000  RESTRAINT  =        27.0391
 EAMBER (non-restraint)  =   -366997.1205
 EKCMT  =         0.0000  VIRIAL  =         0.0000  VOLUME     =    813008.9948
                                                    Density    =         1.0143
 ------------------------------------------------------------------------------


 NSTEP =    97500   TIME(PS) =    3845.000  TEMP(K) =   300.72  PRESS =     0.0
 Etot   =   -318087.4919  EKtot   =     49151.6602  EPtot      =   -367239.1521
 BOND   =       378.4554  ANGLE   =      1265.4305  DIHED      =      1590.1699
 1-4 NB =       330.5267  1-4 EEL =     -3582.5473  VDWAALS    =     45935.6024
 EELEC  =   -413183.2504  EHBOND  =         0.0000  RESTRAINT  =        26.4608
 EAMBER (non-restraint)  =   -367265.6128
 EKCMT  =         0.0000  VIRIAL  =         0.0000  VOLUME     =    813641.8750
                                                    Density    =         1.0135
 ------------------------------------------------------------------------------


 NSTEP =   100000   TIME(PS) =    3850.000  TEMP(K) =   300.19  PRESS =     0.0
 Etot   =   -318116.4744  EKtot   =     49064.8633  EPtot      =   -367181.3377
 BOND   =       391.4343  ANGLE   =      1250.4321  DIHED      =      1596.4746
 1-4 NB =       323.6562  1-4 EEL =     -3567.0722  VDWAALS    =     46163.6062
 EELEC  =   -413368.1649  EHBOND  =         0.0000  RESTRAINT  =        28.2960
 EAMBER (non-restraint)  =   -367209.6337
 EKCMT  =         0.0000  VIRIAL  =         0.0000  VOLUME     =    812698.1787
                                                    Density    =         1.0147
 ------------------------------------------------------------------------------


 NSTEP =   102500   TIME(PS) =    3855.000  TEMP(K) =   299.60  PRESS =     0.0
 Etot   =   -317929.6362  EKtot   =     48968.7070  EPtot      =   -366898.3432
 BOND   =       379.4823  ANGLE   =      1273.2643  DIHED      =      1563.9004
 1-4 NB =       333.6567  1-4 EEL =     -3558.1452  VDWAALS    =     45689.1097
 EELEC  =   -412607.1321  EHBOND  =         0.0000  RESTRAINT  =        27.5208
 EAMBER (non-restraint)  =   -366925.8640
 EKCMT  =         0.0000  VIRIAL  =         0.0000  VOLUME     =    812506.3902
                                                    Density    =         1.0149
 ------------------------------------------------------------------------------


 NSTEP =   105000   TIME(PS) =    3860.000  TEMP(K) =   300.54  PRESS =     0.0
 Etot   =   -318602.8135  EKtot   =     49121.7109  EPtot      =   -367724.5244
 BOND   =       351.4581  ANGLE   =      1271.8598  DIHED      =      1585.7894
 1-4 NB =       332.6531  1-4 EEL =     -3578.8530  VDWAALS    =     46278.6461
 EELEC  =   -413992.3718  EHBOND  =         0.0000  RESTRAINT  =        26.2939
 EAMBER (non-restraint)  =   -367750.8183
 EKCMT  =         0.0000  VIRIAL  =         0.0000  VOLUME     =    812782.6558
                                                    Density    =         1.0146
 ------------------------------------------------------------------------------


 NSTEP =   107500   TIME(PS) =    3865.000  TEMP(K) =   298.72  PRESS =     0.0
 Etot   =   -317950.9903  EKtot   =     48825.4141  EPtot      =   -366776.4044
 BOND   =       373.3130  ANGLE   =      1259.6803  DIHED      =      1556.1792
 1-4 NB =       322.5326  1-4 EEL =     -3556.9623  VDWAALS    =     45743.8200
 EELEC  =   -412506.7676  EHBOND  =         0.0000  RESTRAINT  =        31.8005
 EAMBER (non-restraint)  =   -366808.2049
 EKCMT  =         0.0000  VIRIAL  =         0.0000  VOLUME     =    812359.0414
                                                    Density    =         1.0151
 ------------------------------------------------------------------------------


 NSTEP =   110000   TIME(PS) =    3870.000  TEMP(K) =   300.70  PRESS =     0.0
 Etot   =   -318016.2713  EKtot   =     49147.8633  EPtot      =   -367164.1346
 BOND   =       351.6564  ANGLE   =      1322.0041  DIHED      =      1591.7778
 1-4 NB =       326.2158  1-4 EEL =     -3597.3987  VDWAALS    =     45971.2781
 EELEC  =   -413158.4849  EHBOND  =         0.0000  RESTRAINT  =        28.8167
 EAMBER (non-restraint)  =   -367192.9513
 EKCMT  =         0.0000  VIRIAL  =         0.0000  VOLUME     =    812843.9866
                                                    Density    =         1.0145
 ------------------------------------------------------------------------------


 NSTEP =   112500   TIME(PS) =    3875.000  TEMP(K) =   300.54  PRESS =     0.0
 Etot   =   -317625.5216  EKtot   =     49122.4258  EPtot      =   -366747.9474
 BOND   =       375.8426  ANGLE   =      1257.5698  DIHED      =      1583.2371
 1-4 NB =       326.9741  1-4 EEL =     -3577.0679  VDWAALS    =     45797.6803
 EELEC  =   -412542.6633  EHBOND  =         0.0000  RESTRAINT  =        30.4799
 EAMBER (non-restraint)  =   -366778.4273
 EKCMT  =         0.0000  VIRIAL  =         0.0000  VOLUME     =    813568.0382
                                                    Density    =         1.0136
 ------------------------------------------------------------------------------


 NSTEP =   115000   TIME(PS) =    3880.000  TEMP(K) =   299.69  PRESS =     0.0
 Etot   =   -318113.9979  EKtot   =     48983.4141  EPtot      =   -367097.4120
 BOND   =       387.2145  ANGLE   =      1277.3035  DIHED      =      1602.1740
 1-4 NB =       320.7312  1-4 EEL =     -3571.5808  VDWAALS    =     45819.0301
 EELEC  =   -412964.3911  EHBOND  =         0.0000  RESTRAINT  =        32.1067
 EAMBER (non-restraint)  =   -367129.5187
 EKCMT  =         0.0000  VIRIAL  =         0.0000  VOLUME     =    813363.1081
                                                    Density    =         1.0138
 ------------------------------------------------------------------------------


 NSTEP =   117500   TIME(PS) =    3885.000  TEMP(K) =   299.79  PRESS =     0.0
 Etot   =   -318365.1649  EKtot   =     49000.3438  EPtot      =   -367365.5087
 BOND   =       400.7024  ANGLE   =      1250.4995  DIHED      =      1582.7429
 1-4 NB =       328.8691  1-4 EEL =     -3593.2134  VDWAALS    =     45882.0748
 EELEC  =   -413247.1683  EHBOND  =         0.0000  RESTRAINT  =        29.9844
 EAMBER (non-restraint)  =   -367395.4931
 EKCMT  =         0.0000  VIRIAL  =         0.0000  VOLUME     =    813219.7994
                                                    Density    =         1.0140
 ------------------------------------------------------------------------------


 NSTEP =   120000   TIME(PS) =    3890.000  TEMP(K) =   298.23  PRESS =     0.0
 Etot   =   -318434.3707  EKtot   =     48745.1914  EPtot      =   -367179.5621
 BOND   =       348.1723  ANGLE   =      1235.1941  DIHED      =      1572.9065
 1-4 NB =       322.4589  1-4 EEL =     -3562.1911  VDWAALS    =     46178.5949
 EELEC  =   -413300.9527  EHBOND  =         0.0000  RESTRAINT  =        26.2551
 EAMBER (non-restraint)  =   -367205.8171
 EKCMT  =         0.0000  VIRIAL  =         0.0000  VOLUME     =    813265.0989
                                                    Density    =         1.0140
 ------------------------------------------------------------------------------


 NSTEP =   122500   TIME(PS) =    3895.000  TEMP(K) =   299.99  PRESS =     0.0
 Etot   =   -318055.2863  EKtot   =     49033.1758  EPtot      =   -367088.4621
 BOND   =       382.0883  ANGLE   =      1273.6696  DIHED      =      1594.8397
 1-4 NB =       331.3178  1-4 EEL =     -3588.7071  VDWAALS    =     45593.6056
 EELEC  =   -412703.9921  EHBOND  =         0.0000  RESTRAINT  =        28.7161
 EAMBER (non-restraint)  =   -367117.1782
 EKCMT  =         0.0000  VIRIAL  =         0.0000  VOLUME     =    815094.2862
                                                    Density    =         1.0117
 ------------------------------------------------------------------------------


 NSTEP =   125000   TIME(PS) =    3900.000  TEMP(K) =   302.60  PRESS =     0.0
 Etot   =   -317821.9927  EKtot   =     49459.7734  EPtot      =   -367281.7661
 BOND   =       329.9088  ANGLE   =      1290.1347  DIHED      =      1604.9840
 1-4 NB =       325.5701  1-4 EEL =     -3566.2740  VDWAALS    =     45756.5135
 EELEC  =   -413049.5723  EHBOND  =         0.0000  RESTRAINT  =        26.9691
 EAMBER (non-restraint)  =   -367308.7352
 EKCMT  =         0.0000  VIRIAL  =         0.0000  VOLUME     =    814253.7450
                                                    Density    =         1.0127
 ------------------------------------------------------------------------------


      A V E R A G E S   O V E R      50 S T E P S


 NSTEP =   125000   TIME(PS) =    3900.000  TEMP(K) =   300.03  PRESS =     0.0
 Etot   =   -318051.9102  EKtot   =     49039.2399  EPtot      =   -367091.1501
 BOND   =       364.8211  ANGLE   =      1274.5101  DIHED      =      1585.3324
 1-4 NB =       326.1687  1-4 EEL =     -3598.8419  VDWAALS    =     45869.8772
 EELEC  =   -412939.5086  EHBOND  =         0.0000  RESTRAINT  =        26.4909
 EAMBER (non-restraint)  =   -367117.6410
 EKCMT  =         0.0000  VIRIAL  =         0.0000  VOLUME     =    813927.1248
                                                    Density    =         1.0131
 ------------------------------------------------------------------------------


      R M S  F L U C T U A T I O N S


 NSTEP =   125000   TIME(PS) =    3900.000  TEMP(K) =     0.96  PRESS =     0.0
 Etot   =       285.2215  EKtot   =       156.1495  EPtot      =       240.8696
 BOND   =        16.4930  ANGLE   =        28.1318  DIHED      =        14.2683
 1-4 NB =         6.0747  1-4 EEL =        18.5361  VDWAALS    =       232.4959
 EELEC  =       424.8202  EHBOND  =         0.0000  RESTRAINT  =         2.7836
 EAMBER (non-restraint)  =       238.0859
 EKCMT  =         0.0000  VIRIAL  =         0.0000  VOLUME     =      1180.3300
                                                    Density    =         0.0015
 ------------------------------------------------------------------------------

| MC Barostat:       1250 volume changes attempted.
| MC Barostat:        333 changes successful ( 26.64%)
 ------------------------------------------------------------------------------

--------------------------------------------------------------------------------
   5.  TIMINGS
--------------------------------------------------------------------------------

|  NonSetup CPU Time in Major Routines:
|
|     Routine           Sec        %
|     ------------------------------
|     Nonbond          14.90   11.80
|     Bond              0.00    0.00
|     Angle             0.00    0.00
|     Dihedral          0.00    0.00
|     Shake             0.67    0.53
|     RunMD           105.67   83.71
|     Other             4.99    3.95
|     ------------------------------
|     Total           126.22

|  PME Nonbond Pairlist CPU Time:
|
|     Routine              Sec        %
|     ---------------------------------
|     Set Up Cit           0.00    0.00
|     Build List           0.00    0.00
|     ---------------------------------
|     Total                0.00    0.00

|  PME Direct Force CPU Time:
|
|     Routine              Sec        %
|     ---------------------------------
|     NonBonded Calc       0.00    0.00
|     Exclude Masked       0.00    0.00
|     Other                0.14    0.11
|     ---------------------------------
|     Total                0.14    0.11

|  PME Reciprocal Force CPU Time:
|
|     Routine              Sec        %
|     ---------------------------------
|     1D bspline           0.00    0.00
|     Grid Charges         0.00    0.00
|     Scalar Sum           0.00    0.00
|     Gradient Sum         0.00    0.00
|     FFT                  0.00    0.00
|     ---------------------------------
|     Total                0.00    0.00

|  Final Performance Info:
|     -----------------------------------------------------
|     Average timings for last    2500 steps:
|     Elapsed(s) =       2.55 Per Step(ms) =       1.02
|         ns/day =     169.29   seconds/ns =     510.36
|
|     Average timings for all steps:
|     Elapsed(s) =     126.38 Per Step(ms) =       1.01
|         ns/day =     170.92   seconds/ns =     505.50
|     -----------------------------------------------------

|  Setup CPU time:            1.05 seconds
|  NonSetup CPU time:       126.22 seconds
|  Total CPU time:          127.27 seconds     0.04 hours

|  Setup wall time:           1    seconds
|  NonSetup wall time:      126    seconds
|  Total wall time:         127    seconds     0.04 hours
