
          -------------------------------------------------------
          Amber 24 PMEMD                              2024
          -------------------------------------------------------

| PMEMD implementation of SANDER, Release 24

|  Compiled date/time: Thu Apr  3 14:55:38 2025
| Run on 05/16/2026 at 00:48:14

|   Executable path: pmemd.cuda
| Working directory: /home/anugraha/IDP/equilibrate
|          Hostname: sapphire-0

  [-O]verwriting output

File Assignments:
|   MDIN: equil_npt_polish.in                                                   
|  MDOUT: chunks/npt_11.out                                                     
| INPCRD: chunks/npt_10.rst7                                                    
|   PARM: /home/anugraha/IDP/build/complex.prmtop                               
| RESTRT: chunks/npt_11.rst7                                                    
|   REFC: chunks/npt_10.rst7                                                    
|  MDVEL: mdvel                                                                 
|   MDEN: mden                                                                  
|  MDCRD: chunks/npt_11.nc                                                      
| MDINFO: chunks/npt_11.mdinfo                                                  
|  MDFRC: mdfrc                                                                 


 Here is the input file:

NPT polish chunk: 250 ps, 300 K, 0.1 kcal backbone restraint, MC barostat      
 &cntrl                                                                        
  imin   = 0,                                                                  
  irest  = 1, ntx = 5,                                                         
  nstlim = 125000, dt = 0.002,                                                 
  ntc    = 2, ntf = 2,                                                         
  cut    = 10.0,                                                               
  ntb    = 2,                                                                  
  ntp    = 1, barostat = 2, pres0 = 1.0, mcbarint = 100,                       
  ntt    = 3, gamma_ln = 2.0, temp0 = 300.0,                                   
  ntr    = 1,                                                                  
  restraint_wt = 0.1,                                                          
  restraintmask = "(:1-140) & @N,CA,C,O",                                      
  ig     = -1,                                                                 
  ntpr   = 2500, ntwx = 2500, ntwr = 25000,                                    
  iwrap  = 1, ioutfm = 1,                                                      
 /                                                                             


Note: ig = -1. Setting random seed to   271119 based on wallclock time in 
      microseconds.
| irandom = 1, using AMBER's internal random number generator (default).
 
|--------------------- INFORMATION ----------------------
| GPU (CUDA) Version of PMEMD in use: NVIDIA GPU IN USE.
|                    Version 18.0.0
| 
|                      03/25/2018
| 
| Implementation by:
|                    Ross C. Walker     (SDSC)
|                    Scott Le Grand     (nVIDIA)
| 
| Version 18 performance extensions by:
|                    David Cerutti     (Rutgers)
| 
| Precision model in use:
|      [SPFP] - Single Precision Forces, 64-bit Fixed Point
|               Accumulation. (Default)
| 
|--------------------------------------------------------
 
|----------------- CITATION INFORMATION -----------------
|
|    When publishing work that utilized the CUDA version
|    of AMBER, please cite the following in addition to
|    the regular AMBER citations:
|
|  - Romelia Salomon-Ferrer; Andreas W. Goetz; Duncan
|    Poole; Scott Le Grand; Ross C. Walker "Routine
|    microsecond molecular dynamics simulations with
|    AMBER - Part II: Particle Mesh Ewald", J. Chem.
|    Theory Comput., 2013, 9 (9), pp3878-3888,
|    DOI: 10.1021/ct400314y.
|
|  - Andreas W. Goetz; Mark J. Williamson; Dong Xu;
|    Duncan Poole; Scott Le Grand; Ross C. Walker
|    "Routine microsecond molecular dynamics simulations
|    with AMBER - Part I: Generalized Born", J. Chem.
|    Theory Comput., 2012, 8 (5), pp1542-1555.
|
|  - Scott Le Grand; Andreas W. Goetz; Ross C. Walker
|    "SPFP: Speed without compromise - a mixed precision
|    model for GPU accelerated molecular dynamics
|    simulations.", Comp. Phys. Comm., 2013, 184
|    pp374-380, DOI: 10.1016/j.cpc.2012.09.022
|
|--------------------------------------------------------
 
|------------------- GPU DEVICE INFO --------------------
|
|            CUDA_VISIBLE_DEVICES: 0
|   CUDA Capable Devices Detected:      1
|           CUDA Device ID in use:      0
|                CUDA Device Name: NVIDIA A100-SXM4-80GB
|     CUDA Device Global Mem Size:  81152 MB
| CUDA Device Num Multiprocessors:    108
|           CUDA Device Core Freq:   1.41 GHz
|
|--------------------------------------------------------
 
 
| Conditional Compilation Defines Used:
| PUBFFT
| BINTRAJ
| CUDA
| EMIL

| Largest sphere to fit in unit cell has radius =    30.519

| New format PARM file being parsed.
| Version =    1.000 Date = 05/15/26 Time = 17:24:49

| Note: 1-4 EEL scale factors are being read from the topology file.

| Note: 1-4 VDW scale factors are being read from the topology file.
| INFO:    Virtual site frames will be inferred from bonding patterns.
| INFO: Off Diagonal (NBFIX) LJ terms found in prmtop file.
|       The prmtop file has been modified to support atom
|       type based pairwise Lennard-Jones terms.
| Duplicated    0 dihedrals

| Duplicated    0 dihedrals

--------------------------------------------------------------------------------
   1.  RESOURCE   USE: 
--------------------------------------------------------------------------------

 getting box info from netcdf restart file
 NATOM  =  108126 NTYPES =      32 NBONH =   80449 MBONA  =   27522
 NTHETH =   28829 MTHETA =    1412 NPHIH =    4993 MPHIA  =    4071
 NHPARM =       0 NPARM  =       0 NNB   =  196844 NRES   =   26785
 NBONA  =   27522 NTHETA =    1412 NPHIA =    4071 NUMBND =      74
 NUMANG =     152 NPTRA  =     108 NATYP =      51 NPHB   =       0
 IFBOX  =       1 NMXRS  =      38 IFCAP =       0 NEXTRA =   26476
 NCOPY  =       0

| Coordinate Index Table dimensions:    13   32   11
| Direct force subcell size =     5.7950    5.5336    5.5489

     BOX TYPE: RECTILINEAR

--------------------------------------------------------------------------------
   2.  CONTROL  DATA  FOR  THE  RUN
--------------------------------------------------------------------------------

default_name                                                                    

General flags:
     imin    =       0, nmropt  =       0

Nature and format of input:
     ntx     =       5, irest   =       1, ntrx    =       1

Nature and format of output:
     ntxo    =       2, ntpr    =    2500, ntrx    =       1, ntwr    =   25000
     iwrap   =       1, ntwx    =    2500, ntwv    =       0, ntwe    =       0
     ioutfm  =       1, ntwprt  =       0, idecomp =       0, rbornstat=      0

Potential function:
     ntf     =       2, ntb     =       2, igb     =       0, nsnb    =      25
     ipol    =       0, gbsa    =       0, iesp    =       0
     dielc   =   1.00000, cut     =  10.00000, intdiel =   1.00000

Frozen or restrained atoms:
     ibelly  =       0, ntr     =       1
     restraint_wt =   0.10000

Molecular dynamics:
     nstlim  =    125000, nscm    =         0, nrespa  =         1
     t       =   0.00000, dt      =   0.00200, vlimit  =  -1.00000

Langevin dynamics temperature regulation:
     ig      =  271119
     temp0   = 300.00000, tempi   =   0.00000, gamma_ln=   2.00000

Pressure regulation:
     ntp     =       1
     pres0   =   1.00000, comp    =  44.60000, taup    =   1.00000
     Monte-Carlo Barostat:
     mcbarint  =     100

SHAKE:
     ntc     =       2, jfastw  =       0
     tol     =   0.00001

| Intermolecular bonds treatment:
|     no_intermolecular_bonds =       1

| Energy averages sample interval:
|     ene_avg_sampling =    2500

Extra-points options:
     frameon =       1, chngmask=       1

Ewald parameters:
     verbose =       0, ew_type =       0, nbflag  =       1, use_pme =       1
     vdwmeth =       1, eedmeth =       1, netfrc  =       1
     Box X =   75.335   Box Y =  177.076   Box Z =   61.038
     Alpha =   90.000   Beta  =   90.000   Gamma =   90.000
     NFFT1 =   80       NFFT2 =  180       NFFT3 =   64
     Cutoff=   10.000   Tol   =0.100E-04
     Ewald Coefficient =  0.27511
     Interpolation order =    4

    LOADING THE CONSTRAINED ATOMS AS GROUPS


   5.  REFERENCE ATOM COORDINATES

  default_name                                                                    
     Mask (:1-140) & @N,CA,C,O; matches   560 atoms
|      EXTRA_PTS, trim_bonds: num bonds BEFORE trim = 80449     0
|      EXTRA_PTS, trim_bonds: num bonds AFTER  trim = 80449     0
|      EXTRA_PTS, trim_bonds: num bonds BEFORE trim = 27522     0
|      EXTRA_PTS, trim_bonds: num bonds AFTER  trim =  1046     0
|      EXTRA_PTS, trim_theta: num angle BEFORE trim = 28829     0
|      EXTRA_PTS, trim_theta: num angle AFTER  trim = 28829     0
|      EXTRA_PTS, trim_theta: num angle BEFORE trim =  1412     0
|      EXTRA_PTS, trim_theta: num angle AFTER  trim =  1412     0
|      EXTRA_PTS, trim_phi:  num diheds BEFORE trim =  4993     0
|      EXTRA_PTS, trim_phi:  num diheds AFTER  trim =  4993     0
|      EXTRA_PTS, trim_phi:  num diheds BEFORE trim =  4071     0
|      EXTRA_PTS, trim_phi:  num diheds AFTER  trim =  4071     0
| MONTE CARLO BAROSTAT IMPORTANT NOTE:
|   The Monte-Carlo barostat does not require the virial to adjust the system volume.
|   Since it is an expensive calculation, it is skipped for efficiency. A side-effect
|   is that the reported pressure is always 0 because it is not calculated.

--------------------------------------------------------------------------------
   3.  ATOMIC COORDINATES AND VELOCITIES
--------------------------------------------------------------------------------

default_name                                                                    
 begin time read from input coords =  2400.000 ps

 
 Number of triangulated 3-point waters found:    26476

     Sum of charges from parm topology file =  -0.00201509
     Forcing neutrality...

| Dynamic Memory, Types Used:
| Reals             4815083
| Integers          9375957

| Nonbonded Pairs Initial Allocation:    32705411

| GPU memory information (estimate):
| KB of GPU memory in use:    829143
| KB of CPU memory in use:    182199

--------------------------------------------------------------------------------
   4.  RESULTS
--------------------------------------------------------------------------------

| MC Barostat: Decreasing size of volume moves
| MC Barostat: Decreasing size of volume moves

 NSTEP =     2500   TIME(PS) =    2405.000  TEMP(K) =   300.70  PRESS =     0.0
 Etot   =   -317467.6899  EKtot   =     49148.6641  EPtot      =   -366616.3539
 BOND   =       360.4252  ANGLE   =      1234.6887  DIHED      =      1562.1052
 1-4 NB =       329.7801  1-4 EEL =     -3570.3798  VDWAALS    =     45434.8712
 EELEC  =   -411984.5446  EHBOND  =         0.0000  RESTRAINT  =        16.7000
 EAMBER (non-restraint)  =   -366633.0539
 EKCMT  =         0.0000  VIRIAL  =         0.0000  VOLUME     =    813623.9780
                                                    Density    =         1.0135
 ------------------------------------------------------------------------------

| MC Barostat: Decreasing size of volume moves
| MC Barostat: Decreasing size of volume moves
| MC Barostat: Decreasing size of volume moves

 NSTEP =     5000   TIME(PS) =    2410.000  TEMP(K) =   299.08  PRESS =     0.0
 Etot   =   -318187.3101  EKtot   =     48883.4453  EPtot      =   -367070.7555
 BOND   =       350.7780  ANGLE   =      1269.2529  DIHED      =      1579.6864
 1-4 NB =       329.2374  1-4 EEL =     -3589.6109  VDWAALS    =     45780.0643
 EELEC  =   -412808.0132  EHBOND  =         0.0000  RESTRAINT  =        17.8496
 EAMBER (non-restraint)  =   -367088.6051
 EKCMT  =         0.0000  VIRIAL  =         0.0000  VOLUME     =    813789.5632
                                                    Density    =         1.0133
 ------------------------------------------------------------------------------

| MC Barostat: Decreasing size of volume moves
| MC Barostat: Decreasing size of volume moves

 NSTEP =     7500   TIME(PS) =    2415.000  TEMP(K) =   300.72  PRESS =     0.0
 Etot   =   -317760.1663  EKtot   =     49151.5391  EPtot      =   -366911.7054
 BOND   =       365.6515  ANGLE   =      1297.1694  DIHED      =      1582.8783
 1-4 NB =       324.0181  1-4 EEL =     -3567.6920  VDWAALS    =     46248.9656
 EELEC  =   -413183.7354  EHBOND  =         0.0000  RESTRAINT  =        21.0391
 EAMBER (non-restraint)  =   -366932.7444
 EKCMT  =         0.0000  VIRIAL  =         0.0000  VOLUME     =    813789.5632
                                                    Density    =         1.0133
 ------------------------------------------------------------------------------

| MC Barostat: Decreasing size of volume moves
| MC Barostat: Decreasing size of volume moves
| MC Barostat: Decreasing size of volume moves

 NSTEP =    10000   TIME(PS) =    2420.000  TEMP(K) =   300.48  PRESS =     0.0
 Etot   =   -317845.0309  EKtot   =     49113.4961  EPtot      =   -366958.5270
 BOND   =       356.0397  ANGLE   =      1239.8736  DIHED      =      1592.4177
 1-4 NB =       314.0599  1-4 EEL =     -3599.8068  VDWAALS    =     45932.9782
 EELEC  =   -412814.5051  EHBOND  =         0.0000  RESTRAINT  =        20.4156
 EAMBER (non-restraint)  =   -366978.9427
 EKCMT  =         0.0000  VIRIAL  =         0.0000  VOLUME     =    814651.4890
                                                    Density    =         1.0122
 ------------------------------------------------------------------------------

| MC Barostat: Decreasing size of volume moves
| MC Barostat: Decreasing size of volume moves

 NSTEP =    12500   TIME(PS) =    2425.000  TEMP(K) =   300.18  PRESS =     0.0
 Etot   =   -318133.7869  EKtot   =     49063.9492  EPtot      =   -367197.7362
 BOND   =       351.3033  ANGLE   =      1267.7777  DIHED      =      1590.5358
 1-4 NB =       334.5470  1-4 EEL =     -3610.9412  VDWAALS    =     46039.5032
 EELEC  =   -413197.9430  EHBOND  =         0.0000  RESTRAINT  =        27.4812
 EAMBER (non-restraint)  =   -367225.2173
 EKCMT  =         0.0000  VIRIAL  =         0.0000  VOLUME     =    814571.2500
                                                    Density    =         1.0123
 ------------------------------------------------------------------------------

| MC Barostat: Decreasing size of volume moves
| MC Barostat: Decreasing size of volume moves

 NSTEP =    15000   TIME(PS) =    2430.000  TEMP(K) =   300.42  PRESS =     0.0
 Etot   =   -318235.6277  EKtot   =     49103.3750  EPtot      =   -367339.0027
 BOND   =       374.3239  ANGLE   =      1269.0917  DIHED      =      1586.9439
 1-4 NB =       316.5451  1-4 EEL =     -3609.4970  VDWAALS    =     45566.8438
 EELEC  =   -412864.4640  EHBOND  =         0.0000  RESTRAINT  =        21.2098
 EAMBER (non-restraint)  =   -367360.2125
 EKCMT  =         0.0000  VIRIAL  =         0.0000  VOLUME     =    815197.4852
                                                    Density    =         1.0116
 ------------------------------------------------------------------------------

| MC Barostat: Decreasing size of volume moves
| MC Barostat: Decreasing size of volume moves

 NSTEP =    17500   TIME(PS) =    2435.000  TEMP(K) =   301.02  PRESS =     0.0
 Etot   =   -318121.6320  EKtot   =     49200.4531  EPtot      =   -367322.0851
 BOND   =       378.3628  ANGLE   =      1221.6618  DIHED      =      1582.4219
 1-4 NB =       318.4770  1-4 EEL =     -3594.0165  VDWAALS    =     45885.2753
 EELEC  =   -413138.6628  EHBOND  =         0.0000  RESTRAINT  =        24.3955
 EAMBER (non-restraint)  =   -367346.4806
 EKCMT  =         0.0000  VIRIAL  =         0.0000  VOLUME     =    815663.3760
                                                    Density    =         1.0110
 ------------------------------------------------------------------------------

| MC Barostat: Decreasing size of volume moves
| MC Barostat: Decreasing size of volume moves

 NSTEP =    20000   TIME(PS) =    2440.000  TEMP(K) =   298.72  PRESS =     0.0
 Etot   =   -317528.4800  EKtot   =     48824.4570  EPtot      =   -366352.9370
 BOND   =       354.2637  ANGLE   =      1302.3453  DIHED      =      1589.9800
 1-4 NB =       323.2092  1-4 EEL =     -3597.7840  VDWAALS    =     45926.6514
 EELEC  =   -412280.9104  EHBOND  =         0.0000  RESTRAINT  =        29.3078
 EAMBER (non-restraint)  =   -366382.2448
 EKCMT  =         0.0000  VIRIAL  =         0.0000  VOLUME     =    814276.8677
                                                    Density    =         1.0127
 ------------------------------------------------------------------------------


 NSTEP =    22500   TIME(PS) =    2445.000  TEMP(K) =   298.21  PRESS =     0.0
 Etot   =   -318419.0354  EKtot   =     48741.0703  EPtot      =   -367160.1057
 BOND   =       366.7102  ANGLE   =      1250.5390  DIHED      =      1555.3290
 1-4 NB =       320.6559  1-4 EEL =     -3626.7343  VDWAALS    =     45253.0146
 EELEC  =   -412304.6970  EHBOND  =         0.0000  RESTRAINT  =        25.0770
 EAMBER (non-restraint)  =   -367185.1826
 EKCMT  =         0.0000  VIRIAL  =         0.0000  VOLUME     =    814030.1131
                                                    Density    =         1.0130
 ------------------------------------------------------------------------------


 NSTEP =    25000   TIME(PS) =    2450.000  TEMP(K) =   301.15  PRESS =     0.0
 Etot   =   -317686.5141  EKtot   =     49222.5195  EPtot      =   -366909.0337
 BOND   =       364.5324  ANGLE   =      1263.0205  DIHED      =      1566.0483
 1-4 NB =       316.8841  1-4 EEL =     -3583.3223  VDWAALS    =     45783.2379
 EELEC  =   -412647.0092  EHBOND  =         0.0000  RESTRAINT  =        27.5746
 EAMBER (non-restraint)  =   -366936.6083
 EKCMT  =         0.0000  VIRIAL  =         0.0000  VOLUME     =    815707.5472
                                                    Density    =         1.0109
 ------------------------------------------------------------------------------


 NSTEP =    27500   TIME(PS) =    2455.000  TEMP(K) =   300.34  PRESS =     0.0
 Etot   =   -317732.5415  EKtot   =     49090.5234  EPtot      =   -366823.0650
 BOND   =       379.4564  ANGLE   =      1318.9150  DIHED      =      1582.0848
 1-4 NB =       336.6614  1-4 EEL =     -3600.9296  VDWAALS    =     46058.8983
 EELEC  =   -412925.0618  EHBOND  =         0.0000  RESTRAINT  =        26.9105
 EAMBER (non-restraint)  =   -366849.9754
 EKCMT  =         0.0000  VIRIAL  =         0.0000  VOLUME     =    815141.0153
                                                    Density    =         1.0116
 ------------------------------------------------------------------------------


 NSTEP =    30000   TIME(PS) =    2460.000  TEMP(K) =   298.44  PRESS =     0.0
 Etot   =   -318254.0419  EKtot   =     48779.0664  EPtot      =   -367033.1083
 BOND   =       356.0347  ANGLE   =      1270.6988  DIHED      =      1618.5931
 1-4 NB =       325.2650  1-4 EEL =     -3615.5639  VDWAALS    =     45812.4799
 EELEC  =   -412821.7619  EHBOND  =         0.0000  RESTRAINT  =        21.1459
 EAMBER (non-restraint)  =   -367054.2543
 EKCMT  =         0.0000  VIRIAL  =         0.0000  VOLUME     =    813954.4254
                                                    Density    =         1.0131
 ------------------------------------------------------------------------------


 NSTEP =    32500   TIME(PS) =    2465.000  TEMP(K) =   299.85  PRESS =     0.0
 Etot   =   -318175.1898  EKtot   =     49010.3477  EPtot      =   -367185.5375
 BOND   =       385.5488  ANGLE   =      1293.2004  DIHED      =      1570.6697
 1-4 NB =       325.9865  1-4 EEL =     -3605.5676  VDWAALS    =     46123.9669
 EELEC  =   -413306.7398  EHBOND  =         0.0000  RESTRAINT  =        27.3977
 EAMBER (non-restraint)  =   -367212.9351
 EKCMT  =         0.0000  VIRIAL  =         0.0000  VOLUME     =    813424.9996
                                                    Density    =         1.0138
 ------------------------------------------------------------------------------


 NSTEP =    35000   TIME(PS) =    2470.000  TEMP(K) =   300.64  PRESS =     0.0
 Etot   =   -317566.7209  EKtot   =     49138.6953  EPtot      =   -366705.4162
 BOND   =       357.7589  ANGLE   =      1224.2981  DIHED      =      1582.7370
 1-4 NB =       326.7940  1-4 EEL =     -3581.1068  VDWAALS    =     45796.0035
 EELEC  =   -412437.9465  EHBOND  =         0.0000  RESTRAINT  =        26.0456
 EAMBER (non-restraint)  =   -366731.4618
 EKCMT  =         0.0000  VIRIAL  =         0.0000  VOLUME     =    812409.1885
                                                    Density    =         1.0150
 ------------------------------------------------------------------------------


 NSTEP =    37500   TIME(PS) =    2475.000  TEMP(K) =   300.88  PRESS =     0.0
 Etot   =   -318288.3833  EKtot   =     49177.7070  EPtot      =   -367466.0904
 BOND   =       374.8295  ANGLE   =      1278.5826  DIHED      =      1577.9398
 1-4 NB =       308.0349  1-4 EEL =     -3609.7822  VDWAALS    =     45877.8412
 EELEC  =   -413296.0337  EHBOND  =         0.0000  RESTRAINT  =        22.4976
 EAMBER (non-restraint)  =   -367488.5880
 EKCMT  =         0.0000  VIRIAL  =         0.0000  VOLUME     =    813591.6116
                                                    Density    =         1.0136
 ------------------------------------------------------------------------------


 NSTEP =    40000   TIME(PS) =    2480.000  TEMP(K) =   298.84  PRESS =     0.0
 Etot   =   -318077.8646  EKtot   =     48844.2930  EPtot      =   -366922.1576
 BOND   =       378.4131  ANGLE   =      1234.3372  DIHED      =      1578.7637
 1-4 NB =       329.4923  1-4 EEL =     -3623.5969  VDWAALS    =     45652.7292
 EELEC  =   -412497.7848  EHBOND  =         0.0000  RESTRAINT  =        25.4886
 EAMBER (non-restraint)  =   -366947.6462
 EKCMT  =         0.0000  VIRIAL  =         0.0000  VOLUME     =    814261.6513
                                                    Density    =         1.0127
 ------------------------------------------------------------------------------


 NSTEP =    42500   TIME(PS) =    2485.000  TEMP(K) =   299.59  PRESS =     0.0
 Etot   =   -318241.2385  EKtot   =     48967.8242  EPtot      =   -367209.0627
 BOND   =       369.0722  ANGLE   =      1264.6898  DIHED      =      1593.1363
 1-4 NB =       326.8796  1-4 EEL =     -3616.9481  VDWAALS    =     45529.5221
 EELEC  =   -412703.5046  EHBOND  =         0.0000  RESTRAINT  =        28.0900
 EAMBER (non-restraint)  =   -367237.1527
 EKCMT  =         0.0000  VIRIAL  =         0.0000  VOLUME     =    814010.3228
                                                    Density    =         1.0130
 ------------------------------------------------------------------------------


 NSTEP =    45000   TIME(PS) =    2490.000  TEMP(K) =   298.25  PRESS =     0.0
 Etot   =   -318292.5629  EKtot   =     48748.7188  EPtot      =   -367041.2816
 BOND   =       376.4669  ANGLE   =      1266.2420  DIHED      =      1548.0832
 1-4 NB =       330.8863  1-4 EEL =     -3615.2120  VDWAALS    =     45418.7978
 EELEC  =   -412390.6536  EHBOND  =         0.0000  RESTRAINT  =        24.1078
 EAMBER (non-restraint)  =   -367065.3894
 EKCMT  =         0.0000  VIRIAL  =         0.0000  VOLUME     =    813729.2808
                                                    Density    =         1.0134
 ------------------------------------------------------------------------------


 NSTEP =    47500   TIME(PS) =    2495.000  TEMP(K) =   301.35  PRESS =     0.0
 Etot   =   -317875.4498  EKtot   =     49255.2188  EPtot      =   -367130.6686
 BOND   =       354.6994  ANGLE   =      1255.2142  DIHED      =      1577.2817
 1-4 NB =       325.2089  1-4 EEL =     -3604.4536  VDWAALS    =     46272.8185
 EELEC  =   -413343.9221  EHBOND  =         0.0000  RESTRAINT  =        32.4845
 EAMBER (non-restraint)  =   -367163.1531
 EKCMT  =         0.0000  VIRIAL  =         0.0000  VOLUME     =    814420.8208
                                                    Density    =         1.0125
 ------------------------------------------------------------------------------


 NSTEP =    50000   TIME(PS) =    2500.000  TEMP(K) =   300.78  PRESS =     0.0
 Etot   =   -317409.1022  EKtot   =     49161.9492  EPtot      =   -366571.0514
 BOND   =       352.1820  ANGLE   =      1299.9245  DIHED      =      1573.8163
 1-4 NB =       326.2295  1-4 EEL =     -3611.0497  VDWAALS    =     45498.5047
 EELEC  =   -412042.6801  EHBOND  =         0.0000  RESTRAINT  =        32.0213
 EAMBER (non-restraint)  =   -366603.0727
 EKCMT  =         0.0000  VIRIAL  =         0.0000  VOLUME     =    815458.1086
                                                    Density    =         1.0112
 ------------------------------------------------------------------------------


 NSTEP =    52500   TIME(PS) =    2505.000  TEMP(K) =   300.40  PRESS =     0.0
 Etot   =   -317884.6059  EKtot   =     49098.9648  EPtot      =   -366983.5707
 BOND   =       352.3969  ANGLE   =      1289.2603  DIHED      =      1603.9351
 1-4 NB =       321.8446  1-4 EEL =     -3595.7141  VDWAALS    =     45822.6676
 EELEC  =   -412805.5453  EHBOND  =         0.0000  RESTRAINT  =        27.5841
 EAMBER (non-restraint)  =   -367011.1549
 EKCMT  =         0.0000  VIRIAL  =         0.0000  VOLUME     =    816158.8821
                                                    Density    =         1.0104
 ------------------------------------------------------------------------------


 NSTEP =    55000   TIME(PS) =    2510.000  TEMP(K) =   299.59  PRESS =     0.0
 Etot   =   -318025.2266  EKtot   =     48966.9336  EPtot      =   -366992.1602
 BOND   =       349.4071  ANGLE   =      1290.8699  DIHED      =      1595.4605
 1-4 NB =       314.0120  1-4 EEL =     -3593.8549  VDWAALS    =     45709.5630
 EELEC  =   -412683.9495  EHBOND  =         0.0000  RESTRAINT  =        26.3317
 EAMBER (non-restraint)  =   -367018.4919
 EKCMT  =         0.0000  VIRIAL  =         0.0000  VOLUME     =    815455.3576
                                                    Density    =         1.0112
 ------------------------------------------------------------------------------


 NSTEP =    57500   TIME(PS) =    2515.000  TEMP(K) =   301.65  PRESS =     0.0
 Etot   =   -318184.6426  EKtot   =     49304.1875  EPtot      =   -367488.8301
 BOND   =       355.7697  ANGLE   =      1276.7896  DIHED      =      1586.5468
 1-4 NB =       322.3108  1-4 EEL =     -3597.9111  VDWAALS    =     46148.2785
 EELEC  =   -413608.5662  EHBOND  =         0.0000  RESTRAINT  =        27.9519
 EAMBER (non-restraint)  =   -367516.7820
 EKCMT  =         0.0000  VIRIAL  =         0.0000  VOLUME     =    812794.9690
                                                    Density    =         1.0146
 ------------------------------------------------------------------------------


 NSTEP =    60000   TIME(PS) =    2520.000  TEMP(K) =   300.69  PRESS =     0.0
 Etot   =   -318135.5658  EKtot   =     49146.9961  EPtot      =   -367282.5619
 BOND   =       349.6973  ANGLE   =      1301.2387  DIHED      =      1587.8199
 1-4 NB =       325.5671  1-4 EEL =     -3597.2596  VDWAALS    =     45858.7473
 EELEC  =   -413128.6274  EHBOND  =         0.0000  RESTRAINT  =        20.2548
 EAMBER (non-restraint)  =   -367302.8167
 EKCMT  =         0.0000  VIRIAL  =         0.0000  VOLUME     =    813537.9704
                                                    Density    =         1.0136
 ------------------------------------------------------------------------------


 NSTEP =    62500   TIME(PS) =    2525.000  TEMP(K) =   299.57  PRESS =     0.0
 Etot   =   -317827.0054  EKtot   =     48963.7344  EPtot      =   -366790.7397
 BOND   =       377.7294  ANGLE   =      1259.5083  DIHED      =      1594.1667
 1-4 NB =       313.2565  1-4 EEL =     -3594.1664  VDWAALS    =     45569.6151
 EELEC  =   -412335.4497  EHBOND  =         0.0000  RESTRAINT  =        24.6004
 EAMBER (non-restraint)  =   -366815.3402
 EKCMT  =         0.0000  VIRIAL  =         0.0000  VOLUME     =    813498.5032
                                                    Density    =         1.0137
 ------------------------------------------------------------------------------


 NSTEP =    65000   TIME(PS) =    2530.000  TEMP(K) =   302.10  PRESS =     0.0
 Etot   =   -317431.0505  EKtot   =     49377.4805  EPtot      =   -366808.5309
 BOND   =       375.9181  ANGLE   =      1307.0421  DIHED      =      1596.7329
 1-4 NB =       334.1101  1-4 EEL =     -3584.8557  VDWAALS    =     46049.7695
 EELEC  =   -412914.6758  EHBOND  =         0.0000  RESTRAINT  =        27.4280
 EAMBER (non-restraint)  =   -366835.9589
 EKCMT  =         0.0000  VIRIAL  =         0.0000  VOLUME     =    813728.2024
                                                    Density    =         1.0134
 ------------------------------------------------------------------------------


 NSTEP =    67500   TIME(PS) =    2535.000  TEMP(K) =   298.89  PRESS =     0.0
 Etot   =   -318102.4814  EKtot   =     48852.5469  EPtot      =   -366955.0282
 BOND   =       361.3474  ANGLE   =      1238.9715  DIHED      =      1595.8939
 1-4 NB =       336.5571  1-4 EEL =     -3592.5909  VDWAALS    =     45853.3129
 EELEC  =   -412773.9702  EHBOND  =         0.0000  RESTRAINT  =        25.4502
 EAMBER (non-restraint)  =   -366980.4784
 EKCMT  =         0.0000  VIRIAL  =         0.0000  VOLUME     =    815372.3815
                                                    Density    =         1.0114
 ------------------------------------------------------------------------------


 NSTEP =    70000   TIME(PS) =    2540.000  TEMP(K) =   300.86  PRESS =     0.0
 Etot   =   -317683.0929  EKtot   =     49174.6641  EPtot      =   -366857.7569
 BOND   =       335.1940  ANGLE   =      1304.3191  DIHED      =      1603.3280
 1-4 NB =       318.8547  1-4 EEL =     -3594.3536  VDWAALS    =     46198.7859
 EELEC  =   -413051.9858  EHBOND  =         0.0000  RESTRAINT  =        28.1008
 EAMBER (non-restraint)  =   -366885.8577
 EKCMT  =         0.0000  VIRIAL  =         0.0000  VOLUME     =    815038.7805
                                                    Density    =         1.0118
 ------------------------------------------------------------------------------


 NSTEP =    72500   TIME(PS) =    2545.000  TEMP(K) =   300.68  PRESS =     0.0
 Etot   =   -317765.5295  EKtot   =     49145.3984  EPtot      =   -366910.9280
 BOND   =       365.1077  ANGLE   =      1268.1671  DIHED      =      1580.8009
 1-4 NB =       322.0455  1-4 EEL =     -3594.1105  VDWAALS    =     45859.7288
 EELEC  =   -412746.2181  EHBOND  =         0.0000  RESTRAINT  =        33.5507
 EAMBER (non-restraint)  =   -366944.4786
 EKCMT  =         0.0000  VIRIAL  =         0.0000  VOLUME     =    814581.2109
                                                    Density    =         1.0123
 ------------------------------------------------------------------------------


 NSTEP =    75000   TIME(PS) =    2550.000  TEMP(K) =   301.41  PRESS =     0.0
 Etot   =   -317877.3205  EKtot   =     49264.0273  EPtot      =   -367141.3478
 BOND   =       355.8712  ANGLE   =      1287.4043  DIHED      =      1625.7872
 1-4 NB =       325.9964  1-4 EEL =     -3599.0390  VDWAALS    =     46042.1676
 EELEC  =   -413210.4268  EHBOND  =         0.0000  RESTRAINT  =        30.8914
 EAMBER (non-restraint)  =   -367172.2392
 EKCMT  =         0.0000  VIRIAL  =         0.0000  VOLUME     =    814491.3523
                                                    Density    =         1.0124
 ------------------------------------------------------------------------------


 NSTEP =    77500   TIME(PS) =    2555.000  TEMP(K) =   299.79  PRESS =     0.0
 Etot   =   -318069.1418  EKtot   =     49000.1523  EPtot      =   -367069.2941
 BOND   =       347.4875  ANGLE   =      1287.9260  DIHED      =      1576.7040
 1-4 NB =       321.2545  1-4 EEL =     -3590.3377  VDWAALS    =     45015.3757
 EELEC  =   -412054.7049  EHBOND  =         0.0000  RESTRAINT  =        27.0007
 EAMBER (non-restraint)  =   -367096.2949
 EKCMT  =         0.0000  VIRIAL  =         0.0000  VOLUME     =    814246.7944
                                                    Density    =         1.0127
 ------------------------------------------------------------------------------


 NSTEP =    80000   TIME(PS) =    2560.000  TEMP(K) =   301.25  PRESS =     0.0
 Etot   =   -318071.7076  EKtot   =     49237.8477  EPtot      =   -367309.5552
 BOND   =       349.2927  ANGLE   =      1270.8057  DIHED      =      1615.1954
 1-4 NB =       320.8250  1-4 EEL =     -3614.8616  VDWAALS    =     45848.7345
 EELEC  =   -413129.0735  EHBOND  =         0.0000  RESTRAINT  =        29.5266
 EAMBER (non-restraint)  =   -367339.0818
 EKCMT  =         0.0000  VIRIAL  =         0.0000  VOLUME     =    813984.2389
                                                    Density    =         1.0131
 ------------------------------------------------------------------------------


 NSTEP =    82500   TIME(PS) =    2565.000  TEMP(K) =   297.46  PRESS =     0.0
 Etot   =   -318606.4768  EKtot   =     48619.3086  EPtot      =   -367225.7854
 BOND   =       365.1516  ANGLE   =      1242.4536  DIHED      =      1575.3264
 1-4 NB =       330.3265  1-4 EEL =     -3606.2391  VDWAALS    =     46265.7944
 EELEC  =   -413429.1327  EHBOND  =         0.0000  RESTRAINT  =        30.5340
 EAMBER (non-restraint)  =   -367256.3195
 EKCMT  =         0.0000  VIRIAL  =         0.0000  VOLUME     =    814032.0408
                                                    Density    =         1.0130
 ------------------------------------------------------------------------------


 NSTEP =    85000   TIME(PS) =    2570.000  TEMP(K) =   299.24  PRESS =     0.0
 Etot   =   -317549.8426  EKtot   =     48909.5508  EPtot      =   -366459.3933
 BOND   =       365.0210  ANGLE   =      1296.9412  DIHED      =      1622.7814
 1-4 NB =       341.4428  1-4 EEL =     -3567.4263  VDWAALS    =     45568.5820
 EELEC  =   -412119.5998  EHBOND  =         0.0000  RESTRAINT  =        32.8645
 EAMBER (non-restraint)  =   -366492.2578
 EKCMT  =         0.0000  VIRIAL  =         0.0000  VOLUME     =    814195.2384
                                                    Density    =         1.0128
 ------------------------------------------------------------------------------


 NSTEP =    87500   TIME(PS) =    2575.000  TEMP(K) =   301.64  PRESS =     0.0
 Etot   =   -317692.5193  EKtot   =     49302.2070  EPtot      =   -366994.7263
 BOND   =       396.0089  ANGLE   =      1241.1970  DIHED      =      1589.6765
 1-4 NB =       329.0529  1-4 EEL =     -3562.3120  VDWAALS    =     45936.0582
 EELEC  =   -412953.3356  EHBOND  =         0.0000  RESTRAINT  =        28.9278
 EAMBER (non-restraint)  =   -367023.6541
 EKCMT  =         0.0000  VIRIAL  =         0.0000  VOLUME     =    813656.2144
                                                    Density    =         1.0135
 ------------------------------------------------------------------------------


 NSTEP =    90000   TIME(PS) =    2580.000  TEMP(K) =   299.80  PRESS =     0.0
 Etot   =   -318039.2223  EKtot   =     49002.0781  EPtot      =   -367041.3004
 BOND   =       363.4935  ANGLE   =      1260.9653  DIHED      =      1583.2216
 1-4 NB =       329.2874  1-4 EEL =     -3559.1131  VDWAALS    =     45682.6347
 EELEC  =   -412728.2978  EHBOND  =         0.0000  RESTRAINT  =        26.5080
 EAMBER (non-restraint)  =   -367067.8083
 EKCMT  =         0.0000  VIRIAL  =         0.0000  VOLUME     =    813310.2916
                                                    Density    =         1.0139
 ------------------------------------------------------------------------------


 NSTEP =    92500   TIME(PS) =    2585.000  TEMP(K) =   299.99  PRESS =     0.0
 Etot   =   -317795.4848  EKtot   =     49033.0195  EPtot      =   -366828.5043
 BOND   =       352.5947  ANGLE   =      1272.4182  DIHED      =      1572.0883
 1-4 NB =       323.6587  1-4 EEL =     -3593.3087  VDWAALS    =     45787.5432
 EELEC  =   -412571.8981  EHBOND  =         0.0000  RESTRAINT  =        28.3992
 EAMBER (non-restraint)  =   -366856.9035
 EKCMT  =         0.0000  VIRIAL  =         0.0000  VOLUME     =    813849.7362
                                                    Density    =         1.0132
 ------------------------------------------------------------------------------


 NSTEP =    95000   TIME(PS) =    2590.000  TEMP(K) =   301.10  PRESS =     0.0
 Etot   =   -317826.8825  EKtot   =     49214.1914  EPtot      =   -367041.0739
 BOND   =       348.2565  ANGLE   =      1314.9621  DIHED      =      1588.2662
 1-4 NB =       327.6989  1-4 EEL =     -3613.0263  VDWAALS    =     45200.7880
 EELEC  =   -412239.6165  EHBOND  =         0.0000  RESTRAINT  =        31.5971
 EAMBER (non-restraint)  =   -367072.6710
 EKCMT  =         0.0000  VIRIAL  =         0.0000  VOLUME     =    813207.7689
                                                    Density    =         1.0140
 ------------------------------------------------------------------------------


 NSTEP =    97500   TIME(PS) =    2595.000  TEMP(K) =   300.31  PRESS =     0.0
 Etot   =   -317884.8532  EKtot   =     49085.7266  EPtot      =   -366970.5797
 BOND   =       369.7067  ANGLE   =      1260.3024  DIHED      =      1576.2717
 1-4 NB =       335.3853  1-4 EEL =     -3614.9975  VDWAALS    =     45786.4800
 EELEC  =   -412711.2458  EHBOND  =         0.0000  RESTRAINT  =        27.5174
 EAMBER (non-restraint)  =   -366998.0971
 EKCMT  =         0.0000  VIRIAL  =         0.0000  VOLUME     =    814377.5750
                                                    Density    =         1.0126
 ------------------------------------------------------------------------------


 NSTEP =   100000   TIME(PS) =    2600.000  TEMP(K) =   299.26  PRESS =     0.0
 Etot   =   -318037.7834  EKtot   =     48913.6328  EPtot      =   -366951.4162
 BOND   =       355.8322  ANGLE   =      1285.7476  DIHED      =      1593.9772
 1-4 NB =       322.3546  1-4 EEL =     -3624.0666  VDWAALS    =     45405.9016
 EELEC  =   -412320.3571  EHBOND  =         0.0000  RESTRAINT  =        29.1943
 EAMBER (non-restraint)  =   -366980.6105
 EKCMT  =         0.0000  VIRIAL  =         0.0000  VOLUME     =    813729.7803
                                                    Density    =         1.0134
 ------------------------------------------------------------------------------


 NSTEP =   102500   TIME(PS) =    2605.000  TEMP(K) =   300.92  PRESS =     0.0
 Etot   =   -317260.9684  EKtot   =     49184.4219  EPtot      =   -366445.3903
 BOND   =       362.7773  ANGLE   =      1329.9395  DIHED      =      1575.9236
 1-4 NB =       329.1781  1-4 EEL =     -3620.7003  VDWAALS    =     45984.1387
 EELEC  =   -412435.4289  EHBOND  =         0.0000  RESTRAINT  =        28.7817
 EAMBER (non-restraint)  =   -366474.1720
 EKCMT  =         0.0000  VIRIAL  =         0.0000  VOLUME     =    815167.2109
                                                    Density    =         1.0116
 ------------------------------------------------------------------------------


 NSTEP =   105000   TIME(PS) =    2610.000  TEMP(K) =   300.50  PRESS =     0.0
 Etot   =   -317951.0355  EKtot   =     49115.3359  EPtot      =   -367066.3714
 BOND   =       341.9176  ANGLE   =      1247.8309  DIHED      =      1613.7676
 1-4 NB =       318.5375  1-4 EEL =     -3583.5847  VDWAALS    =     45987.1677
 EELEC  =   -413018.6986  EHBOND  =         0.0000  RESTRAINT  =        26.6907
 EAMBER (non-restraint)  =   -367093.0621
 EKCMT  =         0.0000  VIRIAL  =         0.0000  VOLUME     =    814905.4502
                                                    Density    =         1.0119
 ------------------------------------------------------------------------------


 NSTEP =   107500   TIME(PS) =    2615.000  TEMP(K) =   300.11  PRESS =     0.0
 Etot   =   -318297.4022  EKtot   =     49052.2227  EPtot      =   -367349.6248
 BOND   =       366.0733  ANGLE   =      1280.4515  DIHED      =      1585.5356
 1-4 NB =       329.2430  1-4 EEL =     -3628.8383  VDWAALS    =     46470.7858
 EELEC  =   -413777.9093  EHBOND  =         0.0000  RESTRAINT  =        25.0336
 EAMBER (non-restraint)  =   -367374.6584
 EKCMT  =         0.0000  VIRIAL  =         0.0000  VOLUME     =    814796.5827
                                                    Density    =         1.0121
 ------------------------------------------------------------------------------


 NSTEP =   110000   TIME(PS) =    2620.000  TEMP(K) =   299.63  PRESS =     0.0
 Etot   =   -317728.4446  EKtot   =     48973.1211  EPtot      =   -366701.5657
 BOND   =       365.1028  ANGLE   =      1273.7700  DIHED      =      1569.7585
 1-4 NB =       324.0077  1-4 EEL =     -3611.1530  VDWAALS    =     45710.7215
 EELEC  =   -412361.7952  EHBOND  =         0.0000  RESTRAINT  =        28.0220
 EAMBER (non-restraint)  =   -366729.5877
 EKCMT  =         0.0000  VIRIAL  =         0.0000  VOLUME     =    816292.7812
                                                    Density    =         1.0102
 ------------------------------------------------------------------------------


 NSTEP =   112500   TIME(PS) =    2625.000  TEMP(K) =   299.71  PRESS =     0.0
 Etot   =   -318048.0469  EKtot   =     48987.2461  EPtot      =   -367035.2930
 BOND   =       362.8914  ANGLE   =      1255.8209  DIHED      =      1608.6992
 1-4 NB =       319.8762  1-4 EEL =     -3602.6020  VDWAALS    =     45936.8749
 EELEC  =   -412942.5940  EHBOND  =         0.0000  RESTRAINT  =        25.7404
 EAMBER (non-restraint)  =   -367061.0334
 EKCMT  =         0.0000  VIRIAL  =         0.0000  VOLUME     =    814333.1769
                                                    Density    =         1.0126
 ------------------------------------------------------------------------------


 NSTEP =   115000   TIME(PS) =    2630.000  TEMP(K) =   301.47  PRESS =     0.0
 Etot   =   -317995.9978  EKtot   =     49273.9258  EPtot      =   -367269.9236
 BOND   =       386.8279  ANGLE   =      1302.8905  DIHED      =      1572.8935
 1-4 NB =       332.5687  1-4 EEL =     -3597.7766  VDWAALS    =     46129.2760
 EELEC  =   -413426.0269  EHBOND  =         0.0000  RESTRAINT  =        29.4234
 EAMBER (non-restraint)  =   -367299.3470
 EKCMT  =         0.0000  VIRIAL  =         0.0000  VOLUME     =    814965.4733
                                                    Density    =         1.0119
 ------------------------------------------------------------------------------


 NSTEP =   117500   TIME(PS) =    2635.000  TEMP(K) =   299.80  PRESS =     0.0
 Etot   =   -317957.8726  EKtot   =     49001.8867  EPtot      =   -366959.7593
 BOND   =       368.8498  ANGLE   =      1345.2217  DIHED      =      1604.0485
 1-4 NB =       322.0029  1-4 EEL =     -3599.1906  VDWAALS    =     45557.8336
 EELEC  =   -412582.3234  EHBOND  =         0.0000  RESTRAINT  =        23.7983
 EAMBER (non-restraint)  =   -366983.5576
 EKCMT  =         0.0000  VIRIAL  =         0.0000  VOLUME     =    813862.0422
                                                    Density    =         1.0132
 ------------------------------------------------------------------------------


 NSTEP =   120000   TIME(PS) =    2640.000  TEMP(K) =   300.86  PRESS =     0.0
 Etot   =   -318006.9527  EKtot   =     49175.0273  EPtot      =   -367181.9800
 BOND   =       358.2181  ANGLE   =      1236.8248  DIHED      =      1590.5476
 1-4 NB =       330.8617  1-4 EEL =     -3595.0777  VDWAALS    =     45742.5182
 EELEC  =   -412871.8523  EHBOND  =         0.0000  RESTRAINT  =        25.9795
 EAMBER (non-restraint)  =   -367207.9596
 EKCMT  =         0.0000  VIRIAL  =         0.0000  VOLUME     =    813770.2047
                                                    Density    =         1.0133
 ------------------------------------------------------------------------------


 NSTEP =   122500   TIME(PS) =    2645.000  TEMP(K) =   300.72  PRESS =     0.0
 Etot   =   -317631.0988  EKtot   =     49151.1602  EPtot      =   -366782.2589
 BOND   =       382.2097  ANGLE   =      1263.3761  DIHED      =      1584.4379
 1-4 NB =       324.2384  1-4 EEL =     -3603.7820  VDWAALS    =     45995.9147
 EELEC  =   -412757.3792  EHBOND  =         0.0000  RESTRAINT  =        28.7254
 EAMBER (non-restraint)  =   -366810.9844
 EKCMT  =         0.0000  VIRIAL  =         0.0000  VOLUME     =    814903.4762
                                                    Density    =         1.0119
 ------------------------------------------------------------------------------


 NSTEP =   125000   TIME(PS) =    2650.000  TEMP(K) =   300.03  PRESS =     0.0
 Etot   =   -317836.3099  EKtot   =     49038.8711  EPtot      =   -366875.1810
 BOND   =       349.8245  ANGLE   =      1275.0762  DIHED      =      1575.7585
 1-4 NB =       334.8338  1-4 EEL =     -3592.6319  VDWAALS    =     44827.0170
 EELEC  =   -411671.4701  EHBOND  =         0.0000  RESTRAINT  =        26.4108
 EAMBER (non-restraint)  =   -366901.5919
 EKCMT  =         0.0000  VIRIAL  =         0.0000  VOLUME     =    815520.1664
                                                    Density    =         1.0112
 ------------------------------------------------------------------------------


      A V E R A G E S   O V E R      50 S T E P S


 NSTEP =   125000   TIME(PS) =    2650.000  TEMP(K) =   300.18  PRESS =     0.0
 Etot   =   -317930.0587  EKtot   =     49063.8636  EPtot      =   -366993.9223
 BOND   =       362.8566  ANGLE   =      1273.8003  DIHED      =      1586.7361
 1-4 NB =       325.4008  1-4 EEL =     -3599.1775  VDWAALS    =     45796.9149
 EELEC  =   -412767.0546  EHBOND  =         0.0000  RESTRAINT  =        26.6012
 EAMBER (non-restraint)  =   -367020.5234
 EKCMT  =         0.0000  VIRIAL  =         0.0000  VOLUME     =    814349.3302
                                                    Density    =         1.0126
 ------------------------------------------------------------------------------


      R M S  F L U C T U A T I O N S


 NSTEP =   125000   TIME(PS) =    2650.000  TEMP(K) =     0.99  PRESS =     0.0
 Etot   =       280.4896  EKtot   =       162.0699  EPtot      =       249.7359
 BOND   =        12.4557  ANGLE   =        27.0825  DIHED      =        16.0270
 1-4 NB =         6.7321  1-4 EEL =        16.0753  VDWAALS    =       320.2935
 EELEC  =       443.2923  EHBOND  =         0.0000  RESTRAINT  =         3.6438
 EAMBER (non-restraint)  =       246.0922
 EKCMT  =         0.0000  VIRIAL  =         0.0000  VOLUME     =       837.1091
                                                    Density    =         0.0010
 ------------------------------------------------------------------------------

| MC Barostat:       1250 volume changes attempted.
| MC Barostat:        327 changes successful ( 26.16%)
 ------------------------------------------------------------------------------

--------------------------------------------------------------------------------
   5.  TIMINGS
--------------------------------------------------------------------------------

|  NonSetup CPU Time in Major Routines:
|
|     Routine           Sec        %
|     ------------------------------
|     Nonbond          14.76   11.76
|     Bond              0.00    0.00
|     Angle             0.00    0.00
|     Dihedral          0.00    0.00
|     Shake             0.67    0.53
|     RunMD           105.11   83.75
|     Other             4.97    3.96
|     ------------------------------
|     Total           125.51

|  PME Nonbond Pairlist CPU Time:
|
|     Routine              Sec        %
|     ---------------------------------
|     Set Up Cit           0.00    0.00
|     Build List           0.00    0.00
|     ---------------------------------
|     Total                0.00    0.00

|  PME Direct Force CPU Time:
|
|     Routine              Sec        %
|     ---------------------------------
|     NonBonded Calc       0.00    0.00
|     Exclude Masked       0.00    0.00
|     Other                0.14    0.11
|     ---------------------------------
|     Total                0.14    0.11

|  PME Reciprocal Force CPU Time:
|
|     Routine              Sec        %
|     ---------------------------------
|     1D bspline           0.00    0.00
|     Grid Charges         0.00    0.00
|     Scalar Sum           0.00    0.00
|     Gradient Sum         0.00    0.00
|     FFT                  0.00    0.00
|     ---------------------------------
|     Total                0.00    0.00

|  Final Performance Info:
|     -----------------------------------------------------
|     Average timings for last    2500 steps:
|     Elapsed(s) =       2.53 Per Step(ms) =       1.01
|         ns/day =     170.74   seconds/ns =     506.03
|
|     Average timings for all steps:
|     Elapsed(s) =     125.62 Per Step(ms) =       1.00
|         ns/day =     171.95   seconds/ns =     502.47
|     -----------------------------------------------------

|  Setup CPU time:            1.04 seconds
|  NonSetup CPU time:       125.51 seconds
|  Total CPU time:          126.55 seconds     0.04 hours

|  Setup wall time:           1    seconds
|  NonSetup wall time:      126    seconds
|  Total wall time:         127    seconds     0.04 hours
