
          -------------------------------------------------------
          Amber 24 PMEMD                              2024
          -------------------------------------------------------

| PMEMD implementation of SANDER, Release 24

|  Compiled date/time: Thu Apr  3 14:55:38 2025
| Run on 05/16/2026 at 00:37:46

|   Executable path: pmemd.cuda
| Working directory: /home/anugraha/IDP/equilibrate
|          Hostname: sapphire-0

  [-O]verwriting output

File Assignments:
|   MDIN: equil_npt_polish.in                                                   
|  MDOUT: chunks/npt_06.out                                                     
| INPCRD: chunks/npt_05.rst7                                                    
|   PARM: /home/anugraha/IDP/build/complex.prmtop                               
| RESTRT: chunks/npt_06.rst7                                                    
|   REFC: chunks/npt_05.rst7                                                    
|  MDVEL: mdvel                                                                 
|   MDEN: mden                                                                  
|  MDCRD: chunks/npt_06.nc                                                      
| MDINFO: chunks/npt_06.mdinfo                                                  
|  MDFRC: mdfrc                                                                 


 Here is the input file:

NPT polish chunk: 250 ps, 300 K, 0.1 kcal backbone restraint, MC barostat      
 &cntrl                                                                        
  imin   = 0,                                                                  
  irest  = 1, ntx = 5,                                                         
  nstlim = 125000, dt = 0.002,                                                 
  ntc    = 2, ntf = 2,                                                         
  cut    = 10.0,                                                               
  ntb    = 2,                                                                  
  ntp    = 1, barostat = 2, pres0 = 1.0, mcbarint = 100,                       
  ntt    = 3, gamma_ln = 2.0, temp0 = 300.0,                                   
  ntr    = 1,                                                                  
  restraint_wt = 0.1,                                                          
  restraintmask = "(:1-140) & @N,CA,C,O",                                      
  ig     = -1,                                                                 
  ntpr   = 2500, ntwx = 2500, ntwr = 25000,                                    
  iwrap  = 1, ioutfm = 1,                                                      
 /                                                                             


Note: ig = -1. Setting random seed to   653204 based on wallclock time in 
      microseconds.
| irandom = 1, using AMBER's internal random number generator (default).
 
|--------------------- INFORMATION ----------------------
| GPU (CUDA) Version of PMEMD in use: NVIDIA GPU IN USE.
|                    Version 18.0.0
| 
|                      03/25/2018
| 
| Implementation by:
|                    Ross C. Walker     (SDSC)
|                    Scott Le Grand     (nVIDIA)
| 
| Version 18 performance extensions by:
|                    David Cerutti     (Rutgers)
| 
| Precision model in use:
|      [SPFP] - Single Precision Forces, 64-bit Fixed Point
|               Accumulation. (Default)
| 
|--------------------------------------------------------
 
|----------------- CITATION INFORMATION -----------------
|
|    When publishing work that utilized the CUDA version
|    of AMBER, please cite the following in addition to
|    the regular AMBER citations:
|
|  - Romelia Salomon-Ferrer; Andreas W. Goetz; Duncan
|    Poole; Scott Le Grand; Ross C. Walker "Routine
|    microsecond molecular dynamics simulations with
|    AMBER - Part II: Particle Mesh Ewald", J. Chem.
|    Theory Comput., 2013, 9 (9), pp3878-3888,
|    DOI: 10.1021/ct400314y.
|
|  - Andreas W. Goetz; Mark J. Williamson; Dong Xu;
|    Duncan Poole; Scott Le Grand; Ross C. Walker
|    "Routine microsecond molecular dynamics simulations
|    with AMBER - Part I: Generalized Born", J. Chem.
|    Theory Comput., 2012, 8 (5), pp1542-1555.
|
|  - Scott Le Grand; Andreas W. Goetz; Ross C. Walker
|    "SPFP: Speed without compromise - a mixed precision
|    model for GPU accelerated molecular dynamics
|    simulations.", Comp. Phys. Comm., 2013, 184
|    pp374-380, DOI: 10.1016/j.cpc.2012.09.022
|
|--------------------------------------------------------
 
|------------------- GPU DEVICE INFO --------------------
|
|            CUDA_VISIBLE_DEVICES: 0
|   CUDA Capable Devices Detected:      1
|           CUDA Device ID in use:      0
|                CUDA Device Name: NVIDIA A100-SXM4-80GB
|     CUDA Device Global Mem Size:  81152 MB
| CUDA Device Num Multiprocessors:    108
|           CUDA Device Core Freq:   1.41 GHz
|
|--------------------------------------------------------
 
 
| Conditional Compilation Defines Used:
| PUBFFT
| BINTRAJ
| CUDA
| EMIL

| Largest sphere to fit in unit cell has radius =    30.519

| New format PARM file being parsed.
| Version =    1.000 Date = 05/15/26 Time = 17:24:49

| Note: 1-4 EEL scale factors are being read from the topology file.

| Note: 1-4 VDW scale factors are being read from the topology file.
| INFO:    Virtual site frames will be inferred from bonding patterns.
| INFO: Off Diagonal (NBFIX) LJ terms found in prmtop file.
|       The prmtop file has been modified to support atom
|       type based pairwise Lennard-Jones terms.
| Duplicated    0 dihedrals

| Duplicated    0 dihedrals

--------------------------------------------------------------------------------
   1.  RESOURCE   USE: 
--------------------------------------------------------------------------------

 getting box info from netcdf restart file
 NATOM  =  108126 NTYPES =      32 NBONH =   80449 MBONA  =   27522
 NTHETH =   28829 MTHETA =    1412 NPHIH =    4993 MPHIA  =    4071
 NHPARM =       0 NPARM  =       0 NNB   =  196844 NRES   =   26785
 NBONA  =   27522 NTHETA =    1412 NPHIA =    4071 NUMBND =      74
 NUMANG =     152 NPTRA  =     108 NATYP =      51 NPHB   =       0
 IFBOX  =       1 NMXRS  =      38 IFCAP =       0 NEXTRA =   26476
 NCOPY  =       0

| Coordinate Index Table dimensions:    13   32   11
| Direct force subcell size =     5.7950    5.5337    5.5490

     BOX TYPE: RECTILINEAR

--------------------------------------------------------------------------------
   2.  CONTROL  DATA  FOR  THE  RUN
--------------------------------------------------------------------------------

default_name                                                                    

General flags:
     imin    =       0, nmropt  =       0

Nature and format of input:
     ntx     =       5, irest   =       1, ntrx    =       1

Nature and format of output:
     ntxo    =       2, ntpr    =    2500, ntrx    =       1, ntwr    =   25000
     iwrap   =       1, ntwx    =    2500, ntwv    =       0, ntwe    =       0
     ioutfm  =       1, ntwprt  =       0, idecomp =       0, rbornstat=      0

Potential function:
     ntf     =       2, ntb     =       2, igb     =       0, nsnb    =      25
     ipol    =       0, gbsa    =       0, iesp    =       0
     dielc   =   1.00000, cut     =  10.00000, intdiel =   1.00000

Frozen or restrained atoms:
     ibelly  =       0, ntr     =       1
     restraint_wt =   0.10000

Molecular dynamics:
     nstlim  =    125000, nscm    =         0, nrespa  =         1
     t       =   0.00000, dt      =   0.00200, vlimit  =  -1.00000

Langevin dynamics temperature regulation:
     ig      =  653204
     temp0   = 300.00000, tempi   =   0.00000, gamma_ln=   2.00000

Pressure regulation:
     ntp     =       1
     pres0   =   1.00000, comp    =  44.60000, taup    =   1.00000
     Monte-Carlo Barostat:
     mcbarint  =     100

SHAKE:
     ntc     =       2, jfastw  =       0
     tol     =   0.00001

| Intermolecular bonds treatment:
|     no_intermolecular_bonds =       1

| Energy averages sample interval:
|     ene_avg_sampling =    2500

Extra-points options:
     frameon =       1, chngmask=       1

Ewald parameters:
     verbose =       0, ew_type =       0, nbflag  =       1, use_pme =       1
     vdwmeth =       1, eedmeth =       1, netfrc  =       1
     Box X =   75.335   Box Y =  177.078   Box Z =   61.039
     Alpha =   90.000   Beta  =   90.000   Gamma =   90.000
     NFFT1 =   80       NFFT2 =  180       NFFT3 =   64
     Cutoff=   10.000   Tol   =0.100E-04
     Ewald Coefficient =  0.27511
     Interpolation order =    4

    LOADING THE CONSTRAINED ATOMS AS GROUPS


   5.  REFERENCE ATOM COORDINATES

  default_name                                                                    
     Mask (:1-140) & @N,CA,C,O; matches   560 atoms
|      EXTRA_PTS, trim_bonds: num bonds BEFORE trim = 80449     0
|      EXTRA_PTS, trim_bonds: num bonds AFTER  trim = 80449     0
|      EXTRA_PTS, trim_bonds: num bonds BEFORE trim = 27522     0
|      EXTRA_PTS, trim_bonds: num bonds AFTER  trim =  1046     0
|      EXTRA_PTS, trim_theta: num angle BEFORE trim = 28829     0
|      EXTRA_PTS, trim_theta: num angle AFTER  trim = 28829     0
|      EXTRA_PTS, trim_theta: num angle BEFORE trim =  1412     0
|      EXTRA_PTS, trim_theta: num angle AFTER  trim =  1412     0
|      EXTRA_PTS, trim_phi:  num diheds BEFORE trim =  4993     0
|      EXTRA_PTS, trim_phi:  num diheds AFTER  trim =  4993     0
|      EXTRA_PTS, trim_phi:  num diheds BEFORE trim =  4071     0
|      EXTRA_PTS, trim_phi:  num diheds AFTER  trim =  4071     0
| MONTE CARLO BAROSTAT IMPORTANT NOTE:
|   The Monte-Carlo barostat does not require the virial to adjust the system volume.
|   Since it is an expensive calculation, it is skipped for efficiency. A side-effect
|   is that the reported pressure is always 0 because it is not calculated.

--------------------------------------------------------------------------------
   3.  ATOMIC COORDINATES AND VELOCITIES
--------------------------------------------------------------------------------

default_name                                                                    
 begin time read from input coords =  1150.000 ps

 
 Number of triangulated 3-point waters found:    26476

     Sum of charges from parm topology file =  -0.00201509
     Forcing neutrality...

| Dynamic Memory, Types Used:
| Reals             4815083
| Integers          9375957

| Nonbonded Pairs Initial Allocation:    32705411

| GPU memory information (estimate):
| KB of GPU memory in use:    829143
| KB of CPU memory in use:    182199

--------------------------------------------------------------------------------
   4.  RESULTS
--------------------------------------------------------------------------------

| MC Barostat: Decreasing size of volume moves
| MC Barostat: Decreasing size of volume moves

 NSTEP =     2500   TIME(PS) =    1155.000  TEMP(K) =   301.08  PRESS =     0.0
 Etot   =   -317642.7527  EKtot   =     49211.2539  EPtot      =   -366854.0066
 BOND   =       349.3761  ANGLE   =      1273.9771  DIHED      =      1608.3730
 1-4 NB =       334.4521  1-4 EEL =     -3610.3222  VDWAALS    =     45945.8390
 EELEC  =   -412778.4352  EHBOND  =         0.0000  RESTRAINT  =        22.7335
 EAMBER (non-restraint)  =   -366876.7401
 EKCMT  =         0.0000  VIRIAL  =         0.0000  VOLUME     =    814269.4118
                                                    Density    =         1.0127
 ------------------------------------------------------------------------------

| MC Barostat: Decreasing size of volume moves
| MC Barostat: Decreasing size of volume moves
| MC Barostat: Decreasing size of volume moves

 NSTEP =     5000   TIME(PS) =    1160.000  TEMP(K) =   299.17  PRESS =     0.0
 Etot   =   -318133.3612  EKtot   =     48899.2344  EPtot      =   -367032.5956
 BOND   =       377.4018  ANGLE   =      1275.8276  DIHED      =      1586.0172
 1-4 NB =       322.3035  1-4 EEL =     -3599.1535  VDWAALS    =     45653.9316
 EELEC  =   -412668.8247  EHBOND  =         0.0000  RESTRAINT  =        19.9008
 EAMBER (non-restraint)  =   -367052.4964
 EKCMT  =         0.0000  VIRIAL  =         0.0000  VOLUME     =    814269.4118
                                                    Density    =         1.0127
 ------------------------------------------------------------------------------

| MC Barostat: Decreasing size of volume moves
| MC Barostat: Decreasing size of volume moves

 NSTEP =     7500   TIME(PS) =    1165.000  TEMP(K) =   297.47  PRESS =     0.0
 Etot   =   -318273.3127  EKtot   =     48620.1562  EPtot      =   -366893.4690
 BOND   =       349.1461  ANGLE   =      1224.4317  DIHED      =      1544.8198
 1-4 NB =       320.2237  1-4 EEL =     -3577.2303  VDWAALS    =     45736.3083
 EELEC  =   -412512.8800  EHBOND  =         0.0000  RESTRAINT  =        21.7118
 EAMBER (non-restraint)  =   -366915.1807
 EKCMT  =         0.0000  VIRIAL  =         0.0000  VOLUME     =    814562.5812
                                                    Density    =         1.0124
 ------------------------------------------------------------------------------

| MC Barostat: Decreasing size of volume moves
| MC Barostat: Decreasing size of volume moves

 NSTEP =    10000   TIME(PS) =    1170.000  TEMP(K) =   299.27  PRESS =     0.0
 Etot   =   -318063.1425  EKtot   =     48914.5781  EPtot      =   -366977.7206
 BOND   =       380.8351  ANGLE   =      1232.0611  DIHED      =      1613.6895
 1-4 NB =       332.4930  1-4 EEL =     -3558.5409  VDWAALS    =     45963.1354
 EELEC  =   -412967.5643  EHBOND  =         0.0000  RESTRAINT  =        26.1705
 EAMBER (non-restraint)  =   -367003.8912
 EKCMT  =         0.0000  VIRIAL  =         0.0000  VOLUME     =    814528.4155
                                                    Density    =         1.0124
 ------------------------------------------------------------------------------

| MC Barostat: Decreasing size of volume moves
| MC Barostat: Decreasing size of volume moves

 NSTEP =    12500   TIME(PS) =    1175.000  TEMP(K) =   298.88  PRESS =     0.0
 Etot   =   -317537.2253  EKtot   =     48850.5703  EPtot      =   -366387.7956
 BOND   =       380.9775  ANGLE   =      1261.5268  DIHED      =      1625.7805
 1-4 NB =       328.0093  1-4 EEL =     -3573.6188  VDWAALS    =     45031.8747
 EELEC  =   -411468.8191  EHBOND  =         0.0000  RESTRAINT  =        26.4735
 EAMBER (non-restraint)  =   -366414.2691
 EKCMT  =         0.0000  VIRIAL  =         0.0000  VOLUME     =    813683.4411
                                                    Density    =         1.0135
 ------------------------------------------------------------------------------

| MC Barostat: Decreasing size of volume moves
| MC Barostat: Decreasing size of volume moves

 NSTEP =    15000   TIME(PS) =    1180.000  TEMP(K) =   299.65  PRESS =     0.0
 Etot   =   -318238.2346  EKtot   =     48977.3203  EPtot      =   -367215.5550
 BOND   =       365.6036  ANGLE   =      1262.0632  DIHED      =      1587.3156
 1-4 NB =       312.4445  1-4 EEL =     -3628.1818  VDWAALS    =     45931.8884
 EELEC  =   -413074.8036  EHBOND  =         0.0000  RESTRAINT  =        28.1152
 EAMBER (non-restraint)  =   -367243.6701
 EKCMT  =         0.0000  VIRIAL  =         0.0000  VOLUME     =    814140.8822
                                                    Density    =         1.0129
 ------------------------------------------------------------------------------


 NSTEP =    17500   TIME(PS) =    1185.000  TEMP(K) =   299.57  PRESS =     0.0
 Etot   =   -317892.7417  EKtot   =     48963.6406  EPtot      =   -366856.3824
 BOND   =       367.5158  ANGLE   =      1260.6868  DIHED      =      1600.3073
 1-4 NB =       336.0394  1-4 EEL =     -3621.7837  VDWAALS    =     45862.6628
 EELEC  =   -412690.4860  EHBOND  =         0.0000  RESTRAINT  =        28.6752
 EAMBER (non-restraint)  =   -366885.0575
 EKCMT  =         0.0000  VIRIAL  =         0.0000  VOLUME     =    812114.6183
                                                    Density    =         1.0154
 ------------------------------------------------------------------------------

| MC Barostat: Decreasing size of volume moves
| MC Barostat: Decreasing size of volume moves
| MC Barostat: Decreasing size of volume moves

 NSTEP =    20000   TIME(PS) =    1190.000  TEMP(K) =   299.19  PRESS =     0.0
 Etot   =   -318291.5317  EKtot   =     48901.3828  EPtot      =   -367192.9145
 BOND   =       373.4079  ANGLE   =      1268.1045  DIHED      =      1602.1104
 1-4 NB =       316.6978  1-4 EEL =     -3608.3504  VDWAALS    =     46025.5016
 EELEC  =   -413199.5024  EHBOND  =         0.0000  RESTRAINT  =        29.1161
 EAMBER (non-restraint)  =   -367222.0306
 EKCMT  =         0.0000  VIRIAL  =         0.0000  VOLUME     =    811680.4872
                                                    Density    =         1.0160
 ------------------------------------------------------------------------------


 NSTEP =    22500   TIME(PS) =    1195.000  TEMP(K) =   299.72  PRESS =     0.0
 Etot   =   -317527.1099  EKtot   =     48987.7031  EPtot      =   -366514.8130
 BOND   =       391.8806  ANGLE   =      1250.1031  DIHED      =      1596.7093
 1-4 NB =       330.3431  1-4 EEL =     -3594.4207  VDWAALS    =     45392.7202
 EELEC  =   -411907.2750  EHBOND  =         0.0000  RESTRAINT  =        25.1263
 EAMBER (non-restraint)  =   -366539.9393
 EKCMT  =         0.0000  VIRIAL  =         0.0000  VOLUME     =    813047.6379
                                                    Density    =         1.0142
 ------------------------------------------------------------------------------

| MC Barostat: Decreasing size of volume moves

 NSTEP =    25000   TIME(PS) =    1200.000  TEMP(K) =   299.90  PRESS =     0.0
 Etot   =   -317706.2935  EKtot   =     49017.7891  EPtot      =   -366724.0826
 BOND   =       373.8352  ANGLE   =      1308.9977  DIHED      =      1607.7052
 1-4 NB =       323.2703  1-4 EEL =     -3610.1774  VDWAALS    =     45646.7240
 EELEC  =   -412401.6983  EHBOND  =         0.0000  RESTRAINT  =        27.2608
 EAMBER (non-restraint)  =   -366751.3434
 EKCMT  =         0.0000  VIRIAL  =         0.0000  VOLUME     =    812671.9179
                                                    Density    =         1.0147
 ------------------------------------------------------------------------------

| MC Barostat: Decreasing size of volume moves
| MC Barostat: Decreasing size of volume moves

 NSTEP =    27500   TIME(PS) =    1205.000  TEMP(K) =   300.85  PRESS =     0.0
 Etot   =   -317677.6468  EKtot   =     49173.4531  EPtot      =   -366851.1000
 BOND   =       381.9925  ANGLE   =      1258.5835  DIHED      =      1606.5442
 1-4 NB =       338.6144  1-4 EEL =     -3595.5982  VDWAALS    =     46055.1045
 EELEC  =   -412921.4099  EHBOND  =         0.0000  RESTRAINT  =        25.0691
 EAMBER (non-restraint)  =   -366876.1690
 EKCMT  =         0.0000  VIRIAL  =         0.0000  VOLUME     =    814165.0180
                                                    Density    =         1.0129
 ------------------------------------------------------------------------------


 NSTEP =    30000   TIME(PS) =    1210.000  TEMP(K) =   298.93  PRESS =     0.0
 Etot   =   -317763.6220  EKtot   =     48860.0234  EPtot      =   -366623.6455
 BOND   =       358.6372  ANGLE   =      1289.2193  DIHED      =      1582.1440
 1-4 NB =       320.0994  1-4 EEL =     -3598.9955  VDWAALS    =     46092.7962
 EELEC  =   -412696.2455  EHBOND  =         0.0000  RESTRAINT  =        28.6994
 EAMBER (non-restraint)  =   -366652.3449
 EKCMT  =         0.0000  VIRIAL  =         0.0000  VOLUME     =    813959.9365
                                                    Density    =         1.0131
 ------------------------------------------------------------------------------


 NSTEP =    32500   TIME(PS) =    1215.000  TEMP(K) =   299.41  PRESS =     0.0
 Etot   =   -318265.4764  EKtot   =     48937.1055  EPtot      =   -367202.5819
 BOND   =       382.1362  ANGLE   =      1280.6359  DIHED      =      1596.8915
 1-4 NB =       327.4665  1-4 EEL =     -3594.4937  VDWAALS    =     45942.0263
 EELEC  =   -413166.5700  EHBOND  =         0.0000  RESTRAINT  =        29.3254
 EAMBER (non-restraint)  =   -367231.9073
 EKCMT  =         0.0000  VIRIAL  =         0.0000  VOLUME     =    812677.6079
                                                    Density    =         1.0147
 ------------------------------------------------------------------------------


 NSTEP =    35000   TIME(PS) =    1220.000  TEMP(K) =   300.34  PRESS =     0.0
 Etot   =   -317841.9254  EKtot   =     49089.7852  EPtot      =   -366931.7106
 BOND   =       360.1666  ANGLE   =      1270.8869  DIHED      =      1575.7572
 1-4 NB =       321.6911  1-4 EEL =     -3602.1886  VDWAALS    =     45398.5543
 EELEC  =   -412284.4362  EHBOND  =         0.0000  RESTRAINT  =        27.8581
 EAMBER (non-restraint)  =   -366959.5687
 EKCMT  =         0.0000  VIRIAL  =         0.0000  VOLUME     =    813481.6759
                                                    Density    =         1.0137
 ------------------------------------------------------------------------------


 NSTEP =    37500   TIME(PS) =    1225.000  TEMP(K) =   299.20  PRESS =     0.0
 Etot   =   -318224.2066  EKtot   =     48903.5078  EPtot      =   -367127.7144
 BOND   =       376.1641  ANGLE   =      1243.7190  DIHED      =      1595.7772
 1-4 NB =       326.8944  1-4 EEL =     -3589.2797  VDWAALS    =     45336.6116
 EELEC  =   -412444.8120  EHBOND  =         0.0000  RESTRAINT  =        27.2111
 EAMBER (non-restraint)  =   -367154.9256
 EKCMT  =         0.0000  VIRIAL  =         0.0000  VOLUME     =    811906.1686
                                                    Density    =         1.0157
 ------------------------------------------------------------------------------


 NSTEP =    40000   TIME(PS) =    1230.000  TEMP(K) =   299.83  PRESS =     0.0
 Etot   =   -317623.9061  EKtot   =     49007.1562  EPtot      =   -366631.0624
 BOND   =       359.7152  ANGLE   =      1258.1912  DIHED      =      1612.6188
 1-4 NB =       333.0024  1-4 EEL =     -3617.4371  VDWAALS    =     45669.8386
 EELEC  =   -412277.5099  EHBOND  =         0.0000  RESTRAINT  =        30.5184
 EAMBER (non-restraint)  =   -366661.5808
 EKCMT  =         0.0000  VIRIAL  =         0.0000  VOLUME     =    814050.7878
                                                    Density    =         1.0130
 ------------------------------------------------------------------------------


 NSTEP =    42500   TIME(PS) =    1235.000  TEMP(K) =   301.12  PRESS =     0.0
 Etot   =   -317779.5885  EKtot   =     49217.6172  EPtot      =   -366997.2057
 BOND   =       379.2411  ANGLE   =      1288.1033  DIHED      =      1586.7842
 1-4 NB =       321.3543  1-4 EEL =     -3601.8313  VDWAALS    =     45858.6552
 EELEC  =   -412861.9758  EHBOND  =         0.0000  RESTRAINT  =        32.4634
 EAMBER (non-restraint)  =   -367029.6691
 EKCMT  =         0.0000  VIRIAL  =         0.0000  VOLUME     =    813991.0784
                                                    Density    =         1.0131
 ------------------------------------------------------------------------------


 NSTEP =    45000   TIME(PS) =    1240.000  TEMP(K) =   299.43  PRESS =     0.0
 Etot   =   -318228.4052  EKtot   =     48940.5742  EPtot      =   -367168.9794
 BOND   =       364.9588  ANGLE   =      1248.3699  DIHED      =      1574.9066
 1-4 NB =       329.9656  1-4 EEL =     -3595.4443  VDWAALS    =     45982.1964
 EELEC  =   -413106.3780  EHBOND  =         0.0000  RESTRAINT  =        32.4455
 EAMBER (non-restraint)  =   -367201.4249
 EKCMT  =         0.0000  VIRIAL  =         0.0000  VOLUME     =    813767.6234
                                                    Density    =         1.0133
 ------------------------------------------------------------------------------


 NSTEP =    47500   TIME(PS) =    1245.000  TEMP(K) =   301.42  PRESS =     0.0
 Etot   =   -318082.9137  EKtot   =     49266.4023  EPtot      =   -367349.3161
 BOND   =       346.7508  ANGLE   =      1273.1092  DIHED      =      1581.5302
 1-4 NB =       325.1175  1-4 EEL =     -3610.6742  VDWAALS    =     45861.5940
 EELEC  =   -413151.8588  EHBOND  =         0.0000  RESTRAINT  =        25.1153
 EAMBER (non-restraint)  =   -367374.4314
 EKCMT  =         0.0000  VIRIAL  =         0.0000  VOLUME     =    812474.4931
                                                    Density    =         1.0150
 ------------------------------------------------------------------------------


 NSTEP =    50000   TIME(PS) =    1250.000  TEMP(K) =   298.87  PRESS =     0.0
 Etot   =   -317649.0533  EKtot   =     48849.2969  EPtot      =   -366498.3501
 BOND   =       375.7422  ANGLE   =      1304.0831  DIHED      =      1598.9397
 1-4 NB =       324.2761  1-4 EEL =     -3599.5437  VDWAALS    =     45421.2200
 EELEC  =   -411949.0962  EHBOND  =         0.0000  RESTRAINT  =        26.0287
 EAMBER (non-restraint)  =   -366524.3788
 EKCMT  =         0.0000  VIRIAL  =         0.0000  VOLUME     =    811593.8894
                                                    Density    =         1.0161
 ------------------------------------------------------------------------------


 NSTEP =    52500   TIME(PS) =    1255.000  TEMP(K) =   298.94  PRESS =     0.0
 Etot   =   -317610.2043  EKtot   =     48861.6523  EPtot      =   -366471.8566
 BOND   =       367.0361  ANGLE   =      1271.1740  DIHED      =      1569.7766
 1-4 NB =       332.5445  1-4 EEL =     -3617.9234  VDWAALS    =     45554.7215
 EELEC  =   -411974.7494  EHBOND  =         0.0000  RESTRAINT  =        25.5636
 EAMBER (non-restraint)  =   -366497.4202
 EKCMT  =         0.0000  VIRIAL  =         0.0000  VOLUME     =    813001.9967
                                                    Density    =         1.0143
 ------------------------------------------------------------------------------


 NSTEP =    55000   TIME(PS) =    1260.000  TEMP(K) =   298.26  PRESS =     0.0
 Etot   =   -318170.3155  EKtot   =     48749.1836  EPtot      =   -366919.4991
 BOND   =       348.4195  ANGLE   =      1298.9717  DIHED      =      1581.7133
 1-4 NB =       332.1135  1-4 EEL =     -3578.4868  VDWAALS    =     46065.1198
 EELEC  =   -413000.7473  EHBOND  =         0.0000  RESTRAINT  =        33.3973
 EAMBER (non-restraint)  =   -366952.8964
 EKCMT  =         0.0000  VIRIAL  =         0.0000  VOLUME     =    813849.1727
                                                    Density    =         1.0132
 ------------------------------------------------------------------------------


 NSTEP =    57500   TIME(PS) =    1265.000  TEMP(K) =   299.67  PRESS =     0.0
 Etot   =   -317767.3915  EKtot   =     48979.7031  EPtot      =   -366747.0946
 BOND   =       400.8355  ANGLE   =      1218.3753  DIHED      =      1612.1086
 1-4 NB =       334.7410  1-4 EEL =     -3604.5068  VDWAALS    =     46015.6293
 EELEC  =   -412755.9027  EHBOND  =         0.0000  RESTRAINT  =        31.6250
 EAMBER (non-restraint)  =   -366778.7197
 EKCMT  =         0.0000  VIRIAL  =         0.0000  VOLUME     =    812951.4577
                                                    Density    =         1.0144
 ------------------------------------------------------------------------------


 NSTEP =    60000   TIME(PS) =    1270.000  TEMP(K) =   299.90  PRESS =     0.0
 Etot   =   -318422.1655  EKtot   =     49018.6602  EPtot      =   -367440.8257
 BOND   =       331.6828  ANGLE   =      1243.0035  DIHED      =      1591.9440
 1-4 NB =       317.1611  1-4 EEL =     -3592.3494  VDWAALS    =     45689.3103
 EELEC  =   -413055.1167  EHBOND  =         0.0000  RESTRAINT  =        33.5386
 EAMBER (non-restraint)  =   -367474.3643
 EKCMT  =         0.0000  VIRIAL  =         0.0000  VOLUME     =    811354.4934
                                                    Density    =         1.0164
 ------------------------------------------------------------------------------


 NSTEP =    62500   TIME(PS) =    1275.000  TEMP(K) =   301.09  PRESS =     0.0
 Etot   =   -317891.6820  EKtot   =     49211.8945  EPtot      =   -367103.5765
 BOND   =       355.3037  ANGLE   =      1307.4975  DIHED      =      1594.0615
 1-4 NB =       327.3083  1-4 EEL =     -3608.0233  VDWAALS    =     45816.3417
 EELEC  =   -412928.5136  EHBOND  =         0.0000  RESTRAINT  =        32.4477
 EAMBER (non-restraint)  =   -367136.0243
 EKCMT  =         0.0000  VIRIAL  =         0.0000  VOLUME     =    813666.9899
                                                    Density    =         1.0135
 ------------------------------------------------------------------------------


 NSTEP =    65000   TIME(PS) =    1280.000  TEMP(K) =   299.86  PRESS =     0.0
 Etot   =   -317684.7047  EKtot   =     49010.8750  EPtot      =   -366695.5797
 BOND   =       339.3110  ANGLE   =      1286.5039  DIHED      =      1590.6837
 1-4 NB =       328.8707  1-4 EEL =     -3632.4838  VDWAALS    =     45901.1081
 EELEC  =   -412542.7196  EHBOND  =         0.0000  RESTRAINT  =        33.1463
 EAMBER (non-restraint)  =   -366728.7260
 EKCMT  =         0.0000  VIRIAL  =         0.0000  VOLUME     =    814806.4134
                                                    Density    =         1.0121
 ------------------------------------------------------------------------------


 NSTEP =    67500   TIME(PS) =    1285.000  TEMP(K) =   299.87  PRESS =     0.0
 Etot   =   -317881.2367  EKtot   =     49013.6133  EPtot      =   -366894.8500
 BOND   =       358.8726  ANGLE   =      1254.5984  DIHED      =      1626.3279
 1-4 NB =       320.7409  1-4 EEL =     -3588.6300  VDWAALS    =     45916.4790
 EELEC  =   -412812.8784  EHBOND  =         0.0000  RESTRAINT  =        29.6397
 EAMBER (non-restraint)  =   -366924.4897
 EKCMT  =         0.0000  VIRIAL  =         0.0000  VOLUME     =    815211.1496
                                                    Density    =         1.0116
 ------------------------------------------------------------------------------


 NSTEP =    70000   TIME(PS) =    1290.000  TEMP(K) =   300.67  PRESS =     0.0
 Etot   =   -318063.5174  EKtot   =     49143.8438  EPtot      =   -367207.3611
 BOND   =       381.6978  ANGLE   =      1281.9925  DIHED      =      1581.4160
 1-4 NB =       335.2332  1-4 EEL =     -3582.7883  VDWAALS    =     46597.4392
 EELEC  =   -413837.2142  EHBOND  =         0.0000  RESTRAINT  =        34.8627
 EAMBER (non-restraint)  =   -367242.2238
 EKCMT  =         0.0000  VIRIAL  =         0.0000  VOLUME     =    813403.5910
                                                    Density    =         1.0138
 ------------------------------------------------------------------------------


 NSTEP =    72500   TIME(PS) =    1295.000  TEMP(K) =   300.95  PRESS =     0.0
 Etot   =   -318322.0612  EKtot   =     49189.8398  EPtot      =   -367511.9010
 BOND   =       313.3722  ANGLE   =      1237.4367  DIHED      =      1595.1717
 1-4 NB =       339.1830  1-4 EEL =     -3607.7098  VDWAALS    =     45794.8919
 EELEC  =   -413218.5382  EHBOND  =         0.0000  RESTRAINT  =        34.2914
 EAMBER (non-restraint)  =   -367546.1923
 EKCMT  =         0.0000  VIRIAL  =         0.0000  VOLUME     =    814119.5429
                                                    Density    =         1.0129
 ------------------------------------------------------------------------------


 NSTEP =    75000   TIME(PS) =    1300.000  TEMP(K) =   298.46  PRESS =     0.0
 Etot   =   -317989.8591  EKtot   =     48782.5938  EPtot      =   -366772.4528
 BOND   =       382.8934  ANGLE   =      1239.2785  DIHED      =      1603.7354
 1-4 NB =       337.1753  1-4 EEL =     -3586.9348  VDWAALS    =     45262.8039
 EELEC  =   -412041.1410  EHBOND  =         0.0000  RESTRAINT  =        29.7364
 EAMBER (non-restraint)  =   -366802.1892
 EKCMT  =         0.0000  VIRIAL  =         0.0000  VOLUME     =    812909.5950
                                                    Density    =         1.0144
 ------------------------------------------------------------------------------


 NSTEP =    77500   TIME(PS) =    1305.000  TEMP(K) =   299.57  PRESS =     0.0
 Etot   =   -317644.8539  EKtot   =     48963.3711  EPtot      =   -366608.2250
 BOND   =       345.8768  ANGLE   =      1247.7822  DIHED      =      1606.1425
 1-4 NB =       327.4969  1-4 EEL =     -3577.6724  VDWAALS    =     45508.5200
 EELEC  =   -412098.3479  EHBOND  =         0.0000  RESTRAINT  =        31.9768
 EAMBER (non-restraint)  =   -366640.2018
 EKCMT  =         0.0000  VIRIAL  =         0.0000  VOLUME     =    813043.2838
                                                    Density    =         1.0142
 ------------------------------------------------------------------------------


 NSTEP =    80000   TIME(PS) =    1310.000  TEMP(K) =   301.42  PRESS =     0.0
 Etot   =   -317889.5924  EKtot   =     49267.0977  EPtot      =   -367156.6900
 BOND   =       376.5196  ANGLE   =      1268.5726  DIHED      =      1590.2763
 1-4 NB =       330.7983  1-4 EEL =     -3596.2828  VDWAALS    =     45976.0089
 EELEC  =   -413138.9290  EHBOND  =         0.0000  RESTRAINT  =        36.3461
 EAMBER (non-restraint)  =   -367193.0361
 EKCMT  =         0.0000  VIRIAL  =         0.0000  VOLUME     =    812928.8715
                                                    Density    =         1.0144
 ------------------------------------------------------------------------------


 NSTEP =    82500   TIME(PS) =    1315.000  TEMP(K) =   300.96  PRESS =     0.0
 Etot   =   -317469.9249  EKtot   =     49191.3086  EPtot      =   -366661.2335
 BOND   =       342.2470  ANGLE   =      1304.9211  DIHED      =      1603.2524
 1-4 NB =       329.4135  1-4 EEL =     -3577.8690  VDWAALS    =     45986.9526
 EELEC  =   -412684.1896  EHBOND  =         0.0000  RESTRAINT  =        34.0386
 EAMBER (non-restraint)  =   -366695.2721
 EKCMT  =         0.0000  VIRIAL  =         0.0000  VOLUME     =    815401.4350
                                                    Density    =         1.0113
 ------------------------------------------------------------------------------


 NSTEP =    85000   TIME(PS) =    1320.000  TEMP(K) =   301.09  PRESS =     0.0
 Etot   =   -317834.2757  EKtot   =     49212.3477  EPtot      =   -367046.6234
 BOND   =       389.0535  ANGLE   =      1258.1820  DIHED      =      1606.0259
 1-4 NB =       327.4929  1-4 EEL =     -3614.2264  VDWAALS    =     45798.0180
 EELEC  =   -412845.7074  EHBOND  =         0.0000  RESTRAINT  =        34.5382
 EAMBER (non-restraint)  =   -367081.1615
 EKCMT  =         0.0000  VIRIAL  =         0.0000  VOLUME     =    814866.0246
                                                    Density    =         1.0120
 ------------------------------------------------------------------------------


 NSTEP =    87500   TIME(PS) =    1325.000  TEMP(K) =   301.06  PRESS =     0.0
 Etot   =   -318004.4687  EKtot   =     49207.7305  EPtot      =   -367212.1992
 BOND   =       385.1050  ANGLE   =      1293.8968  DIHED      =      1572.9071
 1-4 NB =       320.5455  1-4 EEL =     -3598.1813  VDWAALS    =     45924.0883
 EELEC  =   -413144.1235  EHBOND  =         0.0000  RESTRAINT  =        33.5628
 EAMBER (non-restraint)  =   -367245.7620
 EKCMT  =         0.0000  VIRIAL  =         0.0000  VOLUME     =    813812.1447
                                                    Density    =         1.0133
 ------------------------------------------------------------------------------


 NSTEP =    90000   TIME(PS) =    1330.000  TEMP(K) =   300.66  PRESS =     0.0
 Etot   =   -318037.5733  EKtot   =     49141.9297  EPtot      =   -367179.5030
 BOND   =       378.1266  ANGLE   =      1261.2911  DIHED      =      1582.4138
 1-4 NB =       327.9175  1-4 EEL =     -3605.1110  VDWAALS    =     45725.5394
 EELEC  =   -412884.0079  EHBOND  =         0.0000  RESTRAINT  =        34.3275
 EAMBER (non-restraint)  =   -367213.8305
 EKCMT  =         0.0000  VIRIAL  =         0.0000  VOLUME     =    813203.2459
                                                    Density    =         1.0140
 ------------------------------------------------------------------------------


 NSTEP =    92500   TIME(PS) =    1335.000  TEMP(K) =   298.88  PRESS =     0.0
 Etot   =   -317946.5691  EKtot   =     48850.9492  EPtot      =   -366797.5183
 BOND   =       362.1704  ANGLE   =      1255.2587  DIHED      =      1625.8244
 1-4 NB =       333.3383  1-4 EEL =     -3569.9748  VDWAALS    =     45417.7652
 EELEC  =   -412253.1849  EHBOND  =         0.0000  RESTRAINT  =        31.2844
 EAMBER (non-restraint)  =   -366828.8027
 EKCMT  =         0.0000  VIRIAL  =         0.0000  VOLUME     =    813499.6769
                                                    Density    =         1.0137
 ------------------------------------------------------------------------------


 NSTEP =    95000   TIME(PS) =    1340.000  TEMP(K) =   302.00  PRESS =     0.0
 Etot   =   -317399.6390  EKtot   =     49360.7930  EPtot      =   -366760.4319
 BOND   =       374.4964  ANGLE   =      1273.9339  DIHED      =      1582.5467
 1-4 NB =       322.7821  1-4 EEL =     -3595.0035  VDWAALS    =     45600.0111
 EELEC  =   -412353.2736  EHBOND  =         0.0000  RESTRAINT  =        34.0750
 EAMBER (non-restraint)  =   -366794.5069
 EKCMT  =         0.0000  VIRIAL  =         0.0000  VOLUME     =    815069.0945
                                                    Density    =         1.0117
 ------------------------------------------------------------------------------


 NSTEP =    97500   TIME(PS) =    1345.000  TEMP(K) =   300.73  PRESS =     0.0
 Etot   =   -318139.3629  EKtot   =     49153.7500  EPtot      =   -367293.1129
 BOND   =       341.8873  ANGLE   =      1286.0215  DIHED      =      1602.3871
 1-4 NB =       317.8760  1-4 EEL =     -3589.9301  VDWAALS    =     45486.1949
 EELEC  =   -412768.6909  EHBOND  =         0.0000  RESTRAINT  =        31.1413
 EAMBER (non-restraint)  =   -367324.2541
 EKCMT  =         0.0000  VIRIAL  =         0.0000  VOLUME     =    815322.5421
                                                    Density    =         1.0114
 ------------------------------------------------------------------------------


 NSTEP =   100000   TIME(PS) =    1350.000  TEMP(K) =   301.22  PRESS =     0.0
 Etot   =   -317271.3184  EKtot   =     49233.1016  EPtot      =   -366504.4199
 BOND   =       354.4470  ANGLE   =      1265.9384  DIHED      =      1607.9304
 1-4 NB =       316.3672  1-4 EEL =     -3588.3608  VDWAALS    =     45290.5446
 EELEC  =   -411782.6570  EHBOND  =         0.0000  RESTRAINT  =        31.3702
 EAMBER (non-restraint)  =   -366535.7902
 EKCMT  =         0.0000  VIRIAL  =         0.0000  VOLUME     =    814224.3625
                                                    Density    =         1.0128
 ------------------------------------------------------------------------------


 NSTEP =   102500   TIME(PS) =    1355.000  TEMP(K) =   298.37  PRESS =     0.0
 Etot   =   -318051.0358  EKtot   =     48768.3828  EPtot      =   -366819.4186
 BOND   =       363.4356  ANGLE   =      1278.1424  DIHED      =      1610.3706
 1-4 NB =       323.0245  1-4 EEL =     -3601.5556  VDWAALS    =     45588.1422
 EELEC  =   -412415.6140  EHBOND  =         0.0000  RESTRAINT  =        34.6358
 EAMBER (non-restraint)  =   -366854.0544
 EKCMT  =         0.0000  VIRIAL  =         0.0000  VOLUME     =    815319.8422
                                                    Density    =         1.0114
 ------------------------------------------------------------------------------


 NSTEP =   105000   TIME(PS) =    1360.000  TEMP(K) =   300.79  PRESS =     0.0
 Etot   =   -317796.2120  EKtot   =     49163.8203  EPtot      =   -366960.0323
 BOND   =       398.4298  ANGLE   =      1250.0238  DIHED      =      1594.6250
 1-4 NB =       321.7595  1-4 EEL =     -3586.1341  VDWAALS    =     45810.6176
 EELEC  =   -412782.9035  EHBOND  =         0.0000  RESTRAINT  =        33.5497
 EAMBER (non-restraint)  =   -366993.5819
 EKCMT  =         0.0000  VIRIAL  =         0.0000  VOLUME     =    814587.5121
                                                    Density    =         1.0123
 ------------------------------------------------------------------------------


 NSTEP =   107500   TIME(PS) =    1365.000  TEMP(K) =   298.56  PRESS =     0.0
 Etot   =   -318604.7421  EKtot   =     48798.9062  EPtot      =   -367403.6483
 BOND   =       360.0642  ANGLE   =      1222.5616  DIHED      =      1581.8841
 1-4 NB =       338.4351  1-4 EEL =     -3591.0520  VDWAALS    =     46199.8741
 EELEC  =   -413548.3562  EHBOND  =         0.0000  RESTRAINT  =        32.9407
 EAMBER (non-restraint)  =   -367436.5890
 EKCMT  =         0.0000  VIRIAL  =         0.0000  VOLUME     =    815805.7671
                                                    Density    =         1.0108
 ------------------------------------------------------------------------------


 NSTEP =   110000   TIME(PS) =    1370.000  TEMP(K) =   301.13  PRESS =     0.0
 Etot   =   -317895.3737  EKtot   =     49218.8789  EPtot      =   -367114.2526
 BOND   =       373.8098  ANGLE   =      1253.4344  DIHED      =      1576.6080
 1-4 NB =       332.2285  1-4 EEL =     -3583.5448  VDWAALS    =     46231.8383
 EELEC  =   -413328.6415  EHBOND  =         0.0000  RESTRAINT  =        30.0148
 EAMBER (non-restraint)  =   -367144.2674
 EKCMT  =         0.0000  VIRIAL  =         0.0000  VOLUME     =    815982.3616
                                                    Density    =         1.0106
 ------------------------------------------------------------------------------


 NSTEP =   112500   TIME(PS) =    1375.000  TEMP(K) =   299.81  PRESS =     0.0
 Etot   =   -317737.6839  EKtot   =     49003.5078  EPtot      =   -366741.1917
 BOND   =       370.5268  ANGLE   =      1271.2322  DIHED      =      1609.5468
 1-4 NB =       330.0333  1-4 EEL =     -3568.5673  VDWAALS    =     45856.4353
 EELEC  =   -412640.3663  EHBOND  =         0.0000  RESTRAINT  =        29.9676
 EAMBER (non-restraint)  =   -366771.1593
 EKCMT  =         0.0000  VIRIAL  =         0.0000  VOLUME     =    814879.5861
                                                    Density    =         1.0120
 ------------------------------------------------------------------------------


 NSTEP =   115000   TIME(PS) =    1380.000  TEMP(K) =   301.59  PRESS =     0.0
 Etot   =   -317645.8107  EKtot   =     49294.8672  EPtot      =   -366940.6779
 BOND   =       353.3184  ANGLE   =      1307.4647  DIHED      =      1619.6429
 1-4 NB =       330.7904  1-4 EEL =     -3574.5414  VDWAALS    =     45457.2320
 EELEC  =   -412469.2798  EHBOND  =         0.0000  RESTRAINT  =        34.6950
 EAMBER (non-restraint)  =   -366975.3729
 EKCMT  =         0.0000  VIRIAL  =         0.0000  VOLUME     =    814166.9879
                                                    Density    =         1.0128
 ------------------------------------------------------------------------------


 NSTEP =   117500   TIME(PS) =    1385.000  TEMP(K) =   299.47  PRESS =     0.0
 Etot   =   -318281.6362  EKtot   =     48948.0430  EPtot      =   -367229.6791
 BOND   =       373.7161  ANGLE   =      1283.7427  DIHED      =      1582.9981
 1-4 NB =       332.7944  1-4 EEL =     -3591.2278  VDWAALS    =     45797.4317
 EELEC  =   -413042.5050  EHBOND  =         0.0000  RESTRAINT  =        33.3707
 EAMBER (non-restraint)  =   -367263.0498
 EKCMT  =         0.0000  VIRIAL  =         0.0000  VOLUME     =    814342.1492
                                                    Density    =         1.0126
 ------------------------------------------------------------------------------


 NSTEP =   120000   TIME(PS) =    1390.000  TEMP(K) =   298.18  PRESS =     0.0
 Etot   =   -318304.1131  EKtot   =     48737.1914  EPtot      =   -367041.3045
 BOND   =       354.5542  ANGLE   =      1274.3379  DIHED      =      1602.2258
 1-4 NB =       312.6357  1-4 EEL =     -3592.4771  VDWAALS    =     45965.0512
 EELEC  =   -412995.2485  EHBOND  =         0.0000  RESTRAINT  =        37.6163
 EAMBER (non-restraint)  =   -367078.9208
 EKCMT  =         0.0000  VIRIAL  =         0.0000  VOLUME     =    812960.3181
                                                    Density    =         1.0144
 ------------------------------------------------------------------------------


 NSTEP =   122500   TIME(PS) =    1395.000  TEMP(K) =   299.84  PRESS =     0.0
 Etot   =   -318173.2067  EKtot   =     49007.9141  EPtot      =   -367181.1208
 BOND   =       390.1380  ANGLE   =      1252.5127  DIHED      =      1561.2297
 1-4 NB =       338.5581  1-4 EEL =     -3571.4391  VDWAALS    =     46102.7130
 EELEC  =   -413291.1307  EHBOND  =         0.0000  RESTRAINT  =        36.2977
 EAMBER (non-restraint)  =   -367217.4184
 EKCMT  =         0.0000  VIRIAL  =         0.0000  VOLUME     =    815205.1427
                                                    Density    =         1.0116
 ------------------------------------------------------------------------------


 NSTEP =   125000   TIME(PS) =    1400.000  TEMP(K) =   299.19  PRESS =     0.0
 Etot   =   -318118.7076  EKtot   =     48901.4297  EPtot      =   -367020.1373
 BOND   =       350.3143  ANGLE   =      1239.7806  DIHED      =      1601.1496
 1-4 NB =       335.8164  1-4 EEL =     -3545.2161  VDWAALS    =     45394.2502
 EELEC  =   -412432.3487  EHBOND  =         0.0000  RESTRAINT  =        36.1165
 EAMBER (non-restraint)  =   -367056.2538
 EKCMT  =         0.0000  VIRIAL  =         0.0000  VOLUME     =    814364.8461
                                                    Density    =         1.0126
 ------------------------------------------------------------------------------


      A V E R A G E S   O V E R      50 S T E P S


 NSTEP =   125000   TIME(PS) =    1400.000  TEMP(K) =   299.91  PRESS =     0.0
 Etot   =   -317929.8338  EKtot   =     49019.5146  EPtot      =   -366949.3484
 BOND   =       366.2629  ANGLE   =      1266.4109  DIHED      =      1595.0329
 1-4 NB =       327.5987  1-4 EEL =     -3594.1094  VDWAALS    =     45770.8051
 EELEC  =   -412711.9522  EHBOND  =         0.0000  RESTRAINT  =        30.6026
 EAMBER (non-restraint)  =   -366979.9510
 EKCMT  =         0.0000  VIRIAL  =         0.0000  VOLUME     =    813825.9336
                                                    Density    =         1.0133
 ------------------------------------------------------------------------------


      R M S  F L U C T U A T I O N S


 NSTEP =   125000   TIME(PS) =    1400.000  TEMP(K) =     1.04  PRESS =     0.0
 Etot   =       288.8670  EKtot   =       170.5686  EPtot      =       270.0456
 BOND   =        17.5894  ANGLE   =        22.6283  DIHED      =        16.5253
 1-4 NB =         6.9713  1-4 EEL =        17.0641  VDWAALS    =       292.5483
 EELEC  =       470.3664  EHBOND  =         0.0000  RESTRAINT  =         4.0256
 EAMBER (non-restraint)  =       266.0201
 EKCMT  =         0.0000  VIRIAL  =         0.0000  VOLUME     =      1095.0921
                                                    Density    =         0.0014
 ------------------------------------------------------------------------------

| MC Barostat:       1250 volume changes attempted.
| MC Barostat:        370 changes successful ( 29.60%)
 ------------------------------------------------------------------------------

--------------------------------------------------------------------------------
   5.  TIMINGS
--------------------------------------------------------------------------------

|  NonSetup CPU Time in Major Routines:
|
|     Routine           Sec        %
|     ------------------------------
|     Nonbond          12.22   10.21
|     Bond              0.00    0.00
|     Angle             0.00    0.00
|     Dihedral          0.00    0.00
|     Shake             0.55    0.46
|     RunMD           104.61   87.38
|     Other             2.34    1.95
|     ------------------------------
|     Total           119.72

|  PME Nonbond Pairlist CPU Time:
|
|     Routine              Sec        %
|     ---------------------------------
|     Set Up Cit           0.00    0.00
|     Build List           0.00    0.00
|     ---------------------------------
|     Total                0.00    0.00

|  PME Direct Force CPU Time:
|
|     Routine              Sec        %
|     ---------------------------------
|     NonBonded Calc       0.00    0.00
|     Exclude Masked       0.00    0.00
|     Other                0.14    0.12
|     ---------------------------------
|     Total                0.14    0.12

|  PME Reciprocal Force CPU Time:
|
|     Routine              Sec        %
|     ---------------------------------
|     1D bspline           0.00    0.00
|     Grid Charges         0.00    0.00
|     Scalar Sum           0.00    0.00
|     Gradient Sum         0.00    0.00
|     FFT                  0.00    0.00
|     ---------------------------------
|     Total                0.00    0.00

|  Final Performance Info:
|     -----------------------------------------------------
|     Average timings for last   60000 steps:
|     Elapsed(s) =      57.56 Per Step(ms) =       0.96
|         ns/day =     180.14   seconds/ns =     479.64
|
|     Average timings for all steps:
|     Elapsed(s) =     120.10 Per Step(ms) =       0.96
|         ns/day =     179.84   seconds/ns =     480.42
|     -----------------------------------------------------

|  Setup CPU time:            1.04 seconds
|  NonSetup CPU time:       119.72 seconds
|  Total CPU time:          120.76 seconds     0.03 hours

|  Setup wall time:           1    seconds
|  NonSetup wall time:      120    seconds
|  Total wall time:         121    seconds     0.03 hours
