WARNING: Search space volume is greater than 27000 Angstrom^3 (See FAQ)
[prep] receptor A_1xq8.pdbqt ready
[prep] receptor C_we_bound.pdbqt ready
[prep] using ligand at /home/anugraha/IDP/docking/ligand/fasudil.pdbqt

[boxes]
  A_biased  center=[209.4 -48.  -14. ]  size=[22.0, 22.0, 22.0]
  A_blind   center=[233.9  32.5 -15.1]  size=[50.0, 50.0, 50.0]
  C_biased  center=[15.5 25.1 35. ]  size=[22.0, 22.0, 22.0]

[dock] === A_biased ===
  wrote /home/anugraha/IDP/docking/poses/A_biased.pdbqt
  energies (top 20, kcal/mol): [-3.45, -3.42, -3.4, -3.38, -3.33, -3.33, -3.26, -3.26, -3.22, -3.22, -3.2, -3.16, -3.14, -3.1, -3.08, -3.06, -3.0, -2.87, -2.83, -2.8]
  split into individual pose PDBs (0)

[dock] === A_blind ===
  wrote /home/anugraha/IDP/docking/poses/A_blind.pdbqt
  energies (top 20, kcal/mol): [-2.9, -2.9, -2.84, -2.71, -2.65, -2.63, -2.58, -2.55, -2.5, -2.48, -2.47, -2.45, -2.44, -2.43, -2.35, -2.3, -2.3, -2.29, -2.25, -2.24]
  split into individual pose PDBs (0)

[dock] === C_biased ===
  wrote /home/anugraha/IDP/docking/poses/C_biased.pdbqt
  energies (top 20, kcal/mol): [-3.5, -3.36, -3.34, -3.31, -3.17, -3.16, -3.14, -3.06, -3.05, -3.04, -2.98, -2.96, -2.95, -2.95, -2.92, -2.91, -2.84, -2.83, -2.72, -2.6]
  split into individual pose PDBs (0)

[done] summary written to /home/anugraha/IDP/docking/summary.txt
[done] top poses in /home/anugraha/IDP/docking/poses/
