Build+equil job 794329 on sapphire-0 at Fri May 15 21:47:09 UTC 2026
GPU 0: NVIDIA A100-SXM4-80GB (UUID: GPU-b7b4c9bc-a6b0-8bd2-075e-e3d9f299f47f)
=== Place fasudil ===
α-syn max extent from COM: 94.0 Å
Placing fasudil COM at 104.0 Å from α-syn COM along +x axis
min α-syn-fasudil heavy-atom distance: 79.57 Å (target ~ 10)
wrote /home/anugraha/IDP/build/asyn_fasudil_placed.pdb
=== tleap: 1XQ8 + fasudil + TIP4P-D + 0.1 M NaCl ===
-I: Adding /software/amber/24/ucdhpc-20.04/ambertools25/dat/leap/prep to search path.
-I: Adding /software/amber/24/ucdhpc-20.04/ambertools25/dat/leap/lib to search path.
-I: Adding /software/amber/24/ucdhpc-20.04/ambertools25/dat/leap/parm to search path.
-I: Adding /software/amber/24/ucdhpc-20.04/ambertools25/dat/leap/cmd to search path.
-s: Ignoring all leaprc startup files.
-f: Source /home/anugraha/IDP/scripts/build_complex.tleap.

Welcome to LEaP!
Sourcing: /home/anugraha/IDP/scripts/build_complex.tleap
/home/anugraha/IDP/inputs/ff/Force-Fields/Amber_FFs/a99SBdisp/cmd added to file search path.
/home/anugraha/IDP/inputs/ff/Force-Fields/Amber_FFs/a99SBdisp/parm added to file search path.
/home/anugraha/IDP/inputs/ff/Force-Fields/Amber_FFs/a99SBdisp/lib added to file search path.
----- Source: /home/anugraha/IDP/inputs/ff/Force-Fields/Amber_FFs/a99SBdisp/cmd/leaprc.protein.ff99SBdisp
----- Source of /home/anugraha/IDP/inputs/ff/Force-Fields/Amber_FFs/a99SBdisp/cmd/leaprc.protein.ff99SBdisp done
Log file: ./leap.log
Loading parameters: /software/amber/24/ucdhpc-20.04/ambertools25/dat/leap/parm/parm99.dat
Reading title:
PARM99 for DNA,RNA,AA, organic molecules, Polariz.& LP incl.02/04/99
Loading parameters: /home/anugraha/IDP/inputs/ff/Force-Fields/Amber_FFs/a99SBdisp/parm/frcmod.ff99SBdisp
Reading force field modification type file (frcmod)
Reading title:
Modification/update of parm99.dat (Hornak & Simmerling) + ILDN corrections
Loading library: /home/anugraha/IDP/inputs/ff/Force-Fields/Amber_FFs/a99SBdisp/lib/all_amino94disp.lib
Loading library: /home/anugraha/IDP/inputs/ff/Force-Fields/Amber_FFs/a99SBdisp/lib/all_aminoct94disp.lib
Loading library: /home/anugraha/IDP/inputs/ff/Force-Fields/Amber_FFs/a99SBdisp/lib/all_aminont94disp.lib
Loading library: /software/amber/24/ucdhpc-20.04/ambertools25/dat/leap/lib/ions94.lib
Loading library: /software/amber/24/ucdhpc-20.04/ambertools25/dat/leap/lib/solvents.lib
----- Source: /home/anugraha/IDP/inputs/ff/Force-Fields/Amber_FFs/a99SBdisp/cmd/leaprc.water.tip4pd_disp
----- Source of /home/anugraha/IDP/inputs/ff/Force-Fields/Amber_FFs/a99SBdisp/cmd/leaprc.water.tip4pd_disp done
Loading library: /software/amber/24/ucdhpc-20.04/ambertools25/dat/leap/lib/atomic_ions.lib
Loading library: /software/amber/24/ucdhpc-20.04/ambertools25/dat/leap/lib/solvents.lib
Loading library: /home/anugraha/IDP/inputs/ff/Force-Fields/Amber_FFs/a99SBdisp/lib/tip4pdbox_disp.off
Loading parameters: /home/anugraha/IDP/inputs/ff/Force-Fields/Amber_FFs/a99SBdisp/parm/frcmod.tip4pd_disp
Reading force field modification type file (frcmod)
Reading title:
This is the additional/replacement parameter set for TIP4P-D, modified from TIP4PEW.
Loading parameters: /software/amber/24/ucdhpc-20.04/ambertools25/dat/leap/parm/frcmod.ions_charmm22
Reading force field modification type file (frcmod)
Reading title:
Ion parameters from CHARMM22. Beglov D & Roux B (1994) J. Chem. Phys. 100, 9050-9063.
----- Source: /software/amber/24/ucdhpc-20.04/ambertools25/dat/leap/cmd/leaprc.gaff2
----- Source of /software/amber/24/ucdhpc-20.04/ambertools25/dat/leap/cmd/leaprc.gaff2 done
Log file: ./leap.log
Loading parameters: /software/amber/24/ucdhpc-20.04/ambertools25/dat/leap/parm/gaff2.dat
Reading title:
AMBER General Force Field for organic molecules (Version 2.2.20, March 2021)
Using ArgH and AspGluO modified Bondi2 radii
Loading parameters: /home/anugraha/IDP/inputs/ligand/ac_work/fasudil_gaff2.frcmod
Reading force field modification type file (frcmod)
Reading title:
Remark line goes here
Loading Mol2 file: /home/anugraha/IDP/inputs/ligand/ac_work/fasudil_gaff2.mol2
Reading MOLECULE named FAS
Loading PDB file: /home/anugraha/IDP/build/asyn_fasudil_placed.pdb
 (starting new molecule for chain L)
-- residue 141: duplicate [ C] atoms (total 14)
-- residue 141: duplicate [ H] atoms (total 18)
-- residue 141: duplicate [ N] atoms (total 3)
-- residue 141: duplicate [ O] atoms (total 2)

/software/amber/24/ucdhpc-20.04/ambertools25/bin/teLeap: Warning!
Atom names in each residue should be unique.
     (Same-name atoms are handled by using the first
      occurrence and by ignoring the rest.
      Many instances of duplicate atom names usually come
      from alternate conformations in the PDB file.)

Created a new atom named: C within residue: .R<FAS 141>
Created a new atom named: N within residue: .R<FAS 141>
Created a new atom named: S within residue: .R<FAS 141>
Created a new atom named: O within residue: .R<FAS 141>
Created a new atom named: H within residue: .R<FAS 141>
  Added missing heavy atom: .R<FAS 141>.A<C14 20>
  Added missing heavy atom: .R<FAS 141>.A<N3 19>
  Added missing heavy atom: .R<FAS 141>.A<C10 15>
  Added missing heavy atom: .R<FAS 141>.A<C13 18>
  Added missing heavy atom: .R<FAS 141>.A<C9 14>
  Added missing heavy atom: .R<FAS 141>.A<C11 16>
  Added missing heavy atom: .R<FAS 141>.A<C12 17>
  Added missing heavy atom: .R<FAS 141>.A<C8 13>
  Added missing heavy atom: .R<FAS 141>.A<C6 11>
  Added missing heavy atom: .R<FAS 141>.A<C7 12>
  Added missing heavy atom: .R<FAS 141>.A<S1 8>
  Added missing heavy atom: .R<FAS 141>.A<N2 6>
  Added missing heavy atom: .R<FAS 141>.A<O1 9>
  Added missing heavy atom: .R<FAS 141>.A<O2 10>
  Added missing heavy atom: .R<FAS 141>.A<C4 5>
  Added missing heavy atom: .R<FAS 141>.A<C5 7>
  Added missing heavy atom: .R<FAS 141>.A<C3 4>
  Added missing heavy atom: .R<FAS 141>.A<C1 1>
  Added missing heavy atom: .R<FAS 141>.A<N1 3>
  Added missing heavy atom: .R<FAS 141>.A<C2 2>
  total atoms in file: 1051
  Leap added 1041 missing atoms according to residue templates:
       20 Heavy
       1021 H / lone pairs
  The file contained 5 atoms not in residue templates
Solvent has no box, so preparing by making box including vdw
(Use 'setBox centers' first if box was pre-equilibrated)
 (using default radius 1.500000 for C)
 (using default radius 1.500000 for N)
 (using default radius 1.500000 for S)
 (using default radius 1.500000 for O)
  Solute vdw bounding box:              290.297 202.625 44.072
  Total bounding box for atom centers:  310.297 310.297 310.297
      (box expansion for 'iso' is 575.0%)
  Solvent unit box:                     3.733 3.703 3.553
