-I: Adding /software/amber/24/ucdhpc-20.04/ambertools25/dat/leap/prep to search path.
-I: Adding /software/amber/24/ucdhpc-20.04/ambertools25/dat/leap/lib to search path.
-I: Adding /software/amber/24/ucdhpc-20.04/ambertools25/dat/leap/parm to search path.
-I: Adding /software/amber/24/ucdhpc-20.04/ambertools25/dat/leap/cmd to search path.
-s: Ignoring all leaprc startup files.
-f: Source /home/anugraha/IDP/scripts/build_asyn_extended.tleap.

Welcome to LEaP!
Sourcing: /home/anugraha/IDP/scripts/build_asyn_extended.tleap
/home/anugraha/IDP/inputs/ff/Force-Fields/Amber_FFs/a99SBdisp/cmd added to file search path.
/home/anugraha/IDP/inputs/ff/Force-Fields/Amber_FFs/a99SBdisp/parm added to file search path.
/home/anugraha/IDP/inputs/ff/Force-Fields/Amber_FFs/a99SBdisp/lib added to file search path.
----- Source: /home/anugraha/IDP/inputs/ff/Force-Fields/Amber_FFs/a99SBdisp/cmd/leaprc.protein.ff99SBdisp
----- Source of /home/anugraha/IDP/inputs/ff/Force-Fields/Amber_FFs/a99SBdisp/cmd/leaprc.protein.ff99SBdisp done
Log file: ./leap.log
Loading parameters: /software/amber/24/ucdhpc-20.04/ambertools25/dat/leap/parm/parm99.dat
Reading title:
PARM99 for DNA,RNA,AA, organic molecules, Polariz.& LP incl.02/04/99
Loading parameters: /home/anugraha/IDP/inputs/ff/Force-Fields/Amber_FFs/a99SBdisp/parm/frcmod.ff99SBdisp
Reading force field modification type file (frcmod)
Reading title:
Modification/update of parm99.dat (Hornak & Simmerling) + ILDN corrections
Loading library: /home/anugraha/IDP/inputs/ff/Force-Fields/Amber_FFs/a99SBdisp/lib/all_amino94disp.lib
Loading library: /home/anugraha/IDP/inputs/ff/Force-Fields/Amber_FFs/a99SBdisp/lib/all_aminoct94disp.lib
Loading library: /home/anugraha/IDP/inputs/ff/Force-Fields/Amber_FFs/a99SBdisp/lib/all_aminont94disp.lib
Loading library: /software/amber/24/ucdhpc-20.04/ambertools25/dat/leap/lib/ions94.lib
Loading library: /software/amber/24/ucdhpc-20.04/ambertools25/dat/leap/lib/solvents.lib
----- Source: /home/anugraha/IDP/inputs/ff/Force-Fields/Amber_FFs/a99SBdisp/cmd/leaprc.water.tip4pd_disp
----- Source of /home/anugraha/IDP/inputs/ff/Force-Fields/Amber_FFs/a99SBdisp/cmd/leaprc.water.tip4pd_disp done
Loading library: /software/amber/24/ucdhpc-20.04/ambertools25/dat/leap/lib/atomic_ions.lib
Loading library: /software/amber/24/ucdhpc-20.04/ambertools25/dat/leap/lib/solvents.lib
Loading library: /home/anugraha/IDP/inputs/ff/Force-Fields/Amber_FFs/a99SBdisp/lib/tip4pdbox_disp.off
Loading parameters: /home/anugraha/IDP/inputs/ff/Force-Fields/Amber_FFs/a99SBdisp/parm/frcmod.tip4pd_disp
Reading force field modification type file (frcmod)
Reading title:
This is the additional/replacement parameter set for TIP4P-D, modified from TIP4PEW.
Loading parameters: /software/amber/24/ucdhpc-20.04/ambertools25/dat/leap/parm/frcmod.ions_charmm22
Reading force field modification type file (frcmod)
Reading title:
Ion parameters from CHARMM22. Beglov D & Roux B (1994) J. Chem. Phys. 100, 9050-9063.
Writing pdb file: /home/anugraha/IDP/build/asyn_extended.pdb
Checking Unit.

/software/amber/24/ucdhpc-20.04/ambertools25/bin/teLeap: Warning!
The unperturbed charge of the unit (-9.000015) is not zero.

/software/amber/24/ucdhpc-20.04/ambertools25/bin/teLeap: Note.
Ignoring the warning from Unit Checking.

Building topology.
Building atom parameters.
Building bond parameters.
Building angle parameters.
Building proper torsion parameters.
Building improper torsion parameters.
 total 360 improper torsions applied
Building H-Bond parameters.
Incorporating Non-Bonded adjustments.
Not Marking per-residue atom chain types.
Marking per-residue atom chain types.
 (no restraints)
Total unperturbed charge:  -9.000015
Total perturbed charge:    -9.000015
	Quit

Exiting LEaP: Errors = 0; Warnings = 1; Notes = 1.
