            --------------------------------------------------------
                             AMBER SQM VERSION 19
 
                                     By
              Ross C. Walker, Michael F. Crowley, Scott Brozell,
                         Tim Giese, Andreas W. Goetz,
                        Tai-Sung Lee and David A. Case
 
            --------------------------------------------------------
 

--------------------------------------------------------------------------------
  QM CALCULATION INFO
--------------------------------------------------------------------------------

| QMMM: Citation for AMBER QMMM Run:
| QMMM: R.C. Walker, M.F. Crowley and D.A. Case, J. COMP. CHEM. 29:1019, 2008

QMMM: SINGLET STATE CALCULATION
QMMM: RHF CALCULATION, NO. OF DOUBLY OCCUPIED LEVELS = 53

| QMMM: *** Selected Hamiltonian *** 
| QMMM: AM1         

| QMMM: *** Parameter sets in use ***
| QMMM: C : M.J.S.DEWAR et al. JACS, 107, 3902, (1985)
| QMMM: N : M.J.S.DEWAR et al. JACS, 107, 3902, (1985)
| QMMM: S : M.J.S.DEWAR et al. INORG. CHEM., 29, 3881, (1990)
| QMMM: O : M.J.S.DEWAR et al. JACS, 107, 3902, (1985)
| QMMM: H : M.J.S.DEWAR et al. JACS, 107, 3902, (1985)

| QMMM: *** SCF convergence criteria ***
| QMMM: Energy change                :  0.1D-09 kcal/mol
| QMMM: Error matrix |FP-PF|         :  0.1D+00 au
| QMMM: Density matrix change        :  0.5D-06
| QMMM: Maximum number of SCF cycles :     1000

| QMMM: *** Diagonalization Routine Information ***
| QMMM: Pseudo diagonalizations are allowed.
| QMMM: Auto diagonalization routine selection is in use.
| QMMM:
| QMMM: Timing diagonalization routines:
| QMMM:                              norbs =       98
| QMMM:    diag iterations used for timing =       15
| QMMM:
| QMMM:              Internal diag routine = 0.049173 seconds
| QMMM:                 Dspev diag routine = 0.080080 seconds
| QMMM:                Dspevd diag routine = 0.039614 seconds
| QMMM:                Dspevx diag routine = 0.099524 seconds
| QMMM:                 Dsyev diag routine = 0.066268 seconds
| QMMM:                Dsyevd diag routine = 0.104895 seconds
| QMMM:                Dsyevr diag routine = 0.045697 seconds
| QMMM:
| QMMM:                Pseudo diag routine = 0.012915 seconds
| QMMM:
| QMMM: Using dspevd routine (diag_routine=3).

  QMMM: QM Region Cartesian Coordinates (*=link atom) 
  QMMM: QM_NO.   MM_NO.  ATOM         X         Y         Z
  QMMM:     1        1      C       -3.2910    1.6040    0.3570
  QMMM:     2        2      C       -3.9540    0.2360    0.4040
  QMMM:     3        3      N       -2.9770   -0.8650    0.1350
  QMMM:     4        4      C       -2.1320   -1.2740    1.3130
  QMMM:     5        5      C       -0.8400   -0.4400    1.3940
  QMMM:     6        6      N       -0.9770    0.8690    0.6700
  QMMM:     7        7      C       -2.0650    1.7270    1.2520
  QMMM:     8        8      S        0.5230    1.7480    0.5310
  QMMM:     9        9      O        0.2210    2.9410   -0.2280
  QMMM:    10       10      O        1.0560    1.8210    1.8700
  QMMM:    11       11      C        1.4910    0.6730   -0.5160
  QMMM:    12       12      C        1.1360    0.7090   -1.8800
  QMMM:    13       13      C        1.7860   -0.1020   -2.8000
  QMMM:    14       14      C        2.7920   -0.9570   -2.3650
  QMMM:    15       15      C        3.1690   -1.0000   -1.0120
  QMMM:    16       16      C        2.5410   -0.1730   -0.0470
  QMMM:    17       17      C        3.0290   -0.2870    1.2790
  QMMM:    18       18      C        4.0460   -1.1830    1.5800
  QMMM:    19       19      N        4.6180   -1.9880    0.6730
  QMMM:    20       20      C        4.1820   -1.8670   -0.5970
  QMMM:    21       21      H       -3.0130    1.8360   -0.6790
  QMMM:    22       22      H       -4.0310    2.3560    0.6570
  QMMM:    23       23      H       -4.7180    0.1650   -0.3770
  QMMM:    24       24      H       -4.4320    0.0370    1.3690
  QMMM:    25       25      H       -2.3420   -0.5590   -0.6190
  QMMM:    26       26      H       -3.4830   -1.6850   -0.2230
  QMMM:    27       27      H       -2.7410   -1.1720    2.2170
  QMMM:    28       28      H       -1.8940   -2.3350    1.1810
  QMMM:    29       29      H       -0.0510   -1.0290    0.9180
  QMMM:    30       30      H       -0.5600   -0.2860    2.4420
  QMMM:    31       31      H       -1.7690    2.7800    1.2870
  QMMM:    32       32      H       -2.2920    1.4330    2.2840
  QMMM:    33       33      H        0.3600    1.3860   -2.2360
  QMMM:    34       34      H        1.5240   -0.0610   -3.8550
  QMMM:    35       35      H        3.2970   -1.5850   -3.0980
  QMMM:    36       36      H        2.6610    0.3140    2.1020
  QMMM:    37       37      H        4.4360   -1.2700    2.5910
  QMMM:    38       38      H        4.6940   -2.5180   -1.3030

--------------------------------------------------------------------------------
  RESULTS
--------------------------------------------------------------------------------

      iter         sqm energy              rms gradient
      ----    -------------------    -----------------------
xmin    10      147.0839 kcal/mol        0.6421 kcal/(mol*A)
xmin    20      146.6567 kcal/mol        0.4466 kcal/(mol*A)
xmin    30      146.5537 kcal/mol        0.2894 kcal/(mol*A)
xmin    40      146.3665 kcal/mol        0.5243 kcal/(mol*A)
xmin    50      145.8625 kcal/mol        0.4888 kcal/(mol*A)
xmin    60      145.5865 kcal/mol        0.5812 kcal/(mol*A)
xmin    70      145.4407 kcal/mol        0.2988 kcal/(mol*A)
xmin    80      145.3048 kcal/mol        0.4522 kcal/(mol*A)
xmin    90      145.1274 kcal/mol        0.6408 kcal/(mol*A)
xmin   100      144.5440 kcal/mol        0.4895 kcal/(mol*A)
xmin   110      144.0137 kcal/mol        0.3692 kcal/(mol*A)
xmin   120      143.8718 kcal/mol        0.1075 kcal/(mol*A)
xmin   130      143.7950 kcal/mol        0.2916 kcal/(mol*A)
xmin   140      143.4507 kcal/mol        0.1301 kcal/(mol*A)
xmin   150      143.3866 kcal/mol        0.3285 kcal/(mol*A)
xmin   160      143.3222 kcal/mol        0.1863 kcal/(mol*A)
xmin   170      143.3054 kcal/mol        0.0557 kcal/(mol*A)
xmin   180      143.2989 kcal/mol        0.1860 kcal/(mol*A)
xmin   190      143.2913 kcal/mol        0.0243 kcal/(mol*A)
xmin   200      143.2904 kcal/mol        0.0051 kcal/(mol*A)
xmin   210      143.2903 kcal/mol        0.0009 kcal/(mol*A)
  ... geometry converged !
 
 Final MO eigenvalues (eV):
 -45.3827  -44.2094  -41.5160  -41.1268  -40.8159  -40.3442  -38.0348  -37.0307
 -35.2448  -33.7365  -33.4375  -31.5874  -28.4793  -27.7283  -27.5142  -27.1607
 -26.6145  -24.3064  -23.4444  -22.9527  -22.3612  -22.1125  -21.9732  -21.3199
 -20.7942  -20.3725  -20.0617  -19.4312  -19.1482  -19.0047  -18.8509  -18.5257
 -18.2435  -18.1052  -18.0345  -17.9192  -17.5055  -17.0067  -16.8430  -16.7305
 -16.4320  -16.2702  -16.1525  -16.0502  -15.8732  -15.7824  -15.6852  -15.0318
 -14.5049  -14.1663  -13.8743  -13.3165  -12.6198   -4.3040   -3.8673   -3.6569
  -3.3748   -2.7708   -1.7916   -1.7760   -1.7142   -1.5342   -1.3424   -1.0263
  -0.9520   -0.7505   -0.6950   -0.6148   -0.5441   -0.4537   -0.2772   -0.0741
  -0.0526    0.0370    0.1230    0.2326    0.2528    0.3147    0.4135    0.4281
   0.4644    0.4837    0.5325    0.7403    0.8287    0.9400    1.0359    1.1814
   1.2251    1.3330    1.6082    1.6410    1.6646    1.7911    1.9971    2.2219
   2.4101    3.5420

 Heat of formation   =        143.29032996 kcal/mol  (        6.21353497 eV)

 Total SCF energy    =     -80451.87312914 kcal/mol  (    -3488.65500755 eV)
 Electronic energy   =    -589851.44279356 kcal/mol  (   -25577.87792349 eV)
 Core-core repulsion =     509399.56966442 kcal/mol  (    22089.22291594 eV)
 
    Atomic Charges for Step       1 :
  Atom    Element       Mulliken Charge
     1      C                 -0.206
     2      C                 -0.121
     3      N                 -0.031
     4      C                 -0.161
     5      C                 -0.031
     6      N                 -0.828
     7      C                 -0.024
     8      S                  2.851
     9      O                 -0.899
    10      O                 -0.916
    11      C                 -0.860
    12      C                  0.036
    13      C                 -0.164
    14      C                 -0.010
    15      C                 -0.136
    16      C                  0.087
    17      C                 -0.276
    18      C                 -0.050
    19      N                 -0.133
    20      C                 -0.004
    21      H                  0.112
    22      H                  0.145
    23      H                  0.140
    24      H                  0.146
    25      H                  0.260
    26      H                  0.244
    27      H                  0.145
    28      H                  0.149
    29      H                  0.158
    30      H                  0.114
    31      H                  0.122
    32      H                  0.109
    33      H                  0.180
    34      H                  0.169
    35      H                  0.161
    36      H                  0.164
    37      H                  0.172
    38      H                  0.184
 Total Mulliken Charge =       1.000
 
                  X        Y        Z     TOTAL  
  QM DIPOLE    -7.792   -5.713    1.042    9.718
 
 Final Structure

  QMMM: QM Region Cartesian Coordinates (*=link atom) 
  QMMM: QM_NO.   MM_NO.  ATOM         X         Y         Z
  QMMM:     1        1      C       -2.1951    0.0310   -0.4748
  QMMM:     2        2      C       -2.6005   -1.0203    0.5457
  QMMM:     3        3      N       -1.4625   -1.4954    1.3938
  QMMM:     4        4      C       -1.2763   -0.7087    2.6457
  QMMM:     5        5      C       -1.2832    0.8282    2.4605
  QMMM:     6        6      N       -0.8229    1.2981    1.1911
  QMMM:     7        7      C       -1.8147    1.3732    0.1531
  QMMM:     8        8      S        0.6852    1.9995    1.0285
  QMMM:     9        9      O        0.5328    3.3661    0.7679
  QMMM:    10       10      O        1.4160    1.6202    2.1666
  QMMM:    11       11      C        1.2587    1.2509   -0.3661
  QMMM:    12       12      C        1.3663    2.0213   -1.5181
  QMMM:    13       13      C        1.8424    1.4929   -2.7331
  QMMM:    14       14      C        2.2102    0.1684   -2.8087
  QMMM:    15       15      C        2.1266   -0.6529   -1.6578
  QMMM:    16       16      C        1.6810   -0.1094   -0.4227
  QMMM:    17       17      C        1.6960   -0.9753    0.7103
  QMMM:    18       18      C        2.1102   -2.2881    0.5562
  QMMM:    19       19      N        2.4901   -2.8350   -0.6393
  QMMM:    20       20      C        2.5109   -2.0370   -1.6949
  QMMM:    21       21      H       -1.3574   -0.3489   -1.1180
  QMMM:    22       22      H       -3.0807    0.2020   -1.1472
  QMMM:    23       23      H       -3.0142   -1.9214    0.0052
  QMMM:    24       24      H       -3.3985   -0.6103    1.2289
  QMMM:    25       25      H       -0.5885   -1.4445    0.8416
  QMMM:    26       26      H       -1.6234   -2.4756    1.6495
  QMMM:    27       27      H       -2.1031   -0.9814    3.3617
  QMMM:    28       28      H       -0.2892   -1.0279    3.0923
  QMMM:    29       29      H       -0.6211    1.2399    3.2837
  QMMM:    30       30      H       -2.3351    1.1928    2.6534
  QMMM:    31       31      H       -1.4189    2.0423   -0.6682
  QMMM:    32       32      H       -2.7549    1.8575    0.5528
  QMMM:    33       33      H        1.0764    3.0925   -1.4882
  QMMM:    34       34      H        1.9211    2.1519   -3.6134
  QMMM:    35       35      H        2.5798   -0.2658   -3.7533
  QMMM:    36       36      H        1.4997   -0.5721    1.7168
  QMMM:    37       37      H        2.1821   -2.9773    1.4192
  QMMM:    38       38      H        2.8546   -2.4824   -2.6498

           --------- Calculation Completed ----------

